New log file opened at Thu Jul 09 14:56:54 CEST 2015 by 12140@Shumail-Laptop
Sending msg to client play-fork-run-8d13f54c-6083-4fef-937a-ab55b19cbf0d: DetachedLogEvent(LogMessage(debug,sbt server socket logs are in: F:\LMU\GCA-Web\.sbtserver\connections\master.log))
Sending msg to client play-fork-run-8d13f54c-6083-4fef-937a-ab55b19cbf0d: DetachedLogEvent(LogMessage(debug,sbt general server logs are in: F:\LMU\GCA-Web\.sbtserver\master.log))
Sending msg to client play-fork-run-8d13f54c-6083-4fef-937a-ab55b19cbf0d: DetachedLogEvent(LogMessage(debug,sbt client logs are in: F:\LMU\GCA-Web\.sbtserver\connections\play-fork-run-8d13f54c-6083-4fef-937a-ab55b19cbf0d.log))
Reading next message from client.
Got request: DaemonRequest(true)
Reading next message from client.
Sending msg to client play-fork-run-8d13f54c-6083-4fef-937a-ab55b19cbf0d: (3,ReceivedResponse())
Got request: ListenToEvents()
Reading next message from client.
Sending msg to client play-fork-run-8d13f54c-6083-4fef-937a-ab55b19cbf0d: BackgroundJobStarted(205,BackgroundJobInfo(22,backgroundRun,AttributeKey[sbt.BackgroundJobHandle]("backgroundRun") in Scope(Build: file:/F:/LMU/GCA-Web/, , Project: ProjectReference(file:/F:/LMU/GCA-Web/,GCA-Web), Config: compile)))
Sending msg to client play-fork-run-8d13f54c-6083-4fef-937a-ab55b19cbf0d: BackgroundJobStarted(191,BackgroundJobInfo(21,backgroundRun,AttributeKey[sbt.BackgroundJobHandle]("backgroundRun") in Scope(Build: file:/F:/LMU/GCA-Web/, , Project: ProjectReference(file:/F:/LMU/GCA-Web/,GCA-Web), Config: compile)))
Sending msg to client play-fork-run-8d13f54c-6083-4fef-937a-ab55b19cbf0d: (4,ReceivedResponse())
Got request: KeyLookupRequest(GCA-Web/playForkConfig)
Reading next message from client.
Sending msg to client play-fork-run-8d13f54c-6083-4fef-937a-ab55b19cbf0d: (5,KeyLookupResponse(GCA-Web/playForkConfig,Vector(AttributeKey[play.forkrun.protocol.ForkConfig]("playForkConfig") in Scope(Build: file:/F:/LMU/GCA-Web/, , Project: ProjectReference(file:/F:/LMU/GCA-Web/,GCA-Web)))))
Sending msg to client play-fork-run-8d13f54c-6083-4fef-937a-ab55b19cbf0d: ExecutionWaiting(206,compile,ClientInfo(308a4040-ddd5-4d64-805d-557b9bdb99f8,activator,Activator,3,Vector()))
Sending msg to client play-fork-run-8d13f54c-6083-4fef-937a-ab55b19cbf0d: ExecutionStarting(206)
Sending msg to client play-fork-run-8d13f54c-6083-4fef-937a-ab55b19cbf0d: DetachedLogEvent(LogMessage(debug,> compile))
Sending msg to client play-fork-run-8d13f54c-6083-4fef-937a-ab55b19cbf0d: DetachedLogEvent(LogMessage(debug,Evaluating tasks: compile:compile))
Sending msg to client play-fork-run-8d13f54c-6083-4fef-937a-ab55b19cbf0d: DetachedLogEvent(LogMessage(debug,Running task... Cancel: sbt.server.ServerTaskCancellation@5fa6802b, check cycles: false))
Sending msg to client play-fork-run-8d13f54c-6083-4fef-937a-ab55b19cbf0d: DetachedLogEvent(LogMessage(debug,cancel strategy start enabled=true lastCommand=Some(LastCommand(CommandExecutionWork(ExecutionId(206),compile,Set(LiveClient(activator 308a4040-ddd5-4d64-805d-557b9bdb99f8)),sbt.server.WorkCancellationStatus$$anon$1@344e0bea)))))
Sending msg to client play-fork-run-8d13f54c-6083-4fef-937a-ab55b19cbf0d: TaskStarted(206,17331,None)
Sending msg to client play-fork-run-8d13f54c-6083-4fef-937a-ab55b19cbf0d: TaskStarted(206,17332,None)
Sending msg to client play-fork-run-8d13f54c-6083-4fef-937a-ab55b19cbf0d: TaskStarted(206,17335,None)
Sending msg to client play-fork-run-8d13f54c-6083-4fef-937a-ab55b19cbf0d: TaskStarted(206,17336,None)
Sending msg to client play-fork-run-8d13f54c-6083-4fef-937a-ab55b19cbf0d: TaskStarted(206,17340,None)
Sending msg to client play-fork-run-8d13f54c-6083-4fef-937a-ab55b19cbf0d: TaskStarted(206,17341,Some(AttributeKey[java.lang.String]("updateCacheName") in Scope(Build: file:/F:/LMU/GCA-Web/, , Project: ProjectReference(file:/F:/LMU/GCA-Web/,GCA-Web))))
Sending msg to client play-fork-run-8d13f54c-6083-4fef-937a-ab55b19cbf0d: TaskStarted(206,17350,Some(AttributeKey[scala.collection.Seq[sbt.Resolver]]("externalResolvers") in Scope(Build: file:/F:/LMU/GCA-Web/, , Project: ProjectReference(file:/F:/LMU/GCA-Web/,GCA-Web))))
Sending msg to client play-fork-run-8d13f54c-6083-4fef-937a-ab55b19cbf0d: TaskStarted(206,17351,Some(AttributeKey[scala.Option[scala.collection.Seq[sbt.Resolver]]]("bootResolvers") in Scope(Build: file:/F:/LMU/GCA-Web/, , Project: ProjectReference(file:/F:/LMU/GCA-Web/,GCA-Web))))
Sending msg to client play-fork-run-8d13f54c-6083-4fef-937a-ab55b19cbf0d: TaskStarted(206,17356,Some(AttributeKey[scala.collection.Seq[sbt.Credentials]]("credentials") in Scope(Global)))
Sending msg to client play-fork-run-8d13f54c-6083-4fef-937a-ab55b19cbf0d: TaskStarted(206,17357,Some(AttributeKey[boolean]("skip") in Scope(Global)))
Sending msg to client play-fork-run-8d13f54c-6083-4fef-937a-ab55b19cbf0d: TaskStarted(206,17359,None)
Sending msg to client play-fork-run-8d13f54c-6083-4fef-937a-ab55b19cbf0d: TaskStarted(206,17361,None)
Sending msg to client play-fork-run-8d13f54c-6083-4fef-937a-ab55b19cbf0d: TaskStarted(206,17373,Some(AttributeKey[scala.collection.Seq[java.lang.String]]("javacOptions") in Scope(Global)))
Sending msg to client play-fork-run-8d13f54c-6083-4fef-937a-ab55b19cbf0d: TaskStarted(206,17374,None)
Sending msg to client play-fork-run-8d13f54c-6083-4fef-937a-ab55b19cbf0d: TaskStarted(206,17378,None)
Sending msg to client play-fork-run-8d13f54c-6083-4fef-937a-ab55b19cbf0d: TaskStarted(206,17379,Some(AttributeKey[scala.collection.Seq[java.lang.String]]("scalacOptions") in Scope(Global)))
Sending msg to client play-fork-run-8d13f54c-6083-4fef-937a-ab55b19cbf0d: TaskStarted(206,17389,Some(AttributeKey[scala.collection.Seq[java.io.File]]("unmanagedSources") in Scope(Build: file:/F:/LMU/GCA-Web/, , Project: ProjectReference(file:/F:/LMU/GCA-Web/,GCA-Web), Config: compile)))
Sending msg to client play-fork-run-8d13f54c-6083-4fef-937a-ab55b19cbf0d: TaskStarted(206,17392,Some(AttributeKey[scala.collection.Seq[scala.Function1[xsbti.Position,scala.Option[xsbti.Position]]]]("sourcePositionMappers") in Scope(Global)))
Sending msg to client play-fork-run-8d13f54c-6083-4fef-937a-ab55b19cbf0d: TaskStarted(206,17394,None)
Sending msg to client play-fork-run-8d13f54c-6083-4fef-937a-ab55b19cbf0d: TaskStarted(206,17399,Some(AttributeKey[sbt.inc.IncOptions]("incOptions") in Scope(Global)))
Sending msg to client play-fork-run-8d13f54c-6083-4fef-937a-ab55b19cbf0d: TaskStarted(206,17400,Some(AttributeKey[java.lang.String]("compileAnalysisFilename") in Scope(Build: file:/F:/LMU/GCA-Web/, , Project: ProjectReference(file:/F:/LMU/GCA-Web/,GCA-Web), Config: compile)))
Sending msg to client play-fork-run-8d13f54c-6083-4fef-937a-ab55b19cbf0d: TaskStarted(206,17402,Some(AttributeKey[scala.Function1[java.io.File,scala.Function1[java.lang.String,boolean]]]("definesClass") in Scope(Global)))
Sending msg to client play-fork-run-8d13f54c-6083-4fef-937a-ab55b19cbf0d: TaskStarted(206,17406,None)
Sending msg to client play-fork-run-8d13f54c-6083-4fef-937a-ab55b19cbf0d: TaskStarted(206,17411,Some(AttributeKey[sbt.SendEventService]("sendEventService") in Scope(Global)))
Sending msg to client play-fork-run-8d13f54c-6083-4fef-937a-ab55b19cbf0d: TaskFinished(206,17331,None,true,None)
Sending msg to client play-fork-run-8d13f54c-6083-4fef-937a-ab55b19cbf0d: TaskStarted(206,17330,Some(AttributeKey[sbt.BuildStructure]("buildStructure") in Scope(Global)))
Sending msg to client play-fork-run-8d13f54c-6083-4fef-937a-ab55b19cbf0d: TaskStarted(206,17333,Some(AttributeKey[java.io.File]("dependencyCacheDirectory") in Scope(Build: file:/F:/LMU/GCA-Web/, , Project: ProjectReference(file:/F:/LMU/GCA-Web/,GCA-Web))))
Sending msg to client play-fork-run-8d13f54c-6083-4fef-937a-ab55b19cbf0d: TaskStarted(206,17387,None)
Sending msg to client play-fork-run-8d13f54c-6083-4fef-937a-ab55b19cbf0d: TaskStarted(206,17401,Some(AttributeKey[xsbti.compile.GlobalsCache]("compilerCache") in Scope(Global)))
Sending msg to client play-fork-run-8d13f54c-6083-4fef-937a-ab55b19cbf0d: TaskFinished(206,17332,None,true,None)
Sending msg to client play-fork-run-8d13f54c-6083-4fef-937a-ab55b19cbf0d: TaskFinished(206,17335,None,true,None)
Sending msg to client play-fork-run-8d13f54c-6083-4fef-937a-ab55b19cbf0d: TaskFinished(206,17336,None,true,None)
Sending msg to client play-fork-run-8d13f54c-6083-4fef-937a-ab55b19cbf0d: TaskStarted(206,17334,Some(AttributeKey[scala.collection.Seq[sbt.UpdateReport]]("transitiveUpdate") in Scope(Build: file:/F:/LMU/GCA-Web/, , Project: ProjectReference(file:/F:/LMU/GCA-Web/,GCA-Web))))
Sending msg to client play-fork-run-8d13f54c-6083-4fef-937a-ab55b19cbf0d: TaskFinished(206,17340,None,true,None)
Sending msg to client play-fork-run-8d13f54c-6083-4fef-937a-ab55b19cbf0d: TaskStarted(206,17339,None)
Sending msg to client play-fork-run-8d13f54c-6083-4fef-937a-ab55b19cbf0d: TaskStarted(206,17348,None)
Sending msg to client play-fork-run-8d13f54c-6083-4fef-937a-ab55b19cbf0d: TaskStarted(206,17354,None)
Sending msg to client play-fork-run-8d13f54c-6083-4fef-937a-ab55b19cbf0d: TaskStarted(206,17355,None)
Sending msg to client play-fork-run-8d13f54c-6083-4fef-937a-ab55b19cbf0d: TaskStarted(206,17358,None)
Sending msg to client play-fork-run-8d13f54c-6083-4fef-937a-ab55b19cbf0d: TaskStarted(206,17362,None)
Sending msg to client play-fork-run-8d13f54c-6083-4fef-937a-ab55b19cbf0d: TaskStarted(206,17365,None)
Sending msg to client play-fork-run-8d13f54c-6083-4fef-937a-ab55b19cbf0d: TaskStarted(206,17366,None)
Sending msg to client play-fork-run-8d13f54c-6083-4fef-937a-ab55b19cbf0d: TaskStarted(206,17369,None)
Sending msg to client play-fork-run-8d13f54c-6083-4fef-937a-ab55b19cbf0d: TaskStarted(206,17370,None)
Sending msg to client play-fork-run-8d13f54c-6083-4fef-937a-ab55b19cbf0d: TaskStarted(206,17385,None)
Sending msg to client play-fork-run-8d13f54c-6083-4fef-937a-ab55b19cbf0d: TaskStarted(206,17395,None)
Sending msg to client play-fork-run-8d13f54c-6083-4fef-937a-ab55b19cbf0d: TaskStarted(206,17397,None)
Sending msg to client play-fork-run-8d13f54c-6083-4fef-937a-ab55b19cbf0d: TaskStarted(206,17404,None)
Sending msg to client play-fork-run-8d13f54c-6083-4fef-937a-ab55b19cbf0d: TaskStarted(206,17412,None)
Sending msg to client play-fork-run-8d13f54c-6083-4fef-937a-ab55b19cbf0d: TaskStarted(206,17414,None)
Sending msg to client play-fork-run-8d13f54c-6083-4fef-937a-ab55b19cbf0d: TaskFinished(206,17341,Some(AttributeKey[java.lang.String]("updateCacheName") in Scope(Build: file:/F:/LMU/GCA-Web/, , Project: ProjectReference(file:/F:/LMU/GCA-Web/,GCA-Web))),true,None)
Sending msg to client play-fork-run-8d13f54c-6083-4fef-937a-ab55b19cbf0d: TaskFinished(206,17350,Some(AttributeKey[scala.collection.Seq[sbt.Resolver]]("externalResolvers") in Scope(Build: file:/F:/LMU/GCA-Web/, , Project: ProjectReference(file:/F:/LMU/GCA-Web/,GCA-Web))),true,None)
Sending msg to client play-fork-run-8d13f54c-6083-4fef-937a-ab55b19cbf0d: TaskFinished(206,17351,Some(AttributeKey[scala.Option[scala.collection.Seq[sbt.Resolver]]]("bootResolvers") in Scope(Build: file:/F:/LMU/GCA-Web/, , Project: ProjectReference(file:/F:/LMU/GCA-Web/,GCA-Web))),true,None)
Sending msg to client play-fork-run-8d13f54c-6083-4fef-937a-ab55b19cbf0d: TaskFinished(206,17356,Some(AttributeKey[scala.collection.Seq[sbt.Credentials]]("credentials") in Scope(Global)),true,None)
Sending msg to client play-fork-run-8d13f54c-6083-4fef-937a-ab55b19cbf0d: TaskFinished(206,17357,Some(AttributeKey[boolean]("skip") in Scope(Global)),true,None)
Sending msg to client play-fork-run-8d13f54c-6083-4fef-937a-ab55b19cbf0d: TaskFinished(206,17359,None,true,None)
Got request: ListenToValue(AttributeKey[play.forkrun.protocol.ForkConfig]("playForkConfig") in Scope(Build: file:/F:/LMU/GCA-Web/, , Project: ProjectReference(file:/F:/LMU/GCA-Web/,GCA-Web)))
Reading next message from client.
Got request: KeyExecutionRequest(AttributeKey[play.forkrun.protocol.ForkConfig]("playForkConfig") in Scope(Build: file:/F:/LMU/GCA-Web/, , Project: ProjectReference(file:/F:/LMU/GCA-Web/,GCA-Web)))
Reading next message from client.
Sending msg to client play-fork-run-8d13f54c-6083-4fef-937a-ab55b19cbf0d: (6,ReceivedResponse())
Sending msg to client play-fork-run-8d13f54c-6083-4fef-937a-ab55b19cbf0d: (7,ExecutionRequestReceived(207))
Sending msg to client play-fork-run-8d13f54c-6083-4fef-937a-ab55b19cbf0d: ExecutionWaiting(207,{file:/F:/LMU/GCA-Web/}GCA-Web/*:playForkConfig,ClientInfo(8d13f54c-6083-4fef-937a-ab55b19cbf0d,play-fork-run,Play Fork Run,1,Vector()))
Sending msg to client play-fork-run-8d13f54c-6083-4fef-937a-ab55b19cbf0d: TaskFinished(206,17361,None,true,None)
Sending msg to client play-fork-run-8d13f54c-6083-4fef-937a-ab55b19cbf0d: TaskFinished(206,17373,Some(AttributeKey[scala.collection.Seq[java.lang.String]]("javacOptions") in Scope(Global)),true,None)
Sending msg to client play-fork-run-8d13f54c-6083-4fef-937a-ab55b19cbf0d: TaskFinished(206,17374,None,true,None)
Sending msg to client play-fork-run-8d13f54c-6083-4fef-937a-ab55b19cbf0d: TaskStarted(206,17372,Some(AttributeKey[scala.collection.Seq[java.lang.String]]("javacOptions") in Scope(Build: file:/F:/LMU/GCA-Web/, , Project: ProjectReference(file:/F:/LMU/GCA-Web/,GCA-Web), Config: compile)))
Sending msg to client play-fork-run-8d13f54c-6083-4fef-937a-ab55b19cbf0d: TaskFinished(206,17378,None,true,None)
Sending msg to client play-fork-run-8d13f54c-6083-4fef-937a-ab55b19cbf0d: TaskFinished(206,17379,Some(AttributeKey[scala.collection.Seq[java.lang.String]]("scalacOptions") in Scope(Global)),true,None)
Sending msg to client play-fork-run-8d13f54c-6083-4fef-937a-ab55b19cbf0d: TaskStarted(206,17377,Some(AttributeKey[scala.collection.Seq[java.lang.String]]("scalacOptions") in Scope(Build: file:/F:/LMU/GCA-Web/, , Project: ProjectReference(file:/F:/LMU/GCA-Web/,GCA-Web))))
Sending msg to client play-fork-run-8d13f54c-6083-4fef-937a-ab55b19cbf0d: TaskFinished(206,17392,Some(AttributeKey[scala.collection.Seq[scala.Function1[xsbti.Position,scala.Option[xsbti.Position]]]]("sourcePositionMappers") in Scope(Global)),true,None)
Sending msg to client play-fork-run-8d13f54c-6083-4fef-937a-ab55b19cbf0d: TaskFinished(206,17394,None,true,None)
Sending msg to client play-fork-run-8d13f54c-6083-4fef-937a-ab55b19cbf0d: TaskFinished(206,17400,Some(AttributeKey[java.lang.String]("compileAnalysisFilename") in Scope(Build: file:/F:/LMU/GCA-Web/, , Project: ProjectReference(file:/F:/LMU/GCA-Web/,GCA-Web), Config: compile)),true,None)
Sending msg to client play-fork-run-8d13f54c-6083-4fef-937a-ab55b19cbf0d: TaskFinished(206,17406,None,true,None)
Sending msg to client play-fork-run-8d13f54c-6083-4fef-937a-ab55b19cbf0d: TaskFinished(206,17402,Some(AttributeKey[scala.Function1[java.io.File,scala.Function1[java.lang.String,boolean]]]("definesClass") in Scope(Global)),true,None)
Sending msg to client play-fork-run-8d13f54c-6083-4fef-937a-ab55b19cbf0d: TaskFinished(206,17411,Some(AttributeKey[sbt.SendEventService]("sendEventService") in Scope(Global)),true,None)
Sending msg to client play-fork-run-8d13f54c-6083-4fef-937a-ab55b19cbf0d: TaskFinished(206,17330,Some(AttributeKey[sbt.BuildStructure]("buildStructure") in Scope(Global)),true,None)
Sending msg to client play-fork-run-8d13f54c-6083-4fef-937a-ab55b19cbf0d: TaskStarted(206,17329,Some(AttributeKey[sbt.Settings[sbt.Scope]]("settingsData") in Scope(Global)))
Sending msg to client play-fork-run-8d13f54c-6083-4fef-937a-ab55b19cbf0d: TaskFinished(206,17333,Some(AttributeKey[java.io.File]("dependencyCacheDirectory") in Scope(Build: file:/F:/LMU/GCA-Web/, , Project: ProjectReference(file:/F:/LMU/GCA-Web/,GCA-Web))),true,None)
Sending msg to client play-fork-run-8d13f54c-6083-4fef-937a-ab55b19cbf0d: TaskFinished(206,17389,Some(AttributeKey[scala.collection.Seq[java.io.File]]("unmanagedSources") in Scope(Build: file:/F:/LMU/GCA-Web/, , Project: ProjectReference(file:/F:/LMU/GCA-Web/,GCA-Web), Config: compile)),true,None)
Sending msg to client play-fork-run-8d13f54c-6083-4fef-937a-ab55b19cbf0d: TaskStarted(206,17388,Some(AttributeKey[scala.collection.Seq[java.io.File]]("unmanagedSources") in Scope(Build: file:/F:/LMU/GCA-Web/, , Project: ProjectReference(file:/F:/LMU/GCA-Web/,GCA-Web), Config: compile)))
Sending msg to client play-fork-run-8d13f54c-6083-4fef-937a-ab55b19cbf0d: TaskFinished(206,17355,None,true,None)
Sending msg to client play-fork-run-8d13f54c-6083-4fef-937a-ab55b19cbf0d: TaskFinished(206,17358,None,true,None)
Sending msg to client play-fork-run-8d13f54c-6083-4fef-937a-ab55b19cbf0d: TaskFinished(206,17348,None,true,None)
Sending msg to client play-fork-run-8d13f54c-6083-4fef-937a-ab55b19cbf0d: TaskFinished(206,17354,None,true,None)
Sending msg to client play-fork-run-8d13f54c-6083-4fef-937a-ab55b19cbf0d: TaskFinished(206,17362,None,true,None)
Sending msg to client play-fork-run-8d13f54c-6083-4fef-937a-ab55b19cbf0d: TaskFinished(206,17401,Some(AttributeKey[xsbti.compile.GlobalsCache]("compilerCache") in Scope(Global)),true,None)
Sending msg to client play-fork-run-8d13f54c-6083-4fef-937a-ab55b19cbf0d: TaskFinished(206,17339,None,true,None)
Sending msg to client play-fork-run-8d13f54c-6083-4fef-937a-ab55b19cbf0d: TaskStarted(206,17338,Some(AttributeKey[scala.collection.immutable.Map[sbt.ModuleID,sbt.SourcePosition]]("dependencyPositions") in Scope(Build: file:/F:/LMU/GCA-Web/, , Project: ProjectReference(file:/F:/LMU/GCA-Web/,GCA-Web))))
Sending msg to client play-fork-run-8d13f54c-6083-4fef-937a-ab55b19cbf0d: TaskFinished(206,17369,None,true,None)
Sending msg to client play-fork-run-8d13f54c-6083-4fef-937a-ab55b19cbf0d: TaskFinished(206,17370,None,true,None)
Sending msg to client play-fork-run-8d13f54c-6083-4fef-937a-ab55b19cbf0d: TaskFinished(206,17365,None,true,None)
Sending msg to client play-fork-run-8d13f54c-6083-4fef-937a-ab55b19cbf0d: TaskFinished(206,17385,None,true,None)
Sending msg to client play-fork-run-8d13f54c-6083-4fef-937a-ab55b19cbf0d: TaskFinished(206,17334,Some(AttributeKey[scala.collection.Seq[sbt.UpdateReport]]("transitiveUpdate") in Scope(Build: file:/F:/LMU/GCA-Web/, , Project: ProjectReference(file:/F:/LMU/GCA-Web/,GCA-Web))),true,None)
Sending msg to client play-fork-run-8d13f54c-6083-4fef-937a-ab55b19cbf0d: TaskFinished(206,17397,None,true,None)
Sending msg to client play-fork-run-8d13f54c-6083-4fef-937a-ab55b19cbf0d: TaskFinished(206,17404,None,true,None)
Sending msg to client play-fork-run-8d13f54c-6083-4fef-937a-ab55b19cbf0d: TaskFinished(206,17395,None,true,None)
Sending msg to client play-fork-run-8d13f54c-6083-4fef-937a-ab55b19cbf0d: TaskFinished(206,17366,None,true,None)
Sending msg to client play-fork-run-8d13f54c-6083-4fef-937a-ab55b19cbf0d: TaskFinished(206,17399,Some(AttributeKey[sbt.inc.IncOptions]("incOptions") in Scope(Global)),true,None)
Sending msg to client play-fork-run-8d13f54c-6083-4fef-937a-ab55b19cbf0d: TaskStarted(206,17398,Some(AttributeKey[sbt.inc.IncOptions]("incOptions") in Scope(Build: file:/F:/LMU/GCA-Web/, , Project: ProjectReference(file:/F:/LMU/GCA-Web/,GCA-Web))))
Sending msg to client play-fork-run-8d13f54c-6083-4fef-937a-ab55b19cbf0d: TaskFinished(206,17414,None,true,None)
Sending msg to client play-fork-run-8d13f54c-6083-4fef-937a-ab55b19cbf0d: TaskFinished(206,17412,None,true,None)
Sending msg to client play-fork-run-8d13f54c-6083-4fef-937a-ab55b19cbf0d: TaskFinished(206,17387,None,true,None)
Sending msg to client play-fork-run-8d13f54c-6083-4fef-937a-ab55b19cbf0d: TaskFinished(206,17372,Some(AttributeKey[scala.collection.Seq[java.lang.String]]("javacOptions") in Scope(Build: file:/F:/LMU/GCA-Web/, , Project: ProjectReference(file:/F:/LMU/GCA-Web/,GCA-Web), Config: compile)),true,None)
Sending msg to client play-fork-run-8d13f54c-6083-4fef-937a-ab55b19cbf0d: TaskFinished(206,17377,Some(AttributeKey[scala.collection.Seq[java.lang.String]]("scalacOptions") in Scope(Build: file:/F:/LMU/GCA-Web/, , Project: ProjectReference(file:/F:/LMU/GCA-Web/,GCA-Web))),true,None)
Sending msg to client play-fork-run-8d13f54c-6083-4fef-937a-ab55b19cbf0d: TaskStarted(206,17386,Some(AttributeKey[java.lang.String]("twirlSourceEncoding") in Scope(Build: file:/F:/LMU/GCA-Web/, , Project: ProjectReference(file:/F:/LMU/GCA-Web/,GCA-Web))))
Sending msg to client play-fork-run-8d13f54c-6083-4fef-937a-ab55b19cbf0d: TaskFinished(206,17329,Some(AttributeKey[sbt.Settings[sbt.Scope]]("settingsData") in Scope(Global)),true,None)
Sending msg to client play-fork-run-8d13f54c-6083-4fef-937a-ab55b19cbf0d: TaskStarted(206,17328,None)
Sending msg to client play-fork-run-8d13f54c-6083-4fef-937a-ab55b19cbf0d: TaskStarted(206,17345,Some(AttributeKey[scala.collection.Seq[sbt.ModuleID]]("projectDependencies") in Scope(Build: file:/F:/LMU/GCA-Web/, , Project: ProjectReference(file:/F:/LMU/GCA-Web/,GCA-Web))))
Sending msg to client play-fork-run-8d13f54c-6083-4fef-937a-ab55b19cbf0d: TaskStarted(206,17353,Some(AttributeKey[scala.collection.immutable.Map[org.apache.ivy.core.module.id.ModuleRevisionId,org.apache.ivy.core.module.descriptor.ModuleDescriptor]]("projectDescriptors") in Scope(Build: file:/F:/LMU/GCA-Web/, , Project: ProjectReference(file:/F:/LMU/GCA-Web/,GCA-Web))))
Sending msg to client play-fork-run-8d13f54c-6083-4fef-937a-ab55b19cbf0d: TaskStarted(206,17364,None)
Sending msg to client play-fork-run-8d13f54c-6083-4fef-937a-ab55b19cbf0d: TaskStarted(206,17376,None)
Sending msg to client play-fork-run-8d13f54c-6083-4fef-937a-ab55b19cbf0d: TaskStarted(206,17405,Some(AttributeKey[sbt.ScalaInstance]("scalaInstance") in Scope(Build: file:/F:/LMU/GCA-Web/, , Project: ProjectReference(file:/F:/LMU/GCA-Web/,GCA-Web))))
Sending msg to client play-fork-run-8d13f54c-6083-4fef-937a-ab55b19cbf0d: TaskFinished(206,17388,Some(AttributeKey[scala.collection.Seq[java.io.File]]("unmanagedSources") in Scope(Build: file:/F:/LMU/GCA-Web/, , Project: ProjectReference(file:/F:/LMU/GCA-Web/,GCA-Web), Config: compile)),true,None)
Sending msg to client play-fork-run-8d13f54c-6083-4fef-937a-ab55b19cbf0d: TaskFinished(206,17398,Some(AttributeKey[sbt.inc.IncOptions]("incOptions") in Scope(Build: file:/F:/LMU/GCA-Web/, , Project: ProjectReference(file:/F:/LMU/GCA-Web/,GCA-Web))),true,None)
Sending msg to client play-fork-run-8d13f54c-6083-4fef-937a-ab55b19cbf0d: TaskFinished(206,17386,Some(AttributeKey[java.lang.String]("twirlSourceEncoding") in Scope(Build: file:/F:/LMU/GCA-Web/, , Project: ProjectReference(file:/F:/LMU/GCA-Web/,GCA-Web))),true,None)
Sending msg to client play-fork-run-8d13f54c-6083-4fef-937a-ab55b19cbf0d: TaskStarted(206,17384,None)
Sending msg to client play-fork-run-8d13f54c-6083-4fef-937a-ab55b19cbf0d: TaskStarted(206,17393,None)
Sending msg to client play-fork-run-8d13f54c-6083-4fef-937a-ab55b19cbf0d: TaskStarted(206,17415,None)
Sending msg to client play-fork-run-8d13f54c-6083-4fef-937a-ab55b19cbf0d: TaskFinished(206,17345,Some(AttributeKey[scala.collection.Seq[sbt.ModuleID]]("projectDependencies") in Scope(Build: file:/F:/LMU/GCA-Web/, , Project: ProjectReference(file:/F:/LMU/GCA-Web/,GCA-Web))),true,None)
Sending msg to client play-fork-run-8d13f54c-6083-4fef-937a-ab55b19cbf0d: TaskStarted(206,17344,Some(AttributeKey[scala.collection.Seq[sbt.ModuleID]]("allDependencies") in Scope(Build: file:/F:/LMU/GCA-Web/, , Project: ProjectReference(file:/F:/LMU/GCA-Web/,GCA-Web))))
Sending msg to client play-fork-run-8d13f54c-6083-4fef-937a-ab55b19cbf0d: TaskStarted(206,17417,None)
Sending msg to client play-fork-run-8d13f54c-6083-4fef-937a-ab55b19cbf0d: TaskStarted(206,17422,None)
Sending msg to client play-fork-run-8d13f54c-6083-4fef-937a-ab55b19cbf0d: TaskStarted(206,17424,None)
Sending msg to client play-fork-run-8d13f54c-6083-4fef-937a-ab55b19cbf0d: TaskStarted(206,17425,None)
Sending msg to client play-fork-run-8d13f54c-6083-4fef-937a-ab55b19cbf0d: TaskStarted(206,17427,None)
Sending msg to client play-fork-run-8d13f54c-6083-4fef-937a-ab55b19cbf0d: TaskFinished(206,17393,None,true,None)
Sending msg to client play-fork-run-8d13f54c-6083-4fef-937a-ab55b19cbf0d: TaskStarted(206,17391,Some(AttributeKey[scala.collection.Seq[scala.Function1[xsbti.Position,scala.Option[xsbti.Position]]]]("sourcePositionMappers") in Scope(Build: file:/F:/LMU/GCA-Web/, , Project: ProjectReference(file:/F:/LMU/GCA-Web/,GCA-Web))))
Sending msg to client play-fork-run-8d13f54c-6083-4fef-937a-ab55b19cbf0d: TaskFinished(206,17415,None,true,None)
Sending msg to client play-fork-run-8d13f54c-6083-4fef-937a-ab55b19cbf0d: TaskFinished(206,17328,None,true,None)
Sending msg to client play-fork-run-8d13f54c-6083-4fef-937a-ab55b19cbf0d: TaskFinished(206,17344,Some(AttributeKey[scala.collection.Seq[sbt.ModuleID]]("allDependencies") in Scope(Build: file:/F:/LMU/GCA-Web/, , Project: ProjectReference(file:/F:/LMU/GCA-Web/,GCA-Web))),true,None)
Sending msg to client play-fork-run-8d13f54c-6083-4fef-937a-ab55b19cbf0d: TaskStarted(206,17343,Some(AttributeKey[sbt.ModuleSettings]("moduleSettings") in Scope(Build: file:/F:/LMU/GCA-Web/, , Project: ProjectReference(file:/F:/LMU/GCA-Web/,GCA-Web))))
Sending msg to client play-fork-run-8d13f54c-6083-4fef-937a-ab55b19cbf0d: TaskFinished(206,17417,None,true,None)
Sending msg to client play-fork-run-8d13f54c-6083-4fef-937a-ab55b19cbf0d: TaskStarted(206,17416,None)
Sending msg to client play-fork-run-8d13f54c-6083-4fef-937a-ab55b19cbf0d: TaskFinished(206,17422,None,true,None)
Sending msg to client play-fork-run-8d13f54c-6083-4fef-937a-ab55b19cbf0d: TaskStarted(206,17421,None)
Sending msg to client play-fork-run-8d13f54c-6083-4fef-937a-ab55b19cbf0d: TaskFinished(206,17424,None,true,None)
Sending msg to client play-fork-run-8d13f54c-6083-4fef-937a-ab55b19cbf0d: TaskFinished(206,17425,None,true,None)
Sending msg to client play-fork-run-8d13f54c-6083-4fef-937a-ab55b19cbf0d: TaskStarted(206,17423,Some(AttributeKey[scala.collection.Seq[sbt.Attributed[java.io.File]]]("unmanagedJars") in Scope(Build: file:/F:/LMU/GCA-Web/, , Project: ProjectReference(file:/F:/LMU/GCA-Web/,GCA-Web), Config: compile)))
Sending msg to client play-fork-run-8d13f54c-6083-4fef-937a-ab55b19cbf0d: TaskFinished(206,17427,None,true,None)
Sending msg to client play-fork-run-8d13f54c-6083-4fef-937a-ab55b19cbf0d: TaskStarted(206,17426,None)
Sending msg to client play-fork-run-8d13f54c-6083-4fef-937a-ab55b19cbf0d: TaskFinished(206,17391,Some(AttributeKey[scala.collection.Seq[scala.Function1[xsbti.Position,scala.Option[xsbti.Position]]]]("sourcePositionMappers") in Scope(Build: file:/F:/LMU/GCA-Web/, , Project: ProjectReference(file:/F:/LMU/GCA-Web/,GCA-Web))),true,None)
Sending msg to client play-fork-run-8d13f54c-6083-4fef-937a-ab55b19cbf0d: TaskStarted(206,17390,Some(AttributeKey[scala.collection.Seq[scala.Function1[xsbti.Position,scala.Option[xsbti.Position]]]]("sourcePositionMappers") in Scope(Build: file:/F:/LMU/GCA-Web/, , Project: ProjectReference(file:/F:/LMU/GCA-Web/,GCA-Web))))
Sending msg to client play-fork-run-8d13f54c-6083-4fef-937a-ab55b19cbf0d: TaskFinished(206,17343,Some(AttributeKey[sbt.ModuleSettings]("moduleSettings") in Scope(Build: file:/F:/LMU/GCA-Web/, , Project: ProjectReference(file:/F:/LMU/GCA-Web/,GCA-Web))),true,None)
Sending msg to client play-fork-run-8d13f54c-6083-4fef-937a-ab55b19cbf0d: TaskFinished(206,17416,None,true,None)
Sending msg to client play-fork-run-8d13f54c-6083-4fef-937a-ab55b19cbf0d: TaskFinished(206,17353,Some(AttributeKey[scala.collection.immutable.Map[org.apache.ivy.core.module.id.ModuleRevisionId,org.apache.ivy.core.module.descriptor.ModuleDescriptor]]("projectDescriptors") in Scope(Build: file:/F:/LMU/GCA-Web/, , Project: ProjectReference(file:/F:/LMU/GCA-Web/,GCA-Web))),true,None)
Sending msg to client play-fork-run-8d13f54c-6083-4fef-937a-ab55b19cbf0d: TaskStarted(206,17352,Some(AttributeKey[sbt.Resolver]("projectResolver") in Scope(Build: file:/F:/LMU/GCA-Web/, , Project: ProjectReference(file:/F:/LMU/GCA-Web/,GCA-Web))))
Sending msg to client play-fork-run-8d13f54c-6083-4fef-937a-ab55b19cbf0d: TaskStarted(206,17429,None)
Sending msg to client play-fork-run-8d13f54c-6083-4fef-937a-ab55b19cbf0d: TaskFinished(206,17423,Some(AttributeKey[scala.collection.Seq[sbt.Attributed[java.io.File]]]("unmanagedJars") in Scope(Build: file:/F:/LMU/GCA-Web/, , Project: ProjectReference(file:/F:/LMU/GCA-Web/,GCA-Web), Config: compile)),true,None)
Sending msg to client play-fork-run-8d13f54c-6083-4fef-937a-ab55b19cbf0d: TaskFinished(206,17338,Some(AttributeKey[scala.collection.immutable.Map[sbt.ModuleID,sbt.SourcePosition]]("dependencyPositions") in Scope(Build: file:/F:/LMU/GCA-Web/, , Project: ProjectReference(file:/F:/LMU/GCA-Web/,GCA-Web))),true,None)
Sending msg to client play-fork-run-8d13f54c-6083-4fef-937a-ab55b19cbf0d: TaskStarted(206,17337,Some(AttributeKey[sbt.UnresolvedWarningConfiguration]("unresolvedWarningConfiguration") in Scope(Build: file:/F:/LMU/GCA-Web/, , Project: ProjectReference(file:/F:/LMU/GCA-Web/,GCA-Web), Task: AttributeKey[sbt.UpdateReport]("update"))))
Sending msg to client play-fork-run-8d13f54c-6083-4fef-937a-ab55b19cbf0d: TaskFinished(206,17384,None,true,None)
Sending msg to client play-fork-run-8d13f54c-6083-4fef-937a-ab55b19cbf0d: TaskStarted(206,17383,Some(AttributeKey[scala.collection.Seq[java.io.File]]("twirlCompileTemplates") in Scope(Build: file:/F:/LMU/GCA-Web/, , Project: ProjectReference(file:/F:/LMU/GCA-Web/,GCA-Web), Config: compile)))
Sending msg to client play-fork-run-8d13f54c-6083-4fef-937a-ab55b19cbf0d: TaskFinished(206,17426,None,true,None)
Sending msg to client play-fork-run-8d13f54c-6083-4fef-937a-ab55b19cbf0d: TaskFinished(206,17376,None,true,None)
Sending msg to client play-fork-run-8d13f54c-6083-4fef-937a-ab55b19cbf0d: TaskFinished(206,17390,Some(AttributeKey[scala.collection.Seq[scala.Function1[xsbti.Position,scala.Option[xsbti.Position]]]]("sourcePositionMappers") in Scope(Build: file:/F:/LMU/GCA-Web/, , Project: ProjectReference(file:/F:/LMU/GCA-Web/,GCA-Web))),true,None)
Sending msg to client play-fork-run-8d13f54c-6083-4fef-937a-ab55b19cbf0d: TaskFinished(206,17352,Some(AttributeKey[sbt.Resolver]("projectResolver") in Scope(Build: file:/F:/LMU/GCA-Web/, , Project: ProjectReference(file:/F:/LMU/GCA-Web/,GCA-Web))),true,None)
Sending msg to client play-fork-run-8d13f54c-6083-4fef-937a-ab55b19cbf0d: TaskStarted(206,17349,Some(AttributeKey[scala.collection.Seq[sbt.Resolver]]("fullResolvers") in Scope(Build: file:/F:/LMU/GCA-Web/, , Project: ProjectReference(file:/F:/LMU/GCA-Web/,GCA-Web))))
Sending msg to client play-fork-run-8d13f54c-6083-4fef-937a-ab55b19cbf0d: TaskFinished(206,17429,None,true,None)
Sending msg to client play-fork-run-8d13f54c-6083-4fef-937a-ab55b19cbf0d: TaskFinished(206,17421,None,true,None)
Sending msg to client play-fork-run-8d13f54c-6083-4fef-937a-ab55b19cbf0d: TaskStarted(206,17420,Some(AttributeKey[scala.collection.Seq[sbt.Attributed[java.io.File]]]("unmanagedJars") in Scope(Build: file:/F:/LMU/GCA-Web/, , Project: ProjectReference(file:/F:/LMU/GCA-Web/,GCA-Web), Config: compile)))
Sending msg to client play-fork-run-8d13f54c-6083-4fef-937a-ab55b19cbf0d: TaskFinished(206,17337,Some(AttributeKey[sbt.UnresolvedWarningConfiguration]("unresolvedWarningConfiguration") in Scope(Build: file:/F:/LMU/GCA-Web/, , Project: ProjectReference(file:/F:/LMU/GCA-Web/,GCA-Web), Task: AttributeKey[sbt.UpdateReport]("update"))),true,None)
Sending msg to client play-fork-run-8d13f54c-6083-4fef-937a-ab55b19cbf0d: TaskFinished(206,17383,Some(AttributeKey[scala.collection.Seq[java.io.File]]("twirlCompileTemplates") in Scope(Build: file:/F:/LMU/GCA-Web/, , Project: ProjectReference(file:/F:/LMU/GCA-Web/,GCA-Web), Config: compile)),true,None)
Sending msg to client play-fork-run-8d13f54c-6083-4fef-937a-ab55b19cbf0d: TaskStarted(206,17382,None)
Sending msg to client play-fork-run-8d13f54c-6083-4fef-937a-ab55b19cbf0d: TaskFinished(206,17349,Some(AttributeKey[scala.collection.Seq[sbt.Resolver]]("fullResolvers") in Scope(Build: file:/F:/LMU/GCA-Web/, , Project: ProjectReference(file:/F:/LMU/GCA-Web/,GCA-Web))),true,None)
Sending msg to client play-fork-run-8d13f54c-6083-4fef-937a-ab55b19cbf0d: TaskStarted(206,17347,Some(AttributeKey[sbt.IvyConfiguration]("ivyConfiguration") in Scope(Build: file:/F:/LMU/GCA-Web/, , Project: ProjectReference(file:/F:/LMU/GCA-Web/,GCA-Web))))
Sending msg to client play-fork-run-8d13f54c-6083-4fef-937a-ab55b19cbf0d: TaskFinished(206,17420,Some(AttributeKey[scala.collection.Seq[sbt.Attributed[java.io.File]]]("unmanagedJars") in Scope(Build: file:/F:/LMU/GCA-Web/, , Project: ProjectReference(file:/F:/LMU/GCA-Web/,GCA-Web), Config: compile)),true,None)
Sending msg to client play-fork-run-8d13f54c-6083-4fef-937a-ab55b19cbf0d: TaskStarted(206,17419,None)
Sending msg to client play-fork-run-8d13f54c-6083-4fef-937a-ab55b19cbf0d: TaskFinished(206,17382,None,true,None)
Sending msg to client play-fork-run-8d13f54c-6083-4fef-937a-ab55b19cbf0d: TaskStarted(206,17381,Some(AttributeKey[scala.collection.Seq[java.io.File]]("managedSources") in Scope(Build: file:/F:/LMU/GCA-Web/, , Project: ProjectReference(file:/F:/LMU/GCA-Web/,GCA-Web), Config: compile)))
Sending msg to client play-fork-run-8d13f54c-6083-4fef-937a-ab55b19cbf0d: TaskFinished(206,17347,Some(AttributeKey[sbt.IvyConfiguration]("ivyConfiguration") in Scope(Build: file:/F:/LMU/GCA-Web/, , Project: ProjectReference(file:/F:/LMU/GCA-Web/,GCA-Web))),true,None)
Sending msg to client play-fork-run-8d13f54c-6083-4fef-937a-ab55b19cbf0d: TaskStarted(206,17346,Some(AttributeKey[sbt.IvySbt]("ivySbt") in Scope(Build: file:/F:/LMU/GCA-Web/, , Project: ProjectReference(file:/F:/LMU/GCA-Web/,GCA-Web))))
Sending msg to client play-fork-run-8d13f54c-6083-4fef-937a-ab55b19cbf0d: TaskFinished(206,17419,None,true,None)
Sending msg to client play-fork-run-8d13f54c-6083-4fef-937a-ab55b19cbf0d: TaskStarted(206,17418,None)
Sending msg to client play-fork-run-8d13f54c-6083-4fef-937a-ab55b19cbf0d: TaskFinished(206,17381,Some(AttributeKey[scala.collection.Seq[java.io.File]]("managedSources") in Scope(Build: file:/F:/LMU/GCA-Web/, , Project: ProjectReference(file:/F:/LMU/GCA-Web/,GCA-Web), Config: compile)),true,None)
Sending msg to client play-fork-run-8d13f54c-6083-4fef-937a-ab55b19cbf0d: TaskStarted(206,17380,Some(AttributeKey[scala.collection.Seq[java.io.File]]("sources") in Scope(Build: file:/F:/LMU/GCA-Web/, , Project: ProjectReference(file:/F:/LMU/GCA-Web/,GCA-Web), Config: compile)))
Sending msg to client play-fork-run-8d13f54c-6083-4fef-937a-ab55b19cbf0d: TaskFinished(206,17346,Some(AttributeKey[sbt.IvySbt]("ivySbt") in Scope(Build: file:/F:/LMU/GCA-Web/, , Project: ProjectReference(file:/F:/LMU/GCA-Web/,GCA-Web))),true,None)
Sending msg to client play-fork-run-8d13f54c-6083-4fef-937a-ab55b19cbf0d: TaskStarted(206,17342,Some(AttributeKey[sbt.IvySbt$Module]("ivyModule") in Scope(Build: file:/F:/LMU/GCA-Web/, , Project: ProjectReference(file:/F:/LMU/GCA-Web/,GCA-Web))))
Sending msg to client play-fork-run-8d13f54c-6083-4fef-937a-ab55b19cbf0d: TaskFinished(206,17418,None,true,None)
Sending msg to client play-fork-run-8d13f54c-6083-4fef-937a-ab55b19cbf0d: TaskFinished(206,17364,None,true,None)
Sending msg to client play-fork-run-8d13f54c-6083-4fef-937a-ab55b19cbf0d: TaskStarted(206,17363,Some(AttributeKey[scala.collection.Seq[sbt.Attributed[java.io.File]]]("unmanagedClasspath") in Scope(Build: file:/F:/LMU/GCA-Web/, , Project: ProjectReference(file:/F:/LMU/GCA-Web/,GCA-Web), Config: compile)))
Sending msg to client play-fork-run-8d13f54c-6083-4fef-937a-ab55b19cbf0d: TaskFinished(206,17380,Some(AttributeKey[scala.collection.Seq[java.io.File]]("sources") in Scope(Build: file:/F:/LMU/GCA-Web/, , Project: ProjectReference(file:/F:/LMU/GCA-Web/,GCA-Web), Config: compile)),true,None)
Sending msg to client play-fork-run-8d13f54c-6083-4fef-937a-ab55b19cbf0d: TaskFinished(206,17342,Some(AttributeKey[sbt.IvySbt$Module]("ivyModule") in Scope(Build: file:/F:/LMU/GCA-Web/, , Project: ProjectReference(file:/F:/LMU/GCA-Web/,GCA-Web))),true,None)
Sending msg to client play-fork-run-8d13f54c-6083-4fef-937a-ab55b19cbf0d: TaskStarted(206,17327,Some(AttributeKey[sbt.UpdateReport]("update") in Scope(Build: file:/F:/LMU/GCA-Web/, , Project: ProjectReference(file:/F:/LMU/GCA-Web/,GCA-Web))))
Sending msg to client play-fork-run-8d13f54c-6083-4fef-937a-ab55b19cbf0d: TaskFinished(206,17363,Some(AttributeKey[scala.collection.Seq[sbt.Attributed[java.io.File]]]("unmanagedClasspath") in Scope(Build: file:/F:/LMU/GCA-Web/, , Project: ProjectReference(file:/F:/LMU/GCA-Web/,GCA-Web), Config: compile)),true,None)
Sending msg to client play-fork-run-8d13f54c-6083-4fef-937a-ab55b19cbf0d: TaskFinished(206,17327,Some(AttributeKey[sbt.UpdateReport]("update") in Scope(Build: file:/F:/LMU/GCA-Web/, , Project: ProjectReference(file:/F:/LMU/GCA-Web/,GCA-Web))),true,None)
Sending msg to client play-fork-run-8d13f54c-6083-4fef-937a-ab55b19cbf0d: TaskStarted(206,17326,Some(AttributeKey[sbt.UpdateReport]("update") in Scope(Build: file:/F:/LMU/GCA-Web/, , Project: ProjectReference(file:/F:/LMU/GCA-Web/,GCA-Web))))
Sending msg to client play-fork-run-8d13f54c-6083-4fef-937a-ab55b19cbf0d: TaskFinished(206,17326,Some(AttributeKey[sbt.UpdateReport]("update") in Scope(Build: file:/F:/LMU/GCA-Web/, , Project: ProjectReference(file:/F:/LMU/GCA-Web/,GCA-Web))),true,None)
Sending msg to client play-fork-run-8d13f54c-6083-4fef-937a-ab55b19cbf0d: TaskStarted(206,17360,Some(AttributeKey[sbt.Configuration]("classpathConfiguration") in Scope(Build: file:/F:/LMU/GCA-Web/, , Project: ProjectReference(file:/F:/LMU/GCA-Web/,GCA-Web), Config: compile)))
Sending msg to client play-fork-run-8d13f54c-6083-4fef-937a-ab55b19cbf0d: TaskStarted(206,17375,Some(AttributeKey[scala.collection.Seq[java.lang.String]]("scalacOptions") in Scope(Build: file:/F:/LMU/GCA-Web/, , Project: ProjectReference(file:/F:/LMU/GCA-Web/,GCA-Web), Config: compile)))
Sending msg to client play-fork-run-8d13f54c-6083-4fef-937a-ab55b19cbf0d: TaskStarted(206,17428,None)
Sending msg to client play-fork-run-8d13f54c-6083-4fef-937a-ab55b19cbf0d: TaskFinished(206,17360,Some(AttributeKey[sbt.Configuration]("classpathConfiguration") in Scope(Build: file:/F:/LMU/GCA-Web/, , Project: ProjectReference(file:/F:/LMU/GCA-Web/,GCA-Web), Config: compile)),true,None)
Sending msg to client play-fork-run-8d13f54c-6083-4fef-937a-ab55b19cbf0d: TaskStarted(206,17325,None)
Sending msg to client play-fork-run-8d13f54c-6083-4fef-937a-ab55b19cbf0d: TaskStarted(206,17368,None)
Sending msg to client play-fork-run-8d13f54c-6083-4fef-937a-ab55b19cbf0d: TaskFinished(206,17375,Some(AttributeKey[scala.collection.Seq[java.lang.String]]("scalacOptions") in Scope(Build: file:/F:/LMU/GCA-Web/, , Project: ProjectReference(file:/F:/LMU/GCA-Web/,GCA-Web), Config: compile)),true,None)
Sending msg to client play-fork-run-8d13f54c-6083-4fef-937a-ab55b19cbf0d: TaskFinished(206,17428,None,true,None)
Sending msg to client play-fork-run-8d13f54c-6083-4fef-937a-ab55b19cbf0d: TaskFinished(206,17405,Some(AttributeKey[sbt.ScalaInstance]("scalaInstance") in Scope(Build: file:/F:/LMU/GCA-Web/, , Project: ProjectReference(file:/F:/LMU/GCA-Web/,GCA-Web))),true,None)
Sending msg to client play-fork-run-8d13f54c-6083-4fef-937a-ab55b19cbf0d: TaskStarted(206,17403,Some(AttributeKey[sbt.Compiler$Compilers]("compilers") in Scope(Global)))
Sending msg to client play-fork-run-8d13f54c-6083-4fef-937a-ab55b19cbf0d: TaskStarted(206,17432,None)
Sending msg to client play-fork-run-8d13f54c-6083-4fef-937a-ab55b19cbf0d: TaskStarted(206,17433,None)
Sending msg to client play-fork-run-8d13f54c-6083-4fef-937a-ab55b19cbf0d: TaskFinished(206,17325,None,true,None)
Sending msg to client play-fork-run-8d13f54c-6083-4fef-937a-ab55b19cbf0d: TaskStarted(206,17324,Some(AttributeKey[scala.collection.Seq[sbt.Attributed[java.io.File]]]("managedClasspath") in Scope(Build: file:/F:/LMU/GCA-Web/, , Project: ProjectReference(file:/F:/LMU/GCA-Web/,GCA-Web), Config: compile)))
Sending msg to client play-fork-run-8d13f54c-6083-4fef-937a-ab55b19cbf0d: TaskFinished(206,17432,None,true,None)
Sending msg to client play-fork-run-8d13f54c-6083-4fef-937a-ab55b19cbf0d: TaskFinished(206,17433,None,true,None)
Sending msg to client play-fork-run-8d13f54c-6083-4fef-937a-ab55b19cbf0d: TaskStarted(206,17431,None)
Sending msg to client play-fork-run-8d13f54c-6083-4fef-937a-ab55b19cbf0d: TaskFinished(206,17403,Some(AttributeKey[sbt.Compiler$Compilers]("compilers") in Scope(Global)),true,None)
Sending msg to client play-fork-run-8d13f54c-6083-4fef-937a-ab55b19cbf0d: TaskFinished(206,17431,None,true,None)
Sending msg to client play-fork-run-8d13f54c-6083-4fef-937a-ab55b19cbf0d: TaskStarted(206,17430,None)
Sending msg to client play-fork-run-8d13f54c-6083-4fef-937a-ab55b19cbf0d: TaskFinished(206,17324,Some(AttributeKey[scala.collection.Seq[sbt.Attributed[java.io.File]]]("managedClasspath") in Scope(Build: file:/F:/LMU/GCA-Web/, , Project: ProjectReference(file:/F:/LMU/GCA-Web/,GCA-Web), Config: compile)),true,None)
Sending msg to client play-fork-run-8d13f54c-6083-4fef-937a-ab55b19cbf0d: TaskStarted(206,17323,None)
Sending msg to client play-fork-run-8d13f54c-6083-4fef-937a-ab55b19cbf0d: TaskFinished(206,17430,None,true,None)
Sending msg to client play-fork-run-8d13f54c-6083-4fef-937a-ab55b19cbf0d: TaskFinished(206,17368,None,true,None)
Sending msg to client play-fork-run-8d13f54c-6083-4fef-937a-ab55b19cbf0d: TaskStarted(206,17367,Some(AttributeKey[scala.collection.Seq[sbt.Attributed[java.io.File]]]("internalDependencyClasspath") in Scope(Build: file:/F:/LMU/GCA-Web/, , Project: ProjectReference(file:/F:/LMU/GCA-Web/,GCA-Web), Config: compile)))
Sending msg to client play-fork-run-8d13f54c-6083-4fef-937a-ab55b19cbf0d: TaskFinished(206,17323,None,true,None)
Sending msg to client play-fork-run-8d13f54c-6083-4fef-937a-ab55b19cbf0d: TaskStarted(206,17322,Some(AttributeKey[scala.collection.Seq[sbt.Attributed[java.io.File]]]("externalDependencyClasspath") in Scope(Build: file:/F:/LMU/GCA-Web/, , Project: ProjectReference(file:/F:/LMU/GCA-Web/,GCA-Web), Config: compile)))
Sending msg to client play-fork-run-8d13f54c-6083-4fef-937a-ab55b19cbf0d: TaskFinished(206,17367,Some(AttributeKey[scala.collection.Seq[sbt.Attributed[java.io.File]]]("internalDependencyClasspath") in Scope(Build: file:/F:/LMU/GCA-Web/, , Project: ProjectReference(file:/F:/LMU/GCA-Web/,GCA-Web), Config: compile)),true,None)
Sending msg to client play-fork-run-8d13f54c-6083-4fef-937a-ab55b19cbf0d: TaskFinished(206,17322,Some(AttributeKey[scala.collection.Seq[sbt.Attributed[java.io.File]]]("externalDependencyClasspath") in Scope(Build: file:/F:/LMU/GCA-Web/, , Project: ProjectReference(file:/F:/LMU/GCA-Web/,GCA-Web), Config: compile)),true,None)
Sending msg to client play-fork-run-8d13f54c-6083-4fef-937a-ab55b19cbf0d: TaskStarted(206,17321,None)
Sending msg to client play-fork-run-8d13f54c-6083-4fef-937a-ab55b19cbf0d: TaskFinished(206,17321,None,true,None)
Sending msg to client play-fork-run-8d13f54c-6083-4fef-937a-ab55b19cbf0d: TaskStarted(206,17320,Some(AttributeKey[scala.collection.Seq[sbt.Attributed[java.io.File]]]("dependencyClasspath") in Scope(Build: file:/F:/LMU/GCA-Web/, , Project: ProjectReference(file:/F:/LMU/GCA-Web/,GCA-Web), Config: compile)))
Sending msg to client play-fork-run-8d13f54c-6083-4fef-937a-ab55b19cbf0d: TaskFinished(206,17320,Some(AttributeKey[scala.collection.Seq[sbt.Attributed[java.io.File]]]("dependencyClasspath") in Scope(Build: file:/F:/LMU/GCA-Web/, , Project: ProjectReference(file:/F:/LMU/GCA-Web/,GCA-Web), Config: compile)),true,None)
Sending msg to client play-fork-run-8d13f54c-6083-4fef-937a-ab55b19cbf0d: TaskStarted(206,17396,Some(AttributeKey[sbt.Compiler$IncSetup]("incCompileSetup") in Scope(Build: file:/F:/LMU/GCA-Web/, , Project: ProjectReference(file:/F:/LMU/GCA-Web/,GCA-Web), Config: compile)))
Sending msg to client play-fork-run-8d13f54c-6083-4fef-937a-ab55b19cbf0d: TaskFinished(206,17396,Some(AttributeKey[sbt.Compiler$IncSetup]("incCompileSetup") in Scope(Build: file:/F:/LMU/GCA-Web/, , Project: ProjectReference(file:/F:/LMU/GCA-Web/,GCA-Web), Config: compile)),true,None)
Sending msg to client play-fork-run-8d13f54c-6083-4fef-937a-ab55b19cbf0d: TaskStarted(206,17371,Some(AttributeKey[sbt.Compiler$Inputs]("compileInputs") in Scope(Build: file:/F:/LMU/GCA-Web/, , Project: ProjectReference(file:/F:/LMU/GCA-Web/,GCA-Web), Config: compile, Task: AttributeKey[sbt.inc.Analysis]("compile"))))
Sending msg to client play-fork-run-8d13f54c-6083-4fef-937a-ab55b19cbf0d: TaskStarted(206,17413,Some(AttributeKey[sbt.Compiler$PreviousAnalysis]("readAnalysis") in Scope(Build: file:/F:/LMU/GCA-Web/, , Project: ProjectReference(file:/F:/LMU/GCA-Web/,GCA-Web), Config: compile)))
Sending msg to client play-fork-run-8d13f54c-6083-4fef-937a-ab55b19cbf0d: TaskFinished(206,17371,Some(AttributeKey[sbt.Compiler$Inputs]("compileInputs") in Scope(Build: file:/F:/LMU/GCA-Web/, , Project: ProjectReference(file:/F:/LMU/GCA-Web/,GCA-Web), Config: compile, Task: AttributeKey[sbt.inc.Analysis]("compile"))),true,None)
Sending msg to client play-fork-run-8d13f54c-6083-4fef-937a-ab55b19cbf0d: TaskStarted(206,17410,Some(AttributeKey[scala.Option[xsbti.Reporter]]("compilerReporter") in Scope(Build: file:/F:/LMU/GCA-Web/, , Project: ProjectReference(file:/F:/LMU/GCA-Web/,GCA-Web), Config: compile, Task: AttributeKey[sbt.inc.Analysis]("compile"))))
Sending msg to client play-fork-run-8d13f54c-6083-4fef-937a-ab55b19cbf0d: TaskFinished(206,17413,Some(AttributeKey[sbt.Compiler$PreviousAnalysis]("readAnalysis") in Scope(Build: file:/F:/LMU/GCA-Web/, , Project: ProjectReference(file:/F:/LMU/GCA-Web/,GCA-Web), Config: compile)),true,None)
Sending msg to client play-fork-run-8d13f54c-6083-4fef-937a-ab55b19cbf0d: TaskFinished(206,17410,Some(AttributeKey[scala.Option[xsbti.Reporter]]("compilerReporter") in Scope(Build: file:/F:/LMU/GCA-Web/, , Project: ProjectReference(file:/F:/LMU/GCA-Web/,GCA-Web), Config: compile, Task: AttributeKey[sbt.inc.Analysis]("compile"))),true,None)
Sending msg to client play-fork-run-8d13f54c-6083-4fef-937a-ab55b19cbf0d: TaskStarted(206,17409,Some(AttributeKey[sbt.compiler.IC$Result]("compileIncremental") in Scope(Build: file:/F:/LMU/GCA-Web/, , Project: ProjectReference(file:/F:/LMU/GCA-Web/,GCA-Web), Config: compile)))
Sending msg to client play-fork-run-8d13f54c-6083-4fef-937a-ab55b19cbf0d: TaskLogEvent(17409,LogMessage(debug,
Initial source changes: 
	removed:Set()
	added: Set()
	modified: Set(F:\LMU\GCA-Web\app\service\AbstractService.scala)
Removed products: Set()
External API changes: API Changes: Set()
Modified binary dependencies: Set()
Initial directly invalidated sources: Set(F:\LMU\GCA-Web\app\service\AbstractService.scala)

Sources indirectly invalidated by:
	product: Set()
	binary dep: Set()
	external source: Set()))
Sending msg to client play-fork-run-8d13f54c-6083-4fef-937a-ab55b19cbf0d: TaskLogEvent(17409,LogMessage(debug,All initially invalidated sources: Set(F:\LMU\GCA-Web\app\service\AbstractService.scala)
))
Sending msg to client play-fork-run-8d13f54c-6083-4fef-937a-ab55b19cbf0d: TaskLogEvent(17409,LogMessage(info,Read from stdout: Compiling 1 Scala source to F:\LMU\GCA-Web\target\scala-2.11\classes...))
Sending msg to client play-fork-run-8d13f54c-6083-4fef-937a-ab55b19cbf0d: TaskLogEvent(17409,LogMessage(info,Compiling 1 Scala source to F:\LMU\GCA-Web\target\scala-2.11\classes...))
Sending msg to client play-fork-run-8d13f54c-6083-4fef-937a-ab55b19cbf0d: TaskLogEvent(17409,LogMessage(debug,Getting compiler-interface from component compiler for Scala 2.11.1))
Sending msg to client play-fork-run-8d13f54c-6083-4fef-937a-ab55b19cbf0d: BackgroundJobLogEvent(22,LogMessage(info,Compiling 1 Scala source to F:\LMU\GCA-Web\target\scala-2.11\classes...))
Sending msg to client play-fork-run-8d13f54c-6083-4fef-937a-ab55b19cbf0d: TaskLogEvent(17409,LogMessage(debug,Other repositories:))
Sending msg to client play-fork-run-8d13f54c-6083-4fef-937a-ab55b19cbf0d: TaskLogEvent(17409,LogMessage(debug,Default repositories:))
Sending msg to client play-fork-run-8d13f54c-6083-4fef-937a-ab55b19cbf0d: TaskLogEvent(17409,LogMessage(debug,Getting compiler-interface from component compiler for Scala 2.11.1))
Sending msg to client play-fork-run-8d13f54c-6083-4fef-937a-ab55b19cbf0d: TaskLogEvent(17409,LogMessage(debug,Other repositories:))
Sending msg to client play-fork-run-8d13f54c-6083-4fef-937a-ab55b19cbf0d: TaskLogEvent(17409,LogMessage(debug,Default repositories:))
Sending msg to client play-fork-run-8d13f54c-6083-4fef-937a-ab55b19cbf0d: TaskLogEvent(17409,LogMessage(debug,Running cached compiler 5c5a83a3, interfacing (CompilerInterface) with Scala compiler version 2.11.1))
Sending msg to client play-fork-run-8d13f54c-6083-4fef-937a-ab55b19cbf0d: TaskLogEvent(17409,LogMessage(debug,Calling Scala compiler with arguments  (CompilerInterface):
	-deprecation
	-unchecked
	-encoding
	utf8
	-bootclasspath
	C:\Program Files\Java\jre1.8.0_45\lib\resources.jar;C:\Program Files\Java\jre1.8.0_45\lib\rt.jar;C:\Program Files\Java\jre1.8.0_45\lib\sunrsasign.jar;C:\Program Files\Java\jre1.8.0_45\lib\jsse.jar;C:\Program Files\Java\jre1.8.0_45\lib\jce.jar;C:\Program Files\Java\jre1.8.0_45\lib\charsets.jar;C:\Program Files\Java\jre1.8.0_45\lib\jfr.jar;C:\Program Files\Java\jre1.8.0_45\classes;C:\Users\Shumail Mohy-ud-Din\.ivy2\cache\org.scala-lang\scala-library\jars\scala-library-2.11.1.jar
	-classpath
	F:\LMU\GCA-Web\target\scala-2.11\classes;C:\Users\Shumail Mohy-ud-Din\.ivy2\cache\com.typesafe.play\twirl-api_2.11\jars\twirl-api_2.11-1.0.2.jar;C:\Users\Shumail Mohy-ud-Din\.ivy2\cache\org.apache.commons\commons-lang3\jars\commons-lang3-3.1.jar;C:\Users\Shumail Mohy-ud-Din\.ivy2\cache\com.typesafe.play\play_2.11\jars\play_2.11-2.3.8.jar;F:\LMU\GCA-Web-Setup\activator-dist-1.3.5\repository\com.typesafe.play\build-link\2.3.8\jars\build-link.jar;F:\LMU\GCA-Web-Setup\activator-dist-1.3.5\repository\com.typesafe.play\play-exceptions\2.3.8\jars\play-exceptions.jar;C:\Users\Shumail Mohy-ud-Din\.ivy2\cache\org.javassist\javassist\bundles\javassist-3.18.2-GA.jar;C:\Users\Shumail Mohy-ud-Din\.ivy2\cache\com.typesafe.play\play-iteratees_2.11\jars\play-iteratees_2.11-2.3.8.jar;C:\Users\Shumail Mohy-ud-Din\.ivy2\cache\org.scala-stm\scala-stm_2.11\jars\scala-stm_2.11-0.7.jar;C:\Users\Shumail Mohy-ud-Din\.ivy2\cache\com.typesafe\config\bundles\config-1.2.1.jar;C:\Users\Shumail Mohy-ud-Din\.ivy2\cache\com.typesafe.play\play-json_2.11\jars\play-json_2.11-2.3.8.jar;C:\Users\Shumail Mohy-ud-Din\.ivy2\cache\com.typesafe.play\play-functional_2.11\jars\play-functional_2.11-2.3.8.jar;C:\Users\Shumail Mohy-ud-Din\.ivy2\cache\com.typesafe.play\play-datacommons_2.11\jars\play-datacommons_2.11-2.3.8.jar;C:\Users\Shumail Mohy-ud-Din\.ivy2\cache\joda-time\joda-time\jars\joda-time-2.3.jar;C:\Users\Shumail Mohy-ud-Din\.ivy2\cache\org.joda\joda-convert\jars\joda-convert-1.6.jar;C:\Users\Shumail Mohy-ud-Din\.ivy2\cache\com.fasterxml.jackson.core\jackson-annotations\bundles\jackson-annotations-2.3.2.jar;C:\Users\Shumail Mohy-ud-Din\.ivy2\cache\com.fasterxml.jackson.core\jackson-core\bundles\jackson-core-2.3.2.jar;C:\Users\Shumail Mohy-ud-Din\.ivy2\cache\com.fasterxml.jackson.core\jackson-databind\bundles\jackson-databind-2.3.2.jar;C:\Users\Shumail Mohy-ud-Din\.ivy2\cache\org.scala-lang.modules\scala-parser-combinators_2.11\bundles\scala-parser-combinators_2.11-1.0.1.jar;C:\Users\Shumail Mohy-ud-Din\.ivy2\cache\io.netty\netty\bundles\netty-3.9.3.Final.jar;C:\Users\Shumail Mohy-ud-Din\.ivy2\cache\com.typesafe.netty\netty-http-pipelining\jars\netty-http-pipelining-1.1.2.jar;C:\Users\Shumail Mohy-ud-Din\.ivy2\cache\org.slf4j\slf4j-api\jars\slf4j-api-1.7.6.jar;C:\Users\Shumail Mohy-ud-Din\.ivy2\cache\org.slf4j\jul-to-slf4j\jars\jul-to-slf4j-1.7.6.jar;C:\Users\Shumail Mohy-ud-Din\.ivy2\cache\org.slf4j\jcl-over-slf4j\jars\jcl-over-slf4j-1.7.6.jar;C:\Users\Shumail Mohy-ud-Din\.ivy2\cache\ch.qos.logback\logback-core\jars\logback-core-1.1.1.jar;C:\Users\Shumail Mohy-ud-Din\.ivy2\cache\ch.qos.logback\logback-classic\jars\logback-classic-1.1.1.jar;C:\Users\Shumail Mohy-ud-Din\.ivy2\cache\com.typesafe.akka\akka-actor_2.11\jars\akka-actor_2.11-2.3.4.jar;C:\Users\Shumail Mohy-ud-Din\.ivy2\cache\com.typesafe.akka\akka-slf4j_2.11\jars\akka-slf4j_2.11-2.3.4.jar;C:\Users\Shumail Mohy-ud-Din\.ivy2\cache\commons-codec\commons-codec\jars\commons-codec-1.9.jar;C:\Users\Shumail Mohy-ud-Din\.ivy2\cache\xerces\xercesImpl\jars\xercesImpl-2.11.0.jar;C:\Users\Shumail Mohy-ud-Din\.ivy2\cache\xml-apis\xml-apis\jars\xml-apis-1.4.01.jar;C:\Users\Shumail Mohy-ud-Din\.ivy2\cache\javax.transaction\jta\jars\jta-1.1.jar;C:\Users\Shumail Mohy-ud-Din\.ivy2\cache\com.typesafe.play\play-jdbc_2.11\jars\play-jdbc_2.11-2.3.8.jar;F:\LMU\GCA-Web-Setup\activator-dist-1.3.5\repository\com.jolbox\bonecp\0.8.0.RELEASE\bundles\bonecp.jar;F:\LMU\GCA-Web-Setup\activator-dist-1.3.5\repository\com.h2database\h2\1.3.175\jars\h2.jar;F:\LMU\GCA-Web-Setup\activator-dist-1.3.5\repository\tyrex\tyrex\1.0.1\jars\tyrex.jar;C:\Users\Shumail Mohy-ud-Din\.ivy2\cache\com.typesafe.play\anorm_2.11\jars\anorm_2.11-2.3.8.jar;F:\LMU\GCA-Web-Setup\activator-dist-1.3.5\repository\com.jsuereth\scala-arm_2.11\1.4\jars\scala-arm_2.11.jar;F:\LMU\GCA-Web-Setup\activator-dist-1.3.5\repository\org.scala-lang.plugins\scala-continuations-library_2.11\1.0.1\bundles\scala-continuations-library_2.11.jar;C:\Users\Shumail Mohy-ud-Din\.ivy2\cache\com.typesafe.play\play-cache_2.11\jars\play-cache_2.11-2.3.8.jar;C:\Users\Shumail Mohy-ud-Din\.ivy2\cache\net.sf.ehcache\ehcache-core\jars\ehcache-core-2.6.8.jar;C:\Users\Shumail Mohy-ud-Din\.ivy2\cache\com.typesafe.play\play-ws_2.11\jars\play-ws_2.11-2.3.8.jar;C:\Users\Shumail Mohy-ud-Din\.ivy2\cache\com.google.guava\guava\bundles\guava-16.0.1.jar;C:\Users\Shumail Mohy-ud-Din\.ivy2\cache\com.ning\async-http-client\jars\async-http-client-1.8.15.jar;C:\Users\Shumail Mohy-ud-Din\.ivy2\cache\oauth.signpost\signpost-core\jars\signpost-core-1.2.1.2.jar;C:\Users\Shumail Mohy-ud-Din\.ivy2\cache\oauth.signpost\signpost-commonshttp4\jars\signpost-commonshttp4-1.2.1.2.jar;F:\LMU\GCA-Web-Setup\activator-dist-1.3.5\repository\org.apache.httpcomponents\httpcore\4.0.1\jars\httpcore.jar;F:\LMU\GCA-Web-Setup\activator-dist-1.3.5\repository\org.apache.httpcomponents\httpclient\4.0.1\jars\httpclient.jar;C:\Users\Shumail Mohy-ud-Din\.ivy2\cache\commons-logging\commons-logging\jars\commons-logging-1.1.1.jar;C:\Users\Shumail Mohy-ud-Din\.ivy2\cache\org.scalatest\scalatest_2.11\bundles\scalatest_2.11-2.2.1.jar;F:\LMU\GCA-Web-Setup\activator-dist-1.3.5\repository\org.scala-lang\scala-reflect\2.11.2\jars\scala-reflect.jar;F:\LMU\GCA-Web-Setup\activator-dist-1.3.5\repository\org.scala-lang.modules\scala-xml_2.11\1.0.2\bundles\scala-xml_2.11.jar;C:\Users\Shumail Mohy-ud-Din\.ivy2\cache\org.eclipse.persistence\org.eclipse.persistence.jpa\jars\org.eclipse.persistence.jpa-2.5.2.jar;C:\Users\Shumail Mohy-ud-Din\.ivy2\cache\org.eclipse.persistence\javax.persistence\jars\javax.persistence-2.1.0.jar;C:\Users\Shumail Mohy-ud-Din\.ivy2\cache\org.eclipse.persistence\org.eclipse.persistence.asm\jars\org.eclipse.persistence.asm-2.5.2.jar;C:\Users\Shumail Mohy-ud-Din\.ivy2\cache\org.eclipse.persistence\org.eclipse.persistence.antlr\jars\org.eclipse.persistence.antlr-2.5.2.jar;C:\Users\Shumail Mohy-ud-Din\.ivy2\cache\org.eclipse.persistence\org.eclipse.persistence.jpa.jpql\jars\org.eclipse.persistence.jpa.jpql-2.5.2.jar;C:\Users\Shumail Mohy-ud-Din\.ivy2\cache\org.eclipse.persistence\org.eclipse.persistence.core\jars\org.eclipse.persistence.core-2.5.2.jar;C:\Users\Shumail Mohy-ud-Din\.ivy2\cache\com.typesafe.play\play-mailer_2.11\jars\play-mailer_2.11-2.4.0.jar;C:\Users\Shumail Mohy-ud-Din\.ivy2\cache\org.apache.commons\commons-email\jars\commons-email-1.3.3.jar;C:\Users\Shumail Mohy-ud-Din\.ivy2\cache\javax.mail\mail\jars\mail-1.4.5.jar;C:\Users\Shumail Mohy-ud-Din\.ivy2\cache\javax.activation\activation\jars\activation-1.1.1.jar;C:\Users\Shumail Mohy-ud-Din\.ivy2\cache\com.mohiva\play-silhouette_2.11\jars\play-silhouette_2.11-1.0.jar;C:\Users\Shumail Mohy-ud-Din\.ivy2\cache\org.mindrot\jbcrypt\jars\jbcrypt-0.3m.jar;C:\Users\Shumail Mohy-ud-Din\.ivy2\cache\org.postgresql\postgresql\jars\postgresql-9.3-1100-jdbc4.jar;C:\Users\Shumail Mohy-ud-Din\.ivy2\cache\org.webjars\requirejs\jars\requirejs-2.1.15.jar;C:\Users\Shumail Mohy-ud-Din\.ivy2\cache\org.webjars\jquery\jars\jquery-1.11.2.jar;C:\Users\Shumail Mohy-ud-Din\.ivy2\cache\org.webjars\jquery-ui\jars\jquery-ui-1.11.2.jar;C:\Users\Shumail Mohy-ud-Din\.ivy2\cache\org.webjars\bootstrap\jars\bootstrap-3.1.1.jar;C:\Users\Shumail Mohy-ud-Din\.ivy2\cache\org.webjars\knockout\jars\knockout-3.0.0.jar;C:\Users\Shumail Mohy-ud-Din\.ivy2\cache\org.webjars\sammy\jars\sammy-0.7.4.jar;C:\Users\Shumail Mohy-ud-Din\.ivy2\cache\org.webjars\momentjs\jars\momentjs-2.9.0.jar))
Sending msg to client play-fork-run-8d13f54c-6083-4fef-937a-ab55b19cbf0d: ExecutionWaiting(208,compile,ClientInfo(308a4040-ddd5-4d64-805d-557b9bdb99f8,activator,Activator,3,Vector()))
Sending msg to client play-fork-run-8d13f54c-6083-4fef-937a-ab55b19cbf0d: TaskLogEvent(17409,LogMessage(debug,Scala compilation took 1.430915708 s))
Sending msg to client play-fork-run-8d13f54c-6083-4fef-937a-ab55b19cbf0d: TaskLogEvent(17409,LogMessage(debug,New invalidations:
	Set()))
Sending msg to client play-fork-run-8d13f54c-6083-4fef-937a-ab55b19cbf0d: TaskLogEvent(17409,LogMessage(debug,Initial set of included nodes: Set()))
Sending msg to client play-fork-run-8d13f54c-6083-4fef-937a-ab55b19cbf0d: TaskLogEvent(17409,LogMessage(debug,Previously invalidated, but (transitively) depend on new invalidations:
	Set()))
Sending msg to client play-fork-run-8d13f54c-6083-4fef-937a-ab55b19cbf0d: TaskLogEvent(17409,LogMessage(debug,All newly invalidated sources after taking into account (previously) recompiled sources:Set()))
Sending msg to client play-fork-run-8d13f54c-6083-4fef-937a-ab55b19cbf0d: TaskFinished(206,17409,Some(AttributeKey[sbt.compiler.IC$Result]("compileIncremental") in Scope(Build: file:/F:/LMU/GCA-Web/, , Project: ProjectReference(file:/F:/LMU/GCA-Web/,GCA-Web), Config: compile)),true,None)
Sending msg to client play-fork-run-8d13f54c-6083-4fef-937a-ab55b19cbf0d: TaskStarted(206,17408,Some(AttributeKey[sbt.compiler.IC$Result]("manipulateBytecode") in Scope(Build: file:/F:/LMU/GCA-Web/, , Project: ProjectReference(file:/F:/LMU/GCA-Web/,GCA-Web), Config: compile)))
Sending msg to client play-fork-run-8d13f54c-6083-4fef-937a-ab55b19cbf0d: TaskFinished(206,17408,Some(AttributeKey[sbt.compiler.IC$Result]("manipulateBytecode") in Scope(Build: file:/F:/LMU/GCA-Web/, , Project: ProjectReference(file:/F:/LMU/GCA-Web/,GCA-Web), Config: compile)),true,None)
Sending msg to client play-fork-run-8d13f54c-6083-4fef-937a-ab55b19cbf0d: TaskStarted(206,17407,Some(AttributeKey[sbt.inc.Analysis]("compile") in Scope(Build: file:/F:/LMU/GCA-Web/, , Project: ProjectReference(file:/F:/LMU/GCA-Web/,GCA-Web), Config: compile)))
Sending msg to client play-fork-run-8d13f54c-6083-4fef-937a-ab55b19cbf0d: TaskFinished(206,17407,Some(AttributeKey[sbt.inc.Analysis]("compile") in Scope(Build: file:/F:/LMU/GCA-Web/, , Project: ProjectReference(file:/F:/LMU/GCA-Web/,GCA-Web), Config: compile)),true,None)
Sending msg to client play-fork-run-8d13f54c-6083-4fef-937a-ab55b19cbf0d: TaskStarted(206,17319,Some(AttributeKey[sbt.inc.Analysis]("compile") in Scope(Build: file:/F:/LMU/GCA-Web/, , Project: ProjectReference(file:/F:/LMU/GCA-Web/,GCA-Web), Config: compile)))
Sending msg to client play-fork-run-8d13f54c-6083-4fef-937a-ab55b19cbf0d: TaskFinished(206,17319,Some(AttributeKey[sbt.inc.Analysis]("compile") in Scope(Build: file:/F:/LMU/GCA-Web/, , Project: ProjectReference(file:/F:/LMU/GCA-Web/,GCA-Web), Config: compile)),true,None)
Sending msg to client play-fork-run-8d13f54c-6083-4fef-937a-ab55b19cbf0d: TaskStarted(206,17318,None)
Sending msg to client play-fork-run-8d13f54c-6083-4fef-937a-ab55b19cbf0d: TaskStarted(206,17434,Some(AttributeKey[scala.collection.Seq[java.lang.String]]("discoveredMainClasses") in Scope(Build: file:/F:/LMU/GCA-Web/, , Project: ProjectReference(file:/F:/LMU/GCA-Web/,GCA-Web), Config: compile)))
Sending msg to client play-fork-run-8d13f54c-6083-4fef-937a-ab55b19cbf0d: TaskFinished(206,17318,None,true,None)
Sending msg to client play-fork-run-8d13f54c-6083-4fef-937a-ab55b19cbf0d: TaskStarted(206,17317,None)
Sending msg to client play-fork-run-8d13f54c-6083-4fef-937a-ab55b19cbf0d: TaskFinished(206,17317,None,true,None)
Sending msg to client play-fork-run-8d13f54c-6083-4fef-937a-ab55b19cbf0d: TaskFinished(206,17434,Some(AttributeKey[scala.collection.Seq[java.lang.String]]("discoveredMainClasses") in Scope(Build: file:/F:/LMU/GCA-Web/, , Project: ProjectReference(file:/F:/LMU/GCA-Web/,GCA-Web), Config: compile)),true,None)
Sending msg to client play-fork-run-8d13f54c-6083-4fef-937a-ab55b19cbf0d: DetachedLogEvent(LogMessage(debug,cancel strategy finish enabled=false lastCommand=Some(LastCommand(CommandExecutionWork(ExecutionId(206),compile,Set(LiveClient(activator 308a4040-ddd5-4d64-805d-557b9bdb99f8)),sbt.server.WorkCancellationStatus$$anon$1@344e0bea)))))
Sending msg to client play-fork-run-8d13f54c-6083-4fef-937a-ab55b19cbf0d: DetachedLogEvent(LogSuccess(Total time: 3 s, completed Jul 9, 2015 2:56:57 PM))
Sending msg to client play-fork-run-8d13f54c-6083-4fef-937a-ab55b19cbf0d: DetachedLogEvent(LogMessage(debug,> server-post-command-cleanup))
Sending msg to client play-fork-run-8d13f54c-6083-4fef-937a-ab55b19cbf0d: ExecutionSuccess(206)
Sending msg to client play-fork-run-8d13f54c-6083-4fef-937a-ab55b19cbf0d: DetachedLogEvent(LogMessage(debug,> server-handle-next-server-request))
Sending msg to client play-fork-run-8d13f54c-6083-4fef-937a-ab55b19cbf0d: ExecutionStarting(207)
Sending msg to client play-fork-run-8d13f54c-6083-4fef-937a-ab55b19cbf0d: DetachedLogEvent(LogMessage(debug,> {file:/F:/LMU/GCA-Web/}GCA-Web/*:playForkConfig))
Sending msg to client play-fork-run-8d13f54c-6083-4fef-937a-ab55b19cbf0d: ExecutionWaiting(209,jobStop 21,ClientInfo(308a4040-ddd5-4d64-805d-557b9bdb99f8,activator,Activator,3,Vector()))
Sending msg to client play-fork-run-8d13f54c-6083-4fef-937a-ab55b19cbf0d: DetachedLogEvent(LogMessage(debug,Evaluating tasks: *:playForkConfig))
Sending msg to client play-fork-run-8d13f54c-6083-4fef-937a-ab55b19cbf0d: DetachedLogEvent(LogMessage(debug,Running task... Cancel: sbt.server.ServerTaskCancellation@2f38ea3b, check cycles: false))
Sending msg to client play-fork-run-8d13f54c-6083-4fef-937a-ab55b19cbf0d: DetachedLogEvent(LogMessage(debug,cancel strategy start enabled=true lastCommand=Some(LastCommand(CommandExecutionWork(ExecutionId(207),{file:/F:/LMU/GCA-Web/}GCA-Web/*:playForkConfig,Set(LiveClient(play-fork-run 8d13f54c-6083-4fef-937a-ab55b19cbf0d)),sbt.server.WorkCancellationStatus$$anon$1@4d0d7049)))))
Sending msg to client play-fork-run-8d13f54c-6083-4fef-937a-ab55b19cbf0d: TaskStarted(207,17439,None)
Sending msg to client play-fork-run-8d13f54c-6083-4fef-937a-ab55b19cbf0d: TaskStarted(207,17443,Some(AttributeKey[scala.Tuple2[java.lang.String,java.io.File]]("playPrefixAndAssets") in Scope(Build: file:/F:/LMU/GCA-Web/, , Project: ProjectReference(file:/F:/LMU/GCA-Web/,GCA-Web))))
Sending msg to client play-fork-run-8d13f54c-6083-4fef-937a-ab55b19cbf0d: ExecutionWaiting(210,jobStop 22,ClientInfo(308a4040-ddd5-4d64-805d-557b9bdb99f8,activator,Activator,3,Vector()))
Sending msg to client play-fork-run-8d13f54c-6083-4fef-937a-ab55b19cbf0d: TaskStarted(207,17444,Some(AttributeKey[scala.collection.Seq[java.lang.String]]("javaOptions") in Scope(Global)))
Sending msg to client play-fork-run-8d13f54c-6083-4fef-937a-ab55b19cbf0d: TaskStarted(207,17447,None)
Sending msg to client play-fork-run-8d13f54c-6083-4fef-937a-ab55b19cbf0d: TaskStarted(207,17460,None)
Sending msg to client play-fork-run-8d13f54c-6083-4fef-937a-ab55b19cbf0d: DetachedLogEvent(LogMessage(debug,cancel strategy cancel() with enabled=true lastCommand=Some(LastCommand(CommandExecutionWork(ExecutionId(207),{file:/F:/LMU/GCA-Web/}GCA-Web/*:playForkConfig,Set(LiveClient(play-fork-run 8d13f54c-6083-4fef-937a-ab55b19cbf0d)),sbt.server.WorkCancellationStatus$$anon$1@4d0d7049)))))
Sending msg to client play-fork-run-8d13f54c-6083-4fef-937a-ab55b19cbf0d: TaskStarted(207,17463,None)
Sending msg to client play-fork-run-8d13f54c-6083-4fef-937a-ab55b19cbf0d: DetachedLogEvent(LogStdOut())
Sending msg to client play-fork-run-8d13f54c-6083-4fef-937a-ab55b19cbf0d: DetachedLogEvent(LogMessage(warn,Canceling execution...))
Sending msg to client play-fork-run-8d13f54c-6083-4fef-937a-ab55b19cbf0d: TaskStarted(207,17464,None)
Sending msg to client play-fork-run-8d13f54c-6083-4fef-937a-ab55b19cbf0d: DetachedLogEvent(LogMessage(debug,cancel strategy finish enabled=false lastCommand=Some(LastCommand(CommandExecutionWork(ExecutionId(207),{file:/F:/LMU/GCA-Web/}GCA-Web/*:playForkConfig,Set(LiveClient(play-fork-run 8d13f54c-6083-4fef-937a-ab55b19cbf0d)),sbt.server.WorkCancellationStatus$$anon$1@4d0d7049)))))
Sending msg to client play-fork-run-8d13f54c-6083-4fef-937a-ab55b19cbf0d: DetachedLogEvent(LogTrace(RejectedExecutionException,Task java.util.concurrent.ExecutorCompletionService$QueueingFuture@3ec68e90 rejected from java.util.concurrent.ThreadPoolExecutor@29ef3d0c[Shutting down, pool size = 6, active threads = 6, queued tasks = 0, completed tasks = 0]))
Sending msg to client play-fork-run-8d13f54c-6083-4fef-937a-ab55b19cbf0d: DetachedLogEvent(LogMessage(error,java.util.concurrent.RejectedExecutionException: Task java.util.concurrent.ExecutorCompletionService$QueueingFuture@3ec68e90 rejected from java.util.concurrent.ThreadPoolExecutor@29ef3d0c[Shutting down, pool size = 6, active threads = 6, queued tasks = 0, completed tasks = 0]))
Sending msg to client play-fork-run-8d13f54c-6083-4fef-937a-ab55b19cbf0d: DetachedLogEvent(LogMessage(error,Use 'last' for the full log.))
Sending msg to client play-fork-run-8d13f54c-6083-4fef-937a-ab55b19cbf0d: DetachedLogEvent(LogMessage(debug,> server-post-command-error-handler))
Sending msg to client play-fork-run-8d13f54c-6083-4fef-937a-ab55b19cbf0d: ExecutionWaiting(211,backgroundRun,ClientInfo(308a4040-ddd5-4d64-805d-557b9bdb99f8,activator,Activator,3,Vector()))
Sending msg to client play-fork-run-8d13f54c-6083-4fef-937a-ab55b19cbf0d: ExecutionFailure(207)
Sending msg to client play-fork-run-8d13f54c-6083-4fef-937a-ab55b19cbf0d: DetachedLogEvent(LogMessage(debug,> server-post-command-cleanup))
Sending msg to client play-fork-run-8d13f54c-6083-4fef-937a-ab55b19cbf0d: DetachedLogEvent(LogMessage(debug,> server-handle-next-server-request))
Sending msg to client play-fork-run-8d13f54c-6083-4fef-937a-ab55b19cbf0d: ExecutionStarting(208)
Sending msg to client play-fork-run-8d13f54c-6083-4fef-937a-ab55b19cbf0d: DetachedLogEvent(LogMessage(debug,> compile))
Sending msg to client play-fork-run-8d13f54c-6083-4fef-937a-ab55b19cbf0d: DetachedLogEvent(LogMessage(debug,Evaluating tasks: compile:compile))
Sending msg to client play-fork-run-8d13f54c-6083-4fef-937a-ab55b19cbf0d: DetachedLogEvent(LogMessage(debug,Running task... Cancel: sbt.server.ServerTaskCancellation@5946bb9f, check cycles: false))
Sending msg to client play-fork-run-8d13f54c-6083-4fef-937a-ab55b19cbf0d: DetachedLogEvent(LogMessage(debug,cancel strategy start enabled=true lastCommand=Some(LastCommand(CommandExecutionWork(ExecutionId(208),compile,Set(LiveClient(activator 308a4040-ddd5-4d64-805d-557b9bdb99f8)),sbt.server.WorkCancellationStatus$$anon$1@355d621b)))))
Sending msg to client play-fork-run-8d13f54c-6083-4fef-937a-ab55b19cbf0d: DetachedLogEvent(LogMessage(debug,cancel strategy cancel() with enabled=true lastCommand=Some(LastCommand(CommandExecutionWork(ExecutionId(208),compile,Set(LiveClient(activator 308a4040-ddd5-4d64-805d-557b9bdb99f8)),sbt.server.WorkCancellationStatus$$anon$1@355d621b)))))
Sending msg to client play-fork-run-8d13f54c-6083-4fef-937a-ab55b19cbf0d: DetachedLogEvent(LogStdOut())
Sending msg to client play-fork-run-8d13f54c-6083-4fef-937a-ab55b19cbf0d: DetachedLogEvent(LogMessage(warn,Canceling execution...))
Sending msg to client play-fork-run-8d13f54c-6083-4fef-937a-ab55b19cbf0d: DetachedLogEvent(LogMessage(debug,cancel strategy finish enabled=false lastCommand=Some(LastCommand(CommandExecutionWork(ExecutionId(208),compile,Set(LiveClient(activator 308a4040-ddd5-4d64-805d-557b9bdb99f8)),sbt.server.WorkCancellationStatus$$anon$1@355d621b)))))
Sending msg to client play-fork-run-8d13f54c-6083-4fef-937a-ab55b19cbf0d: DetachedLogEvent(LogTrace(RuntimeException,registered more than once? Task((taskDefinitionKey: ScopedKey(Scope(Select(ProjectRef(file:/F:/LMU/GCA-Web/,GCA-Web)),Global,Global,Global),update)))))
Sending msg to client play-fork-run-8d13f54c-6083-4fef-937a-ab55b19cbf0d: DetachedLogEvent(LogMessage(error,registered more than once? Task((taskDefinitionKey: ScopedKey(Scope(Select(ProjectRef(file:/F:/LMU/GCA-Web/,GCA-Web)),Global,Global,Global),update)))))
Sending msg to client play-fork-run-8d13f54c-6083-4fef-937a-ab55b19cbf0d: DetachedLogEvent(LogMessage(error,Use 'last' for the full log.))
Sending msg to client play-fork-run-8d13f54c-6083-4fef-937a-ab55b19cbf0d: DetachedLogEvent(LogMessage(debug,> server-post-command-error-handler))
Sending msg to client play-fork-run-8d13f54c-6083-4fef-937a-ab55b19cbf0d: ExecutionFailure(208)
Sending msg to client play-fork-run-8d13f54c-6083-4fef-937a-ab55b19cbf0d: DetachedLogEvent(LogMessage(debug,> server-post-command-cleanup))
Sending msg to client play-fork-run-8d13f54c-6083-4fef-937a-ab55b19cbf0d: DetachedLogEvent(LogMessage(debug,> server-handle-next-server-request))
Sending msg to client play-fork-run-8d13f54c-6083-4fef-937a-ab55b19cbf0d: ExecutionStarting(209)
Sending msg to client play-fork-run-8d13f54c-6083-4fef-937a-ab55b19cbf0d: DetachedLogEvent(LogMessage(debug,> jobStop 21))
Sending msg to client play-fork-run-8d13f54c-6083-4fef-937a-ab55b19cbf0d: DetachedLogEvent(LogMessage(debug,Evaluating tasks: *:jobStop))
Sending msg to client play-fork-run-8d13f54c-6083-4fef-937a-ab55b19cbf0d: DetachedLogEvent(LogMessage(debug,Running task... Cancel: sbt.server.ServerTaskCancellation@4c62b15c, check cycles: false))
Sending msg to client play-fork-run-8d13f54c-6083-4fef-937a-ab55b19cbf0d: DetachedLogEvent(LogMessage(debug,cancel strategy start enabled=true lastCommand=Some(LastCommand(CommandExecutionWork(ExecutionId(209),jobStop 21,Set(LiveClient(activator 308a4040-ddd5-4d64-805d-557b9bdb99f8)),sbt.server.WorkCancellationStatus$$anon$1@37873b4e)))))
Sending msg to client play-fork-run-8d13f54c-6083-4fef-937a-ab55b19cbf0d: TaskStarted(209,17476,Some(AttributeKey[void]("jobStop") in Scope(Global)))
Sending msg to client play-fork-run-8d13f54c-6083-4fef-937a-ab55b19cbf0d: TaskFinished(209,17476,Some(AttributeKey[void]("jobStop") in Scope(Global)),true,None)
Sending msg to client play-fork-run-8d13f54c-6083-4fef-937a-ab55b19cbf0d: BackgroundJobFinished(191,21)
Sending msg to client play-fork-run-8d13f54c-6083-4fef-937a-ab55b19cbf0d: DetachedLogEvent(LogStdErr(Exception in thread "sbt-bg-threads-20" java.lang.Error: java.lang.InterruptedException: sleep interrupted))
Sending msg to client play-fork-run-8d13f54c-6083-4fef-937a-ab55b19cbf0d: DetachedLogEvent(LogStdErr(	at java.util.concurrent.ThreadPoolExecutor.runWorker(Unknown Source)))
Sending msg to client play-fork-run-8d13f54c-6083-4fef-937a-ab55b19cbf0d: DetachedLogEvent(LogStdErr(	at java.util.concurrent.ThreadPoolExecutor$Worker.run(Unknown Source)))
Sending msg to client play-fork-run-8d13f54c-6083-4fef-937a-ab55b19cbf0d: DetachedLogEvent(LogStdErr(	at java.lang.Thread.run(Unknown Source)))
Sending msg to client play-fork-run-8d13f54c-6083-4fef-937a-ab55b19cbf0d: DetachedLogEvent(LogStdErr(Caused by: java.lang.InterruptedException: sleep interrupted))
Sending msg to client play-fork-run-8d13f54c-6083-4fef-937a-ab55b19cbf0d: DetachedLogEvent(LogStdErr(	at java.lang.Thread.sleep(Native Method)))
Sending msg to client play-fork-run-8d13f54c-6083-4fef-937a-ab55b19cbf0d: DetachedLogEvent(LogStdErr(	at play.sbt.forkrun.PlayForkProcess$.timedWaitFor$1(PlayForkProcess.scala:57)))
Sending msg to client play-fork-run-8d13f54c-6083-4fef-937a-ab55b19cbf0d: DetachedLogEvent(LogStdErr(	at play.sbt.forkrun.PlayForkProcess$.play$sbt$forkrun$PlayForkProcess$$stop$1(PlayForkProcess.scala:64)))
Sending msg to client play-fork-run-8d13f54c-6083-4fef-937a-ab55b19cbf0d: DetachedLogEvent(LogStdErr(	at play.sbt.forkrun.PlayForkProcess$.run(PlayForkProcess.scala:82)))
Sending msg to client play-fork-run-8d13f54c-6083-4fef-937a-ab55b19cbf0d: DetachedLogEvent(LogStdErr(	at play.sbt.forkrun.PlayForkProcess$.apply(PlayForkProcess.scala:34)))
Sending msg to client play-fork-run-8d13f54c-6083-4fef-937a-ab55b19cbf0d: DetachedLogEvent(LogStdErr(	at play.sbt.forkrun.PlayForkRun$$anonfun$backgroundForkRunTask$1$$anonfun$apply$7$$anonfun$apply$8$$anonfun$apply$9.apply(PlayForkRun.scala:108)))
Sending msg to client play-fork-run-8d13f54c-6083-4fef-937a-ab55b19cbf0d: DetachedLogEvent(LogStdErr(	at play.sbt.forkrun.PlayForkRun$$anonfun$backgroundForkRunTask$1$$anonfun$apply$7$$anonfun$apply$8$$anonfun$apply$9.apply(PlayForkRun.scala:107)))
Sending msg to client play-fork-run-8d13f54c-6083-4fef-937a-ab55b19cbf0d: DetachedLogEvent(LogStdErr(	at sbt.BackgroundThreadPool$$anonfun$1.apply$mcV$sp(AbstractBackgroundJobService.scala:134)))
Sending msg to client play-fork-run-8d13f54c-6083-4fef-937a-ab55b19cbf0d: DetachedLogEvent(LogStdErr(	at sbt.BackgroundThreadPool$BackgroundRunnable.run(AbstractBackgroundJobService.scala:68)))
Sending msg to client play-fork-run-8d13f54c-6083-4fef-937a-ab55b19cbf0d: DetachedLogEvent(LogStdErr(	... 3 more))
Sending msg to client play-fork-run-8d13f54c-6083-4fef-937a-ab55b19cbf0d: TaskStarted(209,17475,None)
Sending msg to client play-fork-run-8d13f54c-6083-4fef-937a-ab55b19cbf0d: TaskFinished(209,17475,None,true,None)
Sending msg to client play-fork-run-8d13f54c-6083-4fef-937a-ab55b19cbf0d: TaskStarted(209,17474,None)
Sending msg to client play-fork-run-8d13f54c-6083-4fef-937a-ab55b19cbf0d: TaskFinished(209,17474,None,true,None)
Sending msg to client play-fork-run-8d13f54c-6083-4fef-937a-ab55b19cbf0d: DetachedLogEvent(LogMessage(debug,cancel strategy finish enabled=false lastCommand=Some(LastCommand(CommandExecutionWork(ExecutionId(209),jobStop 21,Set(LiveClient(activator 308a4040-ddd5-4d64-805d-557b9bdb99f8)),sbt.server.WorkCancellationStatus$$anon$1@37873b4e)))))
Sending msg to client play-fork-run-8d13f54c-6083-4fef-937a-ab55b19cbf0d: DetachedLogEvent(LogSuccess(Total time: 0 s, completed Jul 9, 2015 2:56:57 PM))
Sending msg to client play-fork-run-8d13f54c-6083-4fef-937a-ab55b19cbf0d: DetachedLogEvent(LogMessage(debug,> server-post-command-cleanup))
Sending msg to client play-fork-run-8d13f54c-6083-4fef-937a-ab55b19cbf0d: ExecutionSuccess(209)
Sending msg to client play-fork-run-8d13f54c-6083-4fef-937a-ab55b19cbf0d: DetachedLogEvent(LogMessage(debug,> server-handle-next-server-request))
Sending msg to client play-fork-run-8d13f54c-6083-4fef-937a-ab55b19cbf0d: ExecutionStarting(210)
Sending msg to client play-fork-run-8d13f54c-6083-4fef-937a-ab55b19cbf0d: DetachedLogEvent(LogMessage(debug,> jobStop 22))
Sending msg to client play-fork-run-8d13f54c-6083-4fef-937a-ab55b19cbf0d: DetachedLogEvent(LogMessage(debug,Evaluating tasks: *:jobStop))
Sending msg to client play-fork-run-8d13f54c-6083-4fef-937a-ab55b19cbf0d: DetachedLogEvent(LogMessage(debug,Running task... Cancel: sbt.server.ServerTaskCancellation@211a3282, check cycles: false))
Sending msg to client play-fork-run-8d13f54c-6083-4fef-937a-ab55b19cbf0d: DetachedLogEvent(LogMessage(debug,cancel strategy start enabled=true lastCommand=Some(LastCommand(CommandExecutionWork(ExecutionId(210),jobStop 22,Set(LiveClient(activator 308a4040-ddd5-4d64-805d-557b9bdb99f8)),sbt.server.WorkCancellationStatus$$anon$1@3e2abd00)))))
Sending msg to client play-fork-run-8d13f54c-6083-4fef-937a-ab55b19cbf0d: TaskStarted(210,17479,Some(AttributeKey[void]("jobStop") in Scope(Global)))
Sending msg to client play-fork-run-8d13f54c-6083-4fef-937a-ab55b19cbf0d: TaskFinished(210,17479,Some(AttributeKey[void]("jobStop") in Scope(Global)),true,None)
Sending msg to client play-fork-run-8d13f54c-6083-4fef-937a-ab55b19cbf0d: TaskStarted(210,17478,None)
Sending msg to client play-fork-run-8d13f54c-6083-4fef-937a-ab55b19cbf0d: TaskFinished(210,17478,None,true,None)
Sending msg to client play-fork-run-8d13f54c-6083-4fef-937a-ab55b19cbf0d: BackgroundJobLogEvent(22,LogMessage(info,Stopping Play fork run ...))
Sending msg to client play-fork-run-8d13f54c-6083-4fef-937a-ab55b19cbf0d: TaskStarted(210,17477,None)
Sending msg to client play-fork-run-8d13f54c-6083-4fef-937a-ab55b19cbf0d: TaskFinished(210,17477,None,true,None)
Sending msg to client play-fork-run-8d13f54c-6083-4fef-937a-ab55b19cbf0d: DetachedLogEvent(LogMessage(debug,cancel strategy finish enabled=false lastCommand=Some(LastCommand(CommandExecutionWork(ExecutionId(210),jobStop 22,Set(LiveClient(activator 308a4040-ddd5-4d64-805d-557b9bdb99f8)),sbt.server.WorkCancellationStatus$$anon$1@3e2abd00)))))
Sending msg to client play-fork-run-8d13f54c-6083-4fef-937a-ab55b19cbf0d: DetachedLogEvent(LogSuccess(Total time: 0 s, completed Jul 9, 2015 2:56:57 PM))
Sending msg to client play-fork-run-8d13f54c-6083-4fef-937a-ab55b19cbf0d: DetachedLogEvent(LogMessage(debug,> server-post-command-cleanup))
Sending msg to client play-fork-run-8d13f54c-6083-4fef-937a-ab55b19cbf0d: ExecutionSuccess(210)
Sending msg to client play-fork-run-8d13f54c-6083-4fef-937a-ab55b19cbf0d: DetachedLogEvent(LogMessage(debug,> server-handle-next-server-request))
Sending msg to client play-fork-run-8d13f54c-6083-4fef-937a-ab55b19cbf0d: ExecutionStarting(211)
Sending msg to client play-fork-run-8d13f54c-6083-4fef-937a-ab55b19cbf0d: DetachedLogEvent(LogMessage(debug,> backgroundRun))
Got request: UnlistenToEvents()
Reading next message from client.
Sending msg to client play-fork-run-8d13f54c-6083-4fef-937a-ab55b19cbf0d: (8,ReceivedResponse())
Got request: UnlistenToValue(AttributeKey[play.forkrun.protocol.ForkConfig]("playForkConfig") in Scope(Build: file:/F:/LMU/GCA-Web/, , Project: ProjectReference(file:/F:/LMU/GCA-Web/,GCA-Web)))
Reading next message from client.
Client play-fork-run-8d13f54c-6083-4fef-937a-ab55b19cbf0d EOF, shutting down.
Stopping client.
Client play-fork-run-8d13f54c-6083-4fef-937a-ab55b19cbf0d thread exiting.
Dropping message (9,ReceivedResponse()) to dead client play-fork-run-8d13f54c-6083-4fef-937a-ab55b19cbf0d
Dropping message (0,ReceivedResponse()) to dead client play-fork-run-8d13f54c-6083-4fef-937a-ab55b19cbf0d
