New log file opened at Thu Jul 09 15:14:39 CEST 2015 by 12140@Shumail-Laptop
Sending msg to client play-fork-run-cca1b538-518d-4952-a0cd-483815ef0270: DetachedLogEvent(LogMessage(debug,sbt server socket logs are in: F:\LMU\GCA-Web\.sbtserver\connections\master.log))
Sending msg to client play-fork-run-cca1b538-518d-4952-a0cd-483815ef0270: DetachedLogEvent(LogMessage(debug,sbt general server logs are in: F:\LMU\GCA-Web\.sbtserver\master.log))
Sending msg to client play-fork-run-cca1b538-518d-4952-a0cd-483815ef0270: DetachedLogEvent(LogMessage(debug,sbt client logs are in: F:\LMU\GCA-Web\.sbtserver\connections\play-fork-run-cca1b538-518d-4952-a0cd-483815ef0270.log))
Reading next message from client.
Got request: DaemonRequest(true)
Reading next message from client.
Sending msg to client play-fork-run-cca1b538-518d-4952-a0cd-483815ef0270: (3,ReceivedResponse())
Got request: ListenToEvents()
Reading next message from client.
Sending msg to client play-fork-run-cca1b538-518d-4952-a0cd-483815ef0270: BackgroundJobStarted(242,BackgroundJobInfo(29,backgroundRun,AttributeKey[sbt.BackgroundJobHandle]("backgroundRun") in Scope(Build: file:/F:/LMU/GCA-Web/, , Project: ProjectReference(file:/F:/LMU/GCA-Web/,GCA-Web), Config: compile)))
Sending msg to client play-fork-run-cca1b538-518d-4952-a0cd-483815ef0270: BackgroundJobStarted(240,BackgroundJobInfo(28,backgroundRun,AttributeKey[sbt.BackgroundJobHandle]("backgroundRun") in Scope(Build: file:/F:/LMU/GCA-Web/, , Project: ProjectReference(file:/F:/LMU/GCA-Web/,GCA-Web), Config: compile)))
Sending msg to client play-fork-run-cca1b538-518d-4952-a0cd-483815ef0270: (4,ReceivedResponse())
Got request: KeyLookupRequest(GCA-Web/playForkConfig)
Reading next message from client.
Sending msg to client play-fork-run-cca1b538-518d-4952-a0cd-483815ef0270: (5,KeyLookupResponse(GCA-Web/playForkConfig,Vector(AttributeKey[play.forkrun.protocol.ForkConfig]("playForkConfig") in Scope(Build: file:/F:/LMU/GCA-Web/, , Project: ProjectReference(file:/F:/LMU/GCA-Web/,GCA-Web)))))
Got request: ListenToValue(AttributeKey[play.forkrun.protocol.ForkConfig]("playForkConfig") in Scope(Build: file:/F:/LMU/GCA-Web/, , Project: ProjectReference(file:/F:/LMU/GCA-Web/,GCA-Web)))
Reading next message from client.
Sending msg to client play-fork-run-cca1b538-518d-4952-a0cd-483815ef0270: (6,ReceivedResponse())
Got request: KeyExecutionRequest(AttributeKey[play.forkrun.protocol.ForkConfig]("playForkConfig") in Scope(Build: file:/F:/LMU/GCA-Web/, , Project: ProjectReference(file:/F:/LMU/GCA-Web/,GCA-Web)))
Reading next message from client.
Sending msg to client play-fork-run-cca1b538-518d-4952-a0cd-483815ef0270: (7,ExecutionRequestReceived(245))
Sending msg to client play-fork-run-cca1b538-518d-4952-a0cd-483815ef0270: ExecutionWaiting(245,{file:/F:/LMU/GCA-Web/}GCA-Web/*:playForkConfig,ClientInfo(cca1b538-518d-4952-a0cd-483815ef0270,play-fork-run,Play Fork Run,1,Vector()))
Sending msg to client play-fork-run-cca1b538-518d-4952-a0cd-483815ef0270: ExecutionStarting(245)
Sending msg to client play-fork-run-cca1b538-518d-4952-a0cd-483815ef0270: DetachedLogEvent(LogMessage(debug,> {file:/F:/LMU/GCA-Web/}GCA-Web/*:playForkConfig))
Sending msg to client play-fork-run-cca1b538-518d-4952-a0cd-483815ef0270: DetachedLogEvent(LogMessage(debug,Evaluating tasks: *:playForkConfig))
Sending msg to client play-fork-run-cca1b538-518d-4952-a0cd-483815ef0270: DetachedLogEvent(LogMessage(debug,Running task... Cancel: sbt.server.ServerTaskCancellation@390afdc4, check cycles: false))
Sending msg to client play-fork-run-cca1b538-518d-4952-a0cd-483815ef0270: DetachedLogEvent(LogMessage(debug,cancel strategy start enabled=true lastCommand=Some(LastCommand(CommandExecutionWork(ExecutionId(245),{file:/F:/LMU/GCA-Web/}GCA-Web/*:playForkConfig,Set(LiveClient(play-fork-run cca1b538-518d-4952-a0cd-483815ef0270)),sbt.server.WorkCancellationStatus$$anon$1@41365c83)))))
Sending msg to client play-fork-run-cca1b538-518d-4952-a0cd-483815ef0270: TaskStarted(245,19220,None)
Sending msg to client play-fork-run-cca1b538-518d-4952-a0cd-483815ef0270: TaskStarted(245,19224,Some(AttributeKey[scala.Tuple2[java.lang.String,java.io.File]]("playPrefixAndAssets") in Scope(Build: file:/F:/LMU/GCA-Web/, , Project: ProjectReference(file:/F:/LMU/GCA-Web/,GCA-Web))))
Sending msg to client play-fork-run-cca1b538-518d-4952-a0cd-483815ef0270: TaskStarted(245,19225,Some(AttributeKey[scala.collection.Seq[java.lang.String]]("javaOptions") in Scope(Global)))
Sending msg to client play-fork-run-cca1b538-518d-4952-a0cd-483815ef0270: TaskStarted(245,19228,None)
Sending msg to client play-fork-run-cca1b538-518d-4952-a0cd-483815ef0270: TaskStarted(245,19241,None)
Sending msg to client play-fork-run-cca1b538-518d-4952-a0cd-483815ef0270: TaskStarted(245,19244,None)
Sending msg to client play-fork-run-cca1b538-518d-4952-a0cd-483815ef0270: TaskStarted(245,19245,None)
Sending msg to client play-fork-run-cca1b538-518d-4952-a0cd-483815ef0270: TaskStarted(245,19249,Some(AttributeKey[java.lang.String]("updateCacheName") in Scope(Build: file:/F:/LMU/GCA-Web/, , Project: ProjectReference(file:/F:/LMU/GCA-Web/,GCA-Web))))
Sending msg to client play-fork-run-cca1b538-518d-4952-a0cd-483815ef0270: TaskStarted(245,19258,Some(AttributeKey[scala.collection.Seq[sbt.Resolver]]("externalResolvers") in Scope(Build: file:/F:/LMU/GCA-Web/, , Project: ProjectReference(file:/F:/LMU/GCA-Web/,GCA-Web))))
Sending msg to client play-fork-run-cca1b538-518d-4952-a0cd-483815ef0270: TaskStarted(245,19259,Some(AttributeKey[scala.Option[scala.collection.Seq[sbt.Resolver]]]("bootResolvers") in Scope(Build: file:/F:/LMU/GCA-Web/, , Project: ProjectReference(file:/F:/LMU/GCA-Web/,GCA-Web))))
Sending msg to client play-fork-run-cca1b538-518d-4952-a0cd-483815ef0270: TaskStarted(245,19264,Some(AttributeKey[scala.collection.Seq[sbt.Credentials]]("credentials") in Scope(Global)))
Sending msg to client play-fork-run-cca1b538-518d-4952-a0cd-483815ef0270: TaskStarted(245,19265,Some(AttributeKey[boolean]("skip") in Scope(Global)))
Sending msg to client play-fork-run-cca1b538-518d-4952-a0cd-483815ef0270: TaskStarted(245,19267,None)
Sending msg to client play-fork-run-cca1b538-518d-4952-a0cd-483815ef0270: TaskStarted(245,19271,None)
Sending msg to client play-fork-run-cca1b538-518d-4952-a0cd-483815ef0270: TaskFinished(245,19224,Some(AttributeKey[scala.Tuple2[java.lang.String,java.io.File]]("playPrefixAndAssets") in Scope(Build: file:/F:/LMU/GCA-Web/, , Project: ProjectReference(file:/F:/LMU/GCA-Web/,GCA-Web))),true,None)
Sending msg to client play-fork-run-cca1b538-518d-4952-a0cd-483815ef0270: TaskStarted(245,19223,None)
Sending msg to client play-fork-run-cca1b538-518d-4952-a0cd-483815ef0270: TaskFinished(245,19241,None,true,None)
Sending msg to client play-fork-run-cca1b538-518d-4952-a0cd-483815ef0270: TaskFinished(245,19245,None,true,None)
Sending msg to client play-fork-run-cca1b538-518d-4952-a0cd-483815ef0270: TaskFinished(245,19264,Some(AttributeKey[scala.collection.Seq[sbt.Credentials]]("credentials") in Scope(Global)),true,None)
Sending msg to client play-fork-run-cca1b538-518d-4952-a0cd-483815ef0270: TaskFinished(245,19228,None,true,None)
Sending msg to client play-fork-run-cca1b538-518d-4952-a0cd-483815ef0270: TaskStarted(245,19227,None)
Sending msg to client play-fork-run-cca1b538-518d-4952-a0cd-483815ef0270: TaskStarted(245,19234,None)
Sending msg to client play-fork-run-cca1b538-518d-4952-a0cd-483815ef0270: TaskStarted(245,19236,None)
Sending msg to client play-fork-run-cca1b538-518d-4952-a0cd-483815ef0270: TaskStarted(245,19248,None)
Sending msg to client play-fork-run-cca1b538-518d-4952-a0cd-483815ef0270: TaskStarted(245,19256,None)
Sending msg to client play-fork-run-cca1b538-518d-4952-a0cd-483815ef0270: TaskStarted(245,19262,None)
Sending msg to client play-fork-run-cca1b538-518d-4952-a0cd-483815ef0270: TaskStarted(245,19263,None)
Sending msg to client play-fork-run-cca1b538-518d-4952-a0cd-483815ef0270: TaskStarted(245,19266,None)
Sending msg to client play-fork-run-cca1b538-518d-4952-a0cd-483815ef0270: TaskFinished(245,19249,Some(AttributeKey[java.lang.String]("updateCacheName") in Scope(Build: file:/F:/LMU/GCA-Web/, , Project: ProjectReference(file:/F:/LMU/GCA-Web/,GCA-Web))),true,None)
Sending msg to client play-fork-run-cca1b538-518d-4952-a0cd-483815ef0270: TaskFinished(245,19267,None,true,None)
Sending msg to client play-fork-run-cca1b538-518d-4952-a0cd-483815ef0270: TaskFinished(245,19244,None,true,None)
Sending msg to client play-fork-run-cca1b538-518d-4952-a0cd-483815ef0270: TaskStarted(245,19243,Some(AttributeKey[scala.collection.Seq[sbt.UpdateReport]]("transitiveUpdate") in Scope(Build: file:/F:/LMU/GCA-Web/, , Project: ProjectReference(file:/F:/LMU/GCA-Web/,GCA-Web))))
Sending msg to client play-fork-run-cca1b538-518d-4952-a0cd-483815ef0270: TaskFinished(245,19225,Some(AttributeKey[scala.collection.Seq[java.lang.String]]("javaOptions") in Scope(Global)),true,None)
Sending msg to client play-fork-run-cca1b538-518d-4952-a0cd-483815ef0270: TaskFinished(245,19220,None,true,None)
Sending msg to client play-fork-run-cca1b538-518d-4952-a0cd-483815ef0270: TaskStarted(245,19219,Some(AttributeKey[scala.collection.Seq[java.lang.String]]("playMonitoredFiles") in Scope(Build: file:/F:/LMU/GCA-Web/, , Project: ProjectReference(file:/F:/LMU/GCA-Web/,GCA-Web))))
Sending msg to client play-fork-run-cca1b538-518d-4952-a0cd-483815ef0270: TaskStarted(245,19233,Some(AttributeKey[sbt.BuildStructure]("buildStructure") in Scope(Global)))
Sending msg to client play-fork-run-cca1b538-518d-4952-a0cd-483815ef0270: TaskStarted(245,19242,Some(AttributeKey[java.io.File]("dependencyCacheDirectory") in Scope(Build: file:/F:/LMU/GCA-Web/, , Project: ProjectReference(file:/F:/LMU/GCA-Web/,GCA-Web))))
Sending msg to client play-fork-run-cca1b538-518d-4952-a0cd-483815ef0270: TaskFinished(245,19265,Some(AttributeKey[boolean]("skip") in Scope(Global)),true,None)
Sending msg to client play-fork-run-cca1b538-518d-4952-a0cd-483815ef0270: TaskFinished(245,19271,None,true,None)
Sending msg to client play-fork-run-cca1b538-518d-4952-a0cd-483815ef0270: TaskFinished(245,19259,Some(AttributeKey[scala.Option[scala.collection.Seq[sbt.Resolver]]]("bootResolvers") in Scope(Build: file:/F:/LMU/GCA-Web/, , Project: ProjectReference(file:/F:/LMU/GCA-Web/,GCA-Web))),true,None)
Sending msg to client play-fork-run-cca1b538-518d-4952-a0cd-483815ef0270: TaskFinished(245,19223,None,true,None)
Sending msg to client play-fork-run-cca1b538-518d-4952-a0cd-483815ef0270: TaskStarted(245,19222,None)
Sending msg to client play-fork-run-cca1b538-518d-4952-a0cd-483815ef0270: TaskFinished(245,19258,Some(AttributeKey[scala.collection.Seq[sbt.Resolver]]("externalResolvers") in Scope(Build: file:/F:/LMU/GCA-Web/, , Project: ProjectReference(file:/F:/LMU/GCA-Web/,GCA-Web))),true,None)
Sending msg to client play-fork-run-cca1b538-518d-4952-a0cd-483815ef0270: TaskFinished(245,19227,None,true,None)
Sending msg to client play-fork-run-cca1b538-518d-4952-a0cd-483815ef0270: TaskFinished(245,19234,None,true,None)
Sending msg to client play-fork-run-cca1b538-518d-4952-a0cd-483815ef0270: TaskFinished(245,19236,None,true,None)
Sending msg to client play-fork-run-cca1b538-518d-4952-a0cd-483815ef0270: TaskFinished(245,19248,None,true,None)
Sending msg to client play-fork-run-cca1b538-518d-4952-a0cd-483815ef0270: TaskStarted(245,19247,Some(AttributeKey[scala.collection.immutable.Map[sbt.ModuleID,sbt.SourcePosition]]("dependencyPositions") in Scope(Build: file:/F:/LMU/GCA-Web/, , Project: ProjectReference(file:/F:/LMU/GCA-Web/,GCA-Web))))
Sending msg to client play-fork-run-cca1b538-518d-4952-a0cd-483815ef0270: TaskFinished(245,19256,None,true,None)
Sending msg to client play-fork-run-cca1b538-518d-4952-a0cd-483815ef0270: TaskFinished(245,19263,None,true,None)
Sending msg to client play-fork-run-cca1b538-518d-4952-a0cd-483815ef0270: TaskFinished(245,19266,None,true,None)
Sending msg to client play-fork-run-cca1b538-518d-4952-a0cd-483815ef0270: TaskFinished(245,19262,None,true,None)
Sending msg to client play-fork-run-cca1b538-518d-4952-a0cd-483815ef0270: TaskFinished(245,19243,Some(AttributeKey[scala.collection.Seq[sbt.UpdateReport]]("transitiveUpdate") in Scope(Build: file:/F:/LMU/GCA-Web/, , Project: ProjectReference(file:/F:/LMU/GCA-Web/,GCA-Web))),true,None)
Sending msg to client play-fork-run-cca1b538-518d-4952-a0cd-483815ef0270: TaskFinished(245,19219,Some(AttributeKey[scala.collection.Seq[java.lang.String]]("playMonitoredFiles") in Scope(Build: file:/F:/LMU/GCA-Web/, , Project: ProjectReference(file:/F:/LMU/GCA-Web/,GCA-Web))),true,None)
Sending msg to client play-fork-run-cca1b538-518d-4952-a0cd-483815ef0270: TaskFinished(245,19222,None,true,None)
Sending msg to client play-fork-run-cca1b538-518d-4952-a0cd-483815ef0270: TaskStarted(245,19221,Some(AttributeKey[scala.collection.Seq[scala.Tuple2[java.lang.String,java.io.File]]]("playAllAssets") in Scope(Build: file:/F:/LMU/GCA-Web/, , Project: ProjectReference(file:/F:/LMU/GCA-Web/,GCA-Web))))
Sending msg to client play-fork-run-cca1b538-518d-4952-a0cd-483815ef0270: TaskFinished(245,19233,Some(AttributeKey[sbt.BuildStructure]("buildStructure") in Scope(Global)),true,None)
Sending msg to client play-fork-run-cca1b538-518d-4952-a0cd-483815ef0270: TaskStarted(245,19232,Some(AttributeKey[sbt.Settings[sbt.Scope]]("settingsData") in Scope(Global)))
Sending msg to client play-fork-run-cca1b538-518d-4952-a0cd-483815ef0270: TaskFinished(245,19242,Some(AttributeKey[java.io.File]("dependencyCacheDirectory") in Scope(Build: file:/F:/LMU/GCA-Web/, , Project: ProjectReference(file:/F:/LMU/GCA-Web/,GCA-Web))),true,None)
Sending msg to client play-fork-run-cca1b538-518d-4952-a0cd-483815ef0270: TaskFinished(245,19221,Some(AttributeKey[scala.collection.Seq[scala.Tuple2[java.lang.String,java.io.File]]]("playAllAssets") in Scope(Build: file:/F:/LMU/GCA-Web/, , Project: ProjectReference(file:/F:/LMU/GCA-Web/,GCA-Web))),true,None)
Sending msg to client play-fork-run-cca1b538-518d-4952-a0cd-483815ef0270: TaskFinished(245,19232,Some(AttributeKey[sbt.Settings[sbt.Scope]]("settingsData") in Scope(Global)),true,None)
Sending msg to client play-fork-run-cca1b538-518d-4952-a0cd-483815ef0270: TaskStarted(245,19231,None)
Sending msg to client play-fork-run-cca1b538-518d-4952-a0cd-483815ef0270: TaskStarted(245,19240,None)
Sending msg to client play-fork-run-cca1b538-518d-4952-a0cd-483815ef0270: TaskStarted(245,19253,Some(AttributeKey[scala.collection.Seq[sbt.ModuleID]]("projectDependencies") in Scope(Build: file:/F:/LMU/GCA-Web/, , Project: ProjectReference(file:/F:/LMU/GCA-Web/,GCA-Web))))
Sending msg to client play-fork-run-cca1b538-518d-4952-a0cd-483815ef0270: TaskStarted(245,19261,Some(AttributeKey[scala.collection.immutable.Map[org.apache.ivy.core.module.id.ModuleRevisionId,org.apache.ivy.core.module.descriptor.ModuleDescriptor]]("projectDescriptors") in Scope(Build: file:/F:/LMU/GCA-Web/, , Project: ProjectReference(file:/F:/LMU/GCA-Web/,GCA-Web))))
Sending msg to client play-fork-run-cca1b538-518d-4952-a0cd-483815ef0270: TaskStarted(245,19277,None)
Sending msg to client play-fork-run-cca1b538-518d-4952-a0cd-483815ef0270: TaskStarted(245,19279,None)
Sending msg to client play-fork-run-cca1b538-518d-4952-a0cd-483815ef0270: TaskStarted(245,19280,None)
Sending msg to client play-fork-run-cca1b538-518d-4952-a0cd-483815ef0270: TaskStarted(245,19282,None)
Sending msg to client play-fork-run-cca1b538-518d-4952-a0cd-483815ef0270: TaskStarted(245,19283,None)
Sending msg to client play-fork-run-cca1b538-518d-4952-a0cd-483815ef0270: TaskStarted(245,19284,None)
Sending msg to client play-fork-run-cca1b538-518d-4952-a0cd-483815ef0270: TaskStarted(245,19286,None)
Sending msg to client play-fork-run-cca1b538-518d-4952-a0cd-483815ef0270: TaskFinished(245,19279,None,true,None)
Sending msg to client play-fork-run-cca1b538-518d-4952-a0cd-483815ef0270: TaskFinished(245,19280,None,true,None)
Sending msg to client play-fork-run-cca1b538-518d-4952-a0cd-483815ef0270: TaskStarted(245,19278,Some(AttributeKey[scala.collection.Seq[sbt.Attributed[java.io.File]]]("unmanagedJars") in Scope(Build: file:/F:/LMU/GCA-Web/, , Project: ProjectReference(file:/F:/LMU/GCA-Web/,GCA-Web), Config: compile)))
Sending msg to client play-fork-run-cca1b538-518d-4952-a0cd-483815ef0270: TaskFinished(245,19253,Some(AttributeKey[scala.collection.Seq[sbt.ModuleID]]("projectDependencies") in Scope(Build: file:/F:/LMU/GCA-Web/, , Project: ProjectReference(file:/F:/LMU/GCA-Web/,GCA-Web))),true,None)
Sending msg to client play-fork-run-cca1b538-518d-4952-a0cd-483815ef0270: TaskStarted(245,19252,Some(AttributeKey[scala.collection.Seq[sbt.ModuleID]]("allDependencies") in Scope(Build: file:/F:/LMU/GCA-Web/, , Project: ProjectReference(file:/F:/LMU/GCA-Web/,GCA-Web))))
Sending msg to client play-fork-run-cca1b538-518d-4952-a0cd-483815ef0270: TaskFinished(245,19277,None,true,None)
Sending msg to client play-fork-run-cca1b538-518d-4952-a0cd-483815ef0270: TaskStarted(245,19276,None)
Sending msg to client play-fork-run-cca1b538-518d-4952-a0cd-483815ef0270: TaskFinished(245,19282,None,true,None)
Sending msg to client play-fork-run-cca1b538-518d-4952-a0cd-483815ef0270: TaskFinished(245,19283,None,true,None)
Sending msg to client play-fork-run-cca1b538-518d-4952-a0cd-483815ef0270: TaskStarted(245,19281,Some(AttributeKey[scala.collection.Seq[sbt.Attributed[java.io.File]]]("unmanagedJars") in Scope(Build: file:/F:/LMU/GCA-Web/, , Project: ProjectReference(file:/F:/LMU/GCA-Web/,GCA-Web), Config: runtime)))
Sending msg to client play-fork-run-cca1b538-518d-4952-a0cd-483815ef0270: TaskFinished(245,19284,None,true,None)
Sending msg to client play-fork-run-cca1b538-518d-4952-a0cd-483815ef0270: TaskFinished(245,19240,None,true,None)
Sending msg to client play-fork-run-cca1b538-518d-4952-a0cd-483815ef0270: TaskFinished(245,19286,None,true,None)
Sending msg to client play-fork-run-cca1b538-518d-4952-a0cd-483815ef0270: TaskStarted(245,19285,None)
Sending msg to client play-fork-run-cca1b538-518d-4952-a0cd-483815ef0270: TaskFinished(245,19278,Some(AttributeKey[scala.collection.Seq[sbt.Attributed[java.io.File]]]("unmanagedJars") in Scope(Build: file:/F:/LMU/GCA-Web/, , Project: ProjectReference(file:/F:/LMU/GCA-Web/,GCA-Web), Config: compile)),true,None)
Sending msg to client play-fork-run-cca1b538-518d-4952-a0cd-483815ef0270: TaskFinished(245,19252,Some(AttributeKey[scala.collection.Seq[sbt.ModuleID]]("allDependencies") in Scope(Build: file:/F:/LMU/GCA-Web/, , Project: ProjectReference(file:/F:/LMU/GCA-Web/,GCA-Web))),true,None)
Sending msg to client play-fork-run-cca1b538-518d-4952-a0cd-483815ef0270: TaskStarted(245,19251,Some(AttributeKey[sbt.ModuleSettings]("moduleSettings") in Scope(Build: file:/F:/LMU/GCA-Web/, , Project: ProjectReference(file:/F:/LMU/GCA-Web/,GCA-Web))))
Sending msg to client play-fork-run-cca1b538-518d-4952-a0cd-483815ef0270: TaskStarted(245,19287,None)
Sending msg to client play-fork-run-cca1b538-518d-4952-a0cd-483815ef0270: TaskFinished(245,19281,Some(AttributeKey[scala.collection.Seq[sbt.Attributed[java.io.File]]]("unmanagedJars") in Scope(Build: file:/F:/LMU/GCA-Web/, , Project: ProjectReference(file:/F:/LMU/GCA-Web/,GCA-Web), Config: runtime)),true,None)
Sending msg to client play-fork-run-cca1b538-518d-4952-a0cd-483815ef0270: TaskFinished(245,19247,Some(AttributeKey[scala.collection.immutable.Map[sbt.ModuleID,sbt.SourcePosition]]("dependencyPositions") in Scope(Build: file:/F:/LMU/GCA-Web/, , Project: ProjectReference(file:/F:/LMU/GCA-Web/,GCA-Web))),true,None)
Sending msg to client play-fork-run-cca1b538-518d-4952-a0cd-483815ef0270: TaskStarted(245,19246,Some(AttributeKey[sbt.UnresolvedWarningConfiguration]("unresolvedWarningConfiguration") in Scope(Build: file:/F:/LMU/GCA-Web/, , Project: ProjectReference(file:/F:/LMU/GCA-Web/,GCA-Web), Task: AttributeKey[sbt.UpdateReport]("update"))))
Sending msg to client play-fork-run-cca1b538-518d-4952-a0cd-483815ef0270: TaskFinished(245,19285,None,true,None)
Sending msg to client play-fork-run-cca1b538-518d-4952-a0cd-483815ef0270: TaskFinished(245,19261,Some(AttributeKey[scala.collection.immutable.Map[org.apache.ivy.core.module.id.ModuleRevisionId,org.apache.ivy.core.module.descriptor.ModuleDescriptor]]("projectDescriptors") in Scope(Build: file:/F:/LMU/GCA-Web/, , Project: ProjectReference(file:/F:/LMU/GCA-Web/,GCA-Web))),true,None)
Sending msg to client play-fork-run-cca1b538-518d-4952-a0cd-483815ef0270: TaskStarted(245,19260,Some(AttributeKey[sbt.Resolver]("projectResolver") in Scope(Build: file:/F:/LMU/GCA-Web/, , Project: ProjectReference(file:/F:/LMU/GCA-Web/,GCA-Web))))
Sending msg to client play-fork-run-cca1b538-518d-4952-a0cd-483815ef0270: TaskFinished(245,19251,Some(AttributeKey[sbt.ModuleSettings]("moduleSettings") in Scope(Build: file:/F:/LMU/GCA-Web/, , Project: ProjectReference(file:/F:/LMU/GCA-Web/,GCA-Web))),true,None)
Sending msg to client play-fork-run-cca1b538-518d-4952-a0cd-483815ef0270: TaskFinished(245,19287,None,true,None)
Sending msg to client play-fork-run-cca1b538-518d-4952-a0cd-483815ef0270: TaskFinished(245,19276,None,true,None)
Sending msg to client play-fork-run-cca1b538-518d-4952-a0cd-483815ef0270: TaskStarted(245,19275,Some(AttributeKey[scala.collection.Seq[sbt.Attributed[java.io.File]]]("unmanagedJars") in Scope(Build: file:/F:/LMU/GCA-Web/, , Project: ProjectReference(file:/F:/LMU/GCA-Web/,GCA-Web), Config: compile)))
Sending msg to client play-fork-run-cca1b538-518d-4952-a0cd-483815ef0270: TaskFinished(245,19246,Some(AttributeKey[sbt.UnresolvedWarningConfiguration]("unresolvedWarningConfiguration") in Scope(Build: file:/F:/LMU/GCA-Web/, , Project: ProjectReference(file:/F:/LMU/GCA-Web/,GCA-Web), Task: AttributeKey[sbt.UpdateReport]("update"))),true,None)
Sending msg to client play-fork-run-cca1b538-518d-4952-a0cd-483815ef0270: TaskFinished(245,19260,Some(AttributeKey[sbt.Resolver]("projectResolver") in Scope(Build: file:/F:/LMU/GCA-Web/, , Project: ProjectReference(file:/F:/LMU/GCA-Web/,GCA-Web))),true,None)
Sending msg to client play-fork-run-cca1b538-518d-4952-a0cd-483815ef0270: TaskStarted(245,19257,Some(AttributeKey[scala.collection.Seq[sbt.Resolver]]("fullResolvers") in Scope(Build: file:/F:/LMU/GCA-Web/, , Project: ProjectReference(file:/F:/LMU/GCA-Web/,GCA-Web))))
Sending msg to client play-fork-run-cca1b538-518d-4952-a0cd-483815ef0270: TaskFinished(245,19275,Some(AttributeKey[scala.collection.Seq[sbt.Attributed[java.io.File]]]("unmanagedJars") in Scope(Build: file:/F:/LMU/GCA-Web/, , Project: ProjectReference(file:/F:/LMU/GCA-Web/,GCA-Web), Config: compile)),true,None)
Sending msg to client play-fork-run-cca1b538-518d-4952-a0cd-483815ef0270: TaskStarted(245,19274,None)
Sending msg to client play-fork-run-cca1b538-518d-4952-a0cd-483815ef0270: TaskFinished(245,19257,Some(AttributeKey[scala.collection.Seq[sbt.Resolver]]("fullResolvers") in Scope(Build: file:/F:/LMU/GCA-Web/, , Project: ProjectReference(file:/F:/LMU/GCA-Web/,GCA-Web))),true,None)
Sending msg to client play-fork-run-cca1b538-518d-4952-a0cd-483815ef0270: TaskStarted(245,19255,Some(AttributeKey[sbt.IvyConfiguration]("ivyConfiguration") in Scope(Build: file:/F:/LMU/GCA-Web/, , Project: ProjectReference(file:/F:/LMU/GCA-Web/,GCA-Web))))
Sending msg to client play-fork-run-cca1b538-518d-4952-a0cd-483815ef0270: TaskFinished(245,19274,None,true,None)
Sending msg to client play-fork-run-cca1b538-518d-4952-a0cd-483815ef0270: TaskStarted(245,19273,None)
Sending msg to client play-fork-run-cca1b538-518d-4952-a0cd-483815ef0270: TaskFinished(245,19255,Some(AttributeKey[sbt.IvyConfiguration]("ivyConfiguration") in Scope(Build: file:/F:/LMU/GCA-Web/, , Project: ProjectReference(file:/F:/LMU/GCA-Web/,GCA-Web))),true,None)
Sending msg to client play-fork-run-cca1b538-518d-4952-a0cd-483815ef0270: TaskStarted(245,19254,Some(AttributeKey[sbt.IvySbt]("ivySbt") in Scope(Build: file:/F:/LMU/GCA-Web/, , Project: ProjectReference(file:/F:/LMU/GCA-Web/,GCA-Web))))
Sending msg to client play-fork-run-cca1b538-518d-4952-a0cd-483815ef0270: TaskFinished(245,19273,None,true,None)
Sending msg to client play-fork-run-cca1b538-518d-4952-a0cd-483815ef0270: TaskFinished(245,19231,None,true,None)
Sending msg to client play-fork-run-cca1b538-518d-4952-a0cd-483815ef0270: TaskStarted(245,19230,Some(AttributeKey[scala.collection.Seq[sbt.Attributed[java.io.File]]]("unmanagedClasspath") in Scope(Build: file:/F:/LMU/GCA-Web/, , Project: ProjectReference(file:/F:/LMU/GCA-Web/,GCA-Web), Config: runtime)))
Sending msg to client play-fork-run-cca1b538-518d-4952-a0cd-483815ef0270: TaskFinished(245,19254,Some(AttributeKey[sbt.IvySbt]("ivySbt") in Scope(Build: file:/F:/LMU/GCA-Web/, , Project: ProjectReference(file:/F:/LMU/GCA-Web/,GCA-Web))),true,None)
Sending msg to client play-fork-run-cca1b538-518d-4952-a0cd-483815ef0270: TaskStarted(245,19250,Some(AttributeKey[sbt.IvySbt$Module]("ivyModule") in Scope(Build: file:/F:/LMU/GCA-Web/, , Project: ProjectReference(file:/F:/LMU/GCA-Web/,GCA-Web))))
Sending msg to client play-fork-run-cca1b538-518d-4952-a0cd-483815ef0270: TaskFinished(245,19230,Some(AttributeKey[scala.collection.Seq[sbt.Attributed[java.io.File]]]("unmanagedClasspath") in Scope(Build: file:/F:/LMU/GCA-Web/, , Project: ProjectReference(file:/F:/LMU/GCA-Web/,GCA-Web), Config: runtime)),true,None)
Sending msg to client play-fork-run-cca1b538-518d-4952-a0cd-483815ef0270: TaskFinished(245,19250,Some(AttributeKey[sbt.IvySbt$Module]("ivyModule") in Scope(Build: file:/F:/LMU/GCA-Web/, , Project: ProjectReference(file:/F:/LMU/GCA-Web/,GCA-Web))),true,None)
Sending msg to client play-fork-run-cca1b538-518d-4952-a0cd-483815ef0270: TaskStarted(245,19239,Some(AttributeKey[sbt.UpdateReport]("update") in Scope(Build: file:/F:/LMU/GCA-Web/, , Project: ProjectReference(file:/F:/LMU/GCA-Web/,GCA-Web))))
Sending msg to client play-fork-run-cca1b538-518d-4952-a0cd-483815ef0270: TaskFinished(245,19239,Some(AttributeKey[sbt.UpdateReport]("update") in Scope(Build: file:/F:/LMU/GCA-Web/, , Project: ProjectReference(file:/F:/LMU/GCA-Web/,GCA-Web))),true,None)
Sending msg to client play-fork-run-cca1b538-518d-4952-a0cd-483815ef0270: TaskStarted(245,19238,Some(AttributeKey[sbt.UpdateReport]("update") in Scope(Build: file:/F:/LMU/GCA-Web/, , Project: ProjectReference(file:/F:/LMU/GCA-Web/,GCA-Web))))
Sending msg to client play-fork-run-cca1b538-518d-4952-a0cd-483815ef0270: TaskFinished(245,19238,Some(AttributeKey[sbt.UpdateReport]("update") in Scope(Build: file:/F:/LMU/GCA-Web/, , Project: ProjectReference(file:/F:/LMU/GCA-Web/,GCA-Web))),true,None)
Sending msg to client play-fork-run-cca1b538-518d-4952-a0cd-483815ef0270: TaskStarted(245,19270,Some(AttributeKey[sbt.Configuration]("classpathConfiguration") in Scope(Build: file:/F:/LMU/GCA-Web/, , Project: ProjectReference(file:/F:/LMU/GCA-Web/,GCA-Web), Config: compile)))
Sending msg to client play-fork-run-cca1b538-518d-4952-a0cd-483815ef0270: TaskStarted(245,19272,Some(AttributeKey[scala.collection.Seq[sbt.Attributed[java.io.File]]]("managedClasspath") in Scope(Build: file:/F:/LMU/GCA-Web/, , Project: ProjectReference(file:/F:/LMU/GCA-Web/,GCA-Web), Config: docs)))
Sending msg to client play-fork-run-cca1b538-518d-4952-a0cd-483815ef0270: TaskFinished(245,19270,Some(AttributeKey[sbt.Configuration]("classpathConfiguration") in Scope(Build: file:/F:/LMU/GCA-Web/, , Project: ProjectReference(file:/F:/LMU/GCA-Web/,GCA-Web), Config: compile)),true,None)
Sending msg to client play-fork-run-cca1b538-518d-4952-a0cd-483815ef0270: TaskStarted(245,19269,None)
Sending msg to client play-fork-run-cca1b538-518d-4952-a0cd-483815ef0270: TaskFinished(245,19272,Some(AttributeKey[scala.collection.Seq[sbt.Attributed[java.io.File]]]("managedClasspath") in Scope(Build: file:/F:/LMU/GCA-Web/, , Project: ProjectReference(file:/F:/LMU/GCA-Web/,GCA-Web), Config: docs)),true,None)
Sending msg to client play-fork-run-cca1b538-518d-4952-a0cd-483815ef0270: TaskFinished(245,19269,None,true,None)
Sending msg to client play-fork-run-cca1b538-518d-4952-a0cd-483815ef0270: TaskStarted(245,19268,Some(AttributeKey[sbt.Configuration]("classpathConfiguration") in Scope(Build: file:/F:/LMU/GCA-Web/, , Project: ProjectReference(file:/F:/LMU/GCA-Web/,GCA-Web), Config: runtime)))
Sending msg to client play-fork-run-cca1b538-518d-4952-a0cd-483815ef0270: TaskFinished(245,19268,Some(AttributeKey[sbt.Configuration]("classpathConfiguration") in Scope(Build: file:/F:/LMU/GCA-Web/, , Project: ProjectReference(file:/F:/LMU/GCA-Web/,GCA-Web), Config: runtime)),true,None)
Sending msg to client play-fork-run-cca1b538-518d-4952-a0cd-483815ef0270: TaskStarted(245,19237,None)
Sending msg to client play-fork-run-cca1b538-518d-4952-a0cd-483815ef0270: TaskFinished(245,19237,None,true,None)
Sending msg to client play-fork-run-cca1b538-518d-4952-a0cd-483815ef0270: TaskStarted(245,19235,Some(AttributeKey[scala.collection.Seq[sbt.Attributed[java.io.File]]]("managedClasspath") in Scope(Build: file:/F:/LMU/GCA-Web/, , Project: ProjectReference(file:/F:/LMU/GCA-Web/,GCA-Web), Config: runtime)))
Sending msg to client play-fork-run-cca1b538-518d-4952-a0cd-483815ef0270: TaskFinished(245,19235,Some(AttributeKey[scala.collection.Seq[sbt.Attributed[java.io.File]]]("managedClasspath") in Scope(Build: file:/F:/LMU/GCA-Web/, , Project: ProjectReference(file:/F:/LMU/GCA-Web/,GCA-Web), Config: runtime)),true,None)
Sending msg to client play-fork-run-cca1b538-518d-4952-a0cd-483815ef0270: TaskStarted(245,19229,None)
Sending msg to client play-fork-run-cca1b538-518d-4952-a0cd-483815ef0270: TaskFinished(245,19229,None,true,None)
Sending msg to client play-fork-run-cca1b538-518d-4952-a0cd-483815ef0270: TaskStarted(245,19226,Some(AttributeKey[scala.collection.Seq[sbt.Attributed[java.io.File]]]("playDependencyClasspath") in Scope(Build: file:/F:/LMU/GCA-Web/, , Project: ProjectReference(file:/F:/LMU/GCA-Web/,GCA-Web))))
Sending msg to client play-fork-run-cca1b538-518d-4952-a0cd-483815ef0270: TaskFinished(245,19226,Some(AttributeKey[scala.collection.Seq[sbt.Attributed[java.io.File]]]("playDependencyClasspath") in Scope(Build: file:/F:/LMU/GCA-Web/, , Project: ProjectReference(file:/F:/LMU/GCA-Web/,GCA-Web))),true,None)
Sending msg to client play-fork-run-cca1b538-518d-4952-a0cd-483815ef0270: TaskStarted(245,19218,Some(AttributeKey[play.forkrun.protocol.ForkConfig]("playForkConfig") in Scope(Build: file:/F:/LMU/GCA-Web/, , Project: ProjectReference(file:/F:/LMU/GCA-Web/,GCA-Web))))
Sending msg to client play-fork-run-cca1b538-518d-4952-a0cd-483815ef0270: TaskFinished(245,19218,Some(AttributeKey[play.forkrun.protocol.ForkConfig]("playForkConfig") in Scope(Build: file:/F:/LMU/GCA-Web/, , Project: ProjectReference(file:/F:/LMU/GCA-Web/,GCA-Web))),true,None)
Sending msg to client play-fork-run-cca1b538-518d-4952-a0cd-483815ef0270: ValueChanged(AttributeKey[play.forkrun.protocol.ForkConfig]("playForkConfig") in Scope(Build: file:/F:/LMU/GCA-Web/, , Project: ProjectReference(file:/F:/LMU/GCA-Web/,GCA-Web)),TaskSuccess(BuildValue(LazyValue(ForkConfig(F:\LMU\GCA-Web,List(),List(C:\Users\Shumail Mohy-ud-Din\.ivy2\cache\com.typesafe.play\twirl-api_2.11\jars\twirl-api_2.11-1.0.2.jar, C:\Users\Shumail Mohy-ud-Din\.ivy2\cache\org.apache.commons\commons-lang3\jars\commons-lang3-3.1.jar, C:\Users\Shumail Mohy-ud-Din\.ivy2\cache\com.typesafe.play\play_2.11\jars\play_2.11-2.3.8.jar, F:\LMU\GCA-Web-Setup\activator-dist-1.3.5\repository\com.typesafe.play\build-link\2.3.8\jars\build-link.jar, F:\LMU\GCA-Web-Setup\activator-dist-1.3.5\repository\com.typesafe.play\play-exceptions\2.3.8\jars\play-exceptions.jar, C:\Users\Shumail Mohy-ud-Din\.ivy2\cache\org.javassist\javassist\bundles\javassist-3.18.2-GA.jar, C:\Users\Shumail Mohy-ud-Din\.ivy2\cache\com.typesafe.play\play-iteratees_2.11\jars\play-iteratees_2.11-2.3.8.jar, C:\Users\Shumail Mohy-ud-Din\.ivy2\cache\org.scala-stm\scala-stm_2.11\jars\scala-stm_2.11-0.7.jar, C:\Users\Shumail Mohy-ud-Din\.ivy2\cache\com.typesafe\config\bundles\config-1.2.1.jar, C:\Users\Shumail Mohy-ud-Din\.ivy2\cache\com.typesafe.play\play-json_2.11\jars\play-json_2.11-2.3.8.jar, C:\Users\Shumail Mohy-ud-Din\.ivy2\cache\com.typesafe.play\play-functional_2.11\jars\play-functional_2.11-2.3.8.jar, C:\Users\Shumail Mohy-ud-Din\.ivy2\cache\com.typesafe.play\play-datacommons_2.11\jars\play-datacommons_2.11-2.3.8.jar, C:\Users\Shumail Mohy-ud-Din\.ivy2\cache\joda-time\joda-time\jars\joda-time-2.3.jar, C:\Users\Shumail Mohy-ud-Din\.ivy2\cache\org.joda\joda-convert\jars\joda-convert-1.6.jar, C:\Users\Shumail Mohy-ud-Din\.ivy2\cache\com.fasterxml.jackson.core\jackson-annotations\bundles\jackson-annotations-2.3.2.jar, C:\Users\Shumail Mohy-ud-Din\.ivy2\cache\com.fasterxml.jackson.core\jackson-core\bundles\jackson-core-2.3.2.jar, C:\Users\Shumail Mohy-ud-Din\.ivy2\cache\com.fasterxml.jackson.core\jackson-databind\bundles\jackson-databind-2.3.2.jar, C:\Users\Shumail Mohy-ud-Din\.ivy2\cache\org.scala-lang.modules\scala-parser-combinators_2.11\bundles\scala-parser-combinators_2.11-1.0.1.jar, C:\Users\Shumail Mohy-ud-Din\.ivy2\cache\io.netty\netty\bundles\netty-3.9.3.Final.jar, C:\Users\Shumail Mohy-ud-Din\.ivy2\cache\com.typesafe.netty\netty-http-pipelining\jars\netty-http-pipelining-1.1.2.jar, C:\Users\Shumail Mohy-ud-Din\.ivy2\cache\org.slf4j\slf4j-api\jars\slf4j-api-1.7.6.jar, C:\Users\Shumail Mohy-ud-Din\.ivy2\cache\org.slf4j\jul-to-slf4j\jars\jul-to-slf4j-1.7.6.jar, C:\Users\Shumail Mohy-ud-Din\.ivy2\cache\org.slf4j\jcl-over-slf4j\jars\jcl-over-slf4j-1.7.6.jar, C:\Users\Shumail Mohy-ud-Din\.ivy2\cache\ch.qos.logback\logback-core\jars\logback-core-1.1.1.jar, C:\Users\Shumail Mohy-ud-Din\.ivy2\cache\ch.qos.logback\logback-classic\jars\logback-classic-1.1.1.jar, C:\Users\Shumail Mohy-ud-Din\.ivy2\cache\com.typesafe.akka\akka-actor_2.11\jars\akka-actor_2.11-2.3.4.jar, C:\Users\Shumail Mohy-ud-Din\.ivy2\cache\com.typesafe.akka\akka-slf4j_2.11\jars\akka-slf4j_2.11-2.3.4.jar, C:\Users\Shumail Mohy-ud-Din\.ivy2\cache\commons-codec\commons-codec\jars\commons-codec-1.9.jar, C:\Users\Shumail Mohy-ud-Din\.ivy2\cache\xerces\xercesImpl\jars\xercesImpl-2.11.0.jar, C:\Users\Shumail Mohy-ud-Din\.ivy2\cache\xml-apis\xml-apis\jars\xml-apis-1.4.01.jar, C:\Users\Shumail Mohy-ud-Din\.ivy2\cache\javax.transaction\jta\jars\jta-1.1.jar, C:\Users\Shumail Mohy-ud-Din\.ivy2\cache\com.typesafe.play\play-jdbc_2.11\jars\play-jdbc_2.11-2.3.8.jar, F:\LMU\GCA-Web-Setup\activator-dist-1.3.5\repository\com.jolbox\bonecp\0.8.0.RELEASE\bundles\bonecp.jar, F:\LMU\GCA-Web-Setup\activator-dist-1.3.5\repository\com.h2database\h2\1.3.175\jars\h2.jar, F:\LMU\GCA-Web-Setup\activator-dist-1.3.5\repository\tyrex\tyrex\1.0.1\jars\tyrex.jar, C:\Users\Shumail Mohy-ud-Din\.ivy2\cache\com.typesafe.play\anorm_2.11\jars\anorm_2.11-2.3.8.jar, F:\LMU\GCA-Web-Setup\activator-dist-1.3.5\repository\com.jsuereth\scala-arm_2.11\1.4\jars\scala-arm_2.11.jar, F:\LMU\GCA-Web-Setup\activator-dist-1.3.5\repository\org.scala-lang.plugins\scala-continuations-library_2.11\1.0.1\bundles\scala-continuations-library_2.11.jar, C:\Users\Shumail Mohy-ud-Din\.ivy2\cache\com.typesafe.play\play-cache_2.11\jars\play-cache_2.11-2.3.8.jar, C:\Users\Shumail Mohy-ud-Din\.ivy2\cache\net.sf.ehcache\ehcache-core\jars\ehcache-core-2.6.8.jar, C:\Users\Shumail Mohy-ud-Din\.ivy2\cache\com.typesafe.play\play-ws_2.11\jars\play-ws_2.11-2.3.8.jar, C:\Users\Shumail Mohy-ud-Din\.ivy2\cache\com.google.guava\guava\bundles\guava-16.0.1.jar, C:\Users\Shumail Mohy-ud-Din\.ivy2\cache\com.ning\async-http-client\jars\async-http-client-1.8.15.jar, C:\Users\Shumail Mohy-ud-Din\.ivy2\cache\oauth.signpost\signpost-core\jars\signpost-core-1.2.1.2.jar, C:\Users\Shumail Mohy-ud-Din\.ivy2\cache\oauth.signpost\signpost-commonshttp4\jars\signpost-commonshttp4-1.2.1.2.jar, F:\LMU\GCA-Web-Setup\activator-dist-1.3.5\repository\org.apache.httpcomponents\httpcore\4.0.1\jars\httpcore.jar, F:\LMU\GCA-Web-Setup\activator-dist-1.3.5\repository\org.apache.httpcomponents\httpclient\4.0.1\jars\httpclient.jar, C:\Users\Shumail Mohy-ud-Din\.ivy2\cache\commons-logging\commons-logging\jars\commons-logging-1.1.1.jar, C:\Users\Shumail Mohy-ud-Din\.ivy2\cache\org.scalatest\scalatest_2.11\bundles\scalatest_2.11-2.2.1.jar, F:\LMU\GCA-Web-Setup\activator-dist-1.3.5\repository\org.scala-lang\scala-library\2.11.2\jars\scala-library.jar, F:\LMU\GCA-Web-Setup\activator-dist-1.3.5\repository\org.scala-lang\scala-reflect\2.11.2\jars\scala-reflect.jar, F:\LMU\GCA-Web-Setup\activator-dist-1.3.5\repository\org.scala-lang.modules\scala-xml_2.11\1.0.2\bundles\scala-xml_2.11.jar, C:\Users\Shumail Mohy-ud-Din\.ivy2\cache\org.eclipse.persistence\org.eclipse.persistence.jpa\jars\org.eclipse.persistence.jpa-2.5.2.jar, C:\Users\Shumail Mohy-ud-Din\.ivy2\cache\org.eclipse.persistence\javax.persistence\jars\javax.persistence-2.1.0.jar, C:\Users\Shumail Mohy-ud-Din\.ivy2\cache\org.eclipse.persistence\org.eclipse.persistence.asm\jars\org.eclipse.persistence.asm-2.5.2.jar, C:\Users\Shumail Mohy-ud-Din\.ivy2\cache\org.eclipse.persistence\org.eclipse.persistence.antlr\jars\org.eclipse.persistence.antlr-2.5.2.jar, C:\Users\Shumail Mohy-ud-Din\.ivy2\cache\org.eclipse.persistence\org.eclipse.persistence.jpa.jpql\jars\org.eclipse.persistence.jpa.jpql-2.5.2.jar, C:\Users\Shumail Mohy-ud-Din\.ivy2\cache\org.eclipse.persistence\org.eclipse.persistence.core\jars\org.eclipse.persistence.core-2.5.2.jar, C:\Users\Shumail Mohy-ud-Din\.ivy2\cache\com.typesafe.play\play-mailer_2.11\jars\play-mailer_2.11-2.4.0.jar, C:\Users\Shumail Mohy-ud-Din\.ivy2\cache\org.apache.commons\commons-email\jars\commons-email-1.3.3.jar, C:\Users\Shumail Mohy-ud-Din\.ivy2\cache\javax.mail\mail\jars\mail-1.4.5.jar, C:\Users\Shumail Mohy-ud-Din\.ivy2\cache\javax.activation\activation\jars\activation-1.1.1.jar, C:\Users\Shumail Mohy-ud-Din\.ivy2\cache\com.mohiva\play-silhouette_2.11\jars\play-silhouette_2.11-1.0.jar, C:\Users\Shumail Mohy-ud-Din\.ivy2\cache\org.mindrot\jbcrypt\jars\jbcrypt-0.3m.jar, C:\Users\Shumail Mohy-ud-Din\.ivy2\cache\org.postgresql\postgresql\jars\postgresql-9.3-1100-jdbc4.jar, C:\Users\Shumail Mohy-ud-Din\.ivy2\cache\org.webjars\requirejs\jars\requirejs-2.1.15.jar, C:\Users\Shumail Mohy-ud-Din\.ivy2\cache\org.webjars\jquery\jars\jquery-1.11.2.jar, C:\Users\Shumail Mohy-ud-Din\.ivy2\cache\org.webjars\jquery-ui\jars\jquery-ui-1.11.2.jar, C:\Users\Shumail Mohy-ud-Din\.ivy2\cache\org.webjars\bootstrap\jars\bootstrap-3.1.1.jar, C:\Users\Shumail Mohy-ud-Din\.ivy2\cache\org.webjars\knockout\jars\knockout-3.0.0.jar, C:\Users\Shumail Mohy-ud-Din\.ivy2\cache\org.webjars\sammy\jars\sammy-0.7.4.jar, C:\Users\Shumail Mohy-ud-Din\.ivy2\cache\org.webjars\momentjs\jars\momentjs-2.9.0.jar),List((public/,F:\LMU\GCA-Web\target\web\public\main)),List(C:\Users\Shumail Mohy-ud-Din\.ivy2\cache\com.typesafe.play\play-docs_2.11\jars\play-docs_2.11-2.3.8.jar, C:\Users\Shumail Mohy-ud-Din\.ivy2\cache\org.scala-lang\scala-library\jars\scala-library-2.11.1.jar, C:\Users\Shumail Mohy-ud-Din\.ivy2\cache\com.typesafe.play\play_2.11\jars\play_2.11-2.3.8.jar, F:\LMU\GCA-Web-Setup\activator-dist-1.3.5\repository\com.typesafe.play\build-link\2.3.8\jars\build-link.jar, F:\LMU\GCA-Web-Setup\activator-dist-1.3.5\repository\com.typesafe.play\play-exceptions\2.3.8\jars\play-exceptions.jar, C:\Users\Shumail Mohy-ud-Din\.ivy2\cache\org.javassist\javassist\bundles\javassist-3.18.2-GA.jar, C:\Users\Shumail Mohy-ud-Din\.ivy2\cache\com.typesafe.play\play-iteratees_2.11\jars\play-iteratees_2.11-2.3.8.jar, C:\Users\Shumail Mohy-ud-Din\.ivy2\cache\org.scala-stm\scala-stm_2.11\jars\scala-stm_2.11-0.7.jar, C:\Users\Shumail Mohy-ud-Din\.ivy2\cache\com.typesafe\config\bundles\config-1.2.1.jar, C:\Users\Shumail Mohy-ud-Din\.ivy2\cache\com.typesafe.play\play-json_2.11\jars\play-json_2.11-2.3.8.jar, C:\Users\Shumail Mohy-ud-Din\.ivy2\cache\com.typesafe.play\play-functional_2.11\jars\play-functional_2.11-2.3.8.jar, C:\Users\Shumail Mohy-ud-Din\.ivy2\cache\com.typesafe.play\play-datacommons_2.11\jars\play-datacommons_2.11-2.3.8.jar, C:\Users\Shumail Mohy-ud-Din\.ivy2\cache\joda-time\joda-time\jars\joda-time-2.3.jar, C:\Users\Shumail Mohy-ud-Din\.ivy2\cache\org.joda\joda-convert\jars\joda-convert-1.6.jar, C:\Users\Shumail Mohy-ud-Din\.ivy2\cache\com.fasterxml.jackson.core\jackson-annotations\bundles\jackson-annotations-2.3.2.jar, C:\Users\Shumail Mohy-ud-Din\.ivy2\cache\com.fasterxml.jackson.core\jackson-core\bundles\jackson-core-2.3.2.jar, C:\Users\Shumail Mohy-ud-Din\.ivy2\cache\com.fasterxml.jackson.core\jackson-databind\bundles\jackson-databind-2.3.2.jar, C:\Users\Shumail Mohy-ud-Din\.ivy2\cache\org.scala-lang\scala-reflect\jars\scala-reflect-2.11.1.jar, C:\Users\Shumail Mohy-ud-Din\.ivy2\cache\com.typesafe.play\twirl-api_2.11\jars\twirl-api_2.11-1.0.2.jar, C:\Users\Shumail Mohy-ud-Din\.ivy2\cache\org.apache.commons\commons-lang3\jars\commons-lang3-3.1.jar, C:\Users\Shumail Mohy-ud-Din\.ivy2\cache\org.scala-lang.modules\scala-xml_2.11\bundles\scala-xml_2.11-1.0.1.jar, C:\Users\Shumail Mohy-ud-Din\.ivy2\cache\org.scala-lang.modules\scala-parser-combinators_2.11\bundles\scala-parser-combinators_2.11-1.0.1.jar, C:\Users\Shumail Mohy-ud-Din\.ivy2\cache\io.netty\netty\bundles\netty-3.9.3.Final.jar, C:\Users\Shumail Mohy-ud-Din\.ivy2\cache\com.typesafe.netty\netty-http-pipelining\jars\netty-http-pipelining-1.1.2.jar, C:\Users\Shumail Mohy-ud-Din\.ivy2\cache\org.slf4j\slf4j-api\jars\slf4j-api-1.7.6.jar, C:\Users\Shumail Mohy-ud-Din\.ivy2\cache\org.slf4j\jul-to-slf4j\jars\jul-to-slf4j-1.7.6.jar, C:\Users\Shumail Mohy-ud-Din\.ivy2\cache\org.slf4j\jcl-over-slf4j\jars\jcl-over-slf4j-1.7.6.jar, C:\Users\Shumail Mohy-ud-Din\.ivy2\cache\ch.qos.logback\logback-core\jars\logback-core-1.1.1.jar, C:\Users\Shumail Mohy-ud-Din\.ivy2\cache\ch.qos.logback\logback-classic\jars\logback-classic-1.1.1.jar, C:\Users\Shumail Mohy-ud-Din\.ivy2\cache\com.typesafe.akka\akka-actor_2.11\jars\akka-actor_2.11-2.3.4.jar, C:\Users\Shumail Mohy-ud-Din\.ivy2\cache\com.typesafe.akka\akka-slf4j_2.11\jars\akka-slf4j_2.11-2.3.4.jar, C:\Users\Shumail Mohy-ud-Din\.ivy2\cache\commons-codec\commons-codec\jars\commons-codec-1.9.jar, C:\Users\Shumail Mohy-ud-Din\.ivy2\cache\xerces\xercesImpl\jars\xercesImpl-2.11.0.jar, C:\Users\Shumail Mohy-ud-Din\.ivy2\cache\xml-apis\xml-apis\jars\xml-apis-1.4.01.jar, C:\Users\Shumail Mohy-ud-Din\.ivy2\cache\javax.transaction\jta\jars\jta-1.1.jar, C:\Users\Shumail Mohy-ud-Din\.ivy2\cache\com.typesafe.play\play-doc_2.11\jars\play-doc_2.11-1.1.0.jar, F:\LMU\GCA-Web-Setup\activator-dist-1.3.5\repository\org.pegdown\pegdown\1.4.0\jars\pegdown.jar, F:\LMU\GCA-Web-Setup\activator-dist-1.3.5\repository\org.parboiled\parboiled-java\1.1.5\bundles\parboiled-java.jar, F:\LMU\GCA-Web-Setup\activator-dist-1.3.5\repository\org.parboiled\parboiled-core\1.1.5\bundles\parboiled-core.jar, F:\LMU\GCA-Web-Setup\activator-dist-1.3.5\repository\org.ow2.asm\asm\4.1\jars\asm.jar, F:\LMU\GCA-Web-Setup\activator-dist-1.3.5\repository\org.ow2.asm\asm-tree\4.1\jars\asm-tree.jar, F:\LMU\GCA-Web-Setup\activator-dist-1.3.5\repository\org.ow2.asm\asm-analysis\4.1\jars\asm-analysis.jar, F:\LMU\GCA-Web-Setup\activator-dist-1.3.5\repository\org.ow2.asm\asm-util\4.1\jars\asm-util.jar, F:\LMU\GCA-Web-Setup\activator-dist-1.3.5\repository\commons-io\commons-io\2.4\jars\commons-io.jar),List(),9000,DefaultWatchService,List(F:\LMU\GCA-Web\app-2.11, F:\LMU\GCA-Web\app, F:\LMU\GCA-Web\conf, F:\LMU\GCA-Web\app\assets, F:\LMU\GCA-Web\public),F:\LMU\GCA-Web\target,500,GCA-Web/playForkNotifyStart,GCA-Web/playForkReload,300000),scala.pickling.PicklerUnpickler$DelegatingPicklerUnpickler@507be14c),ForkConfig(F:\LMU\GCA-Web,List(),List(C:\Users\Shumail Mohy-ud-Din\.ivy2\cache\com.typesafe.play\twirl-api_2.11\jars\twirl-api_2.11-1.0.2.jar, C:\Users\Shumail Mohy-ud-Din\.ivy2\cache\org.apache.commons\commons-lang3\jars\commons-lang3-3.1.jar, C:\Users\Shumail Mohy-ud-Din\.ivy2\cache\com.typesafe.play\play_2.11\jars\play_2.11-2.3.8.jar, F:\LMU\GCA-Web-Setup\activator-dist-1.3.5\repository\com.typesafe.play\build-link\2.3.8\jars\build-link.jar, F:\LMU\GCA-Web-Setup\activator-dist-1.3.5\repository\com.typesafe.play\play-exceptions\2.3.8\jars\play-exceptions.jar, C:\Users\Shumail Mohy-ud-Din\.ivy2\cache\org.javassist\javassist\bundles\javassist-3.18.2-GA.jar, C:\Users\Shumail Mohy-ud-Din\.ivy2\cache\com.typesafe.play\play-iteratees_2.11\jars\play-iteratees_2.11-2.3.8.jar, C:\Users\Shumail Mohy-ud-Din\.ivy2\cache\org.scala-stm\scala-stm_2.11\jars\scala-stm_2.11-0.7.jar, C:\Users\Shumail Mohy-ud-Din\.ivy2\cache\com.typesafe\config\bundles\config-1.2.1.jar, C:\Users\Shumail Mohy-ud-Din\.ivy2\cache\com.typesafe.play\play-json_2.11\jars\play-json_2.11-2.3.8.jar, C:\Users\Shumail Mohy-ud-Din\.ivy2\cache\com.typesafe.play\play-functional_2.11\jars\play-functional_2.11-2.3.8.jar, C:\Users\Shumail Mohy-ud-Din\.ivy2\cache\com.typesafe.play\play-datacommons_2.11\jars\play-datacommons_2.11-2.3.8.jar, C:\Users\Shumail Mohy-ud-Din\.ivy2\cache\joda-time\joda-time\jars\joda-time-2.3.jar, C:\Users\Shumail Mohy-ud-Din\.ivy2\cache\org.joda\joda-convert\jars\joda-convert-1.6.jar, C:\Users\Shumail Mohy-ud-Din\.ivy2\cache\com.fasterxml.jackson.core\jackson-annotations\bundles\jackson-annotations-2.3.2.jar, C:\Users\Shumail Mohy-ud-Din\.ivy2\cache\com.fasterxml.jackson.core\jackson-core\bundles\jackson-core-2.3.2.jar, C:\Users\Shumail Mohy-ud-Din\.ivy2\cache\com.fasterxml.jackson.core\jackson-databind\bundles\jackson-databind-2.3.2.jar, C:\Users\Shumail Mohy-ud-Din\.ivy2\cache\org.scala-lang.modules\scala-parser-combinators_2.11\bundles\scala-parser-combinators_2.11-1.0.1.jar, C:\Users\Shumail Mohy-ud-Din\.ivy2\cache\io.netty\netty\bundles\netty-3.9.3.Final.jar, C:\Users\Shumail Mohy-ud-Din\.ivy2\cache\com.typesafe.netty\netty-http-pipelining\jars\netty-http-pipelining-1.1.2.jar, C:\Users\Shumail Mohy-ud-Din\.ivy2\cache\org.slf4j\slf4j-api\jars\slf4j-api-1.7.6.jar, C:\Users\Shumail Mohy-ud-Din\.ivy2\cache\org.slf4j\jul-to-slf4j\jars\jul-to-slf4j-1.7.6.jar, C:\Users\Shumail Mohy-ud-Din\.ivy2\cache\org.slf4j\jcl-over-slf4j\jars\jcl-over-slf4j-1.7.6.jar, C:\Users\Shumail Mohy-ud-Din\.ivy2\cache\ch.qos.logback\logback-core\jars\logback-core-1.1.1.jar, C:\Users\Shumail Mohy-ud-Din\.ivy2\cache\ch.qos.logback\logback-classic\jars\logback-classic-1.1.1.jar, C:\Users\Shumail Mohy-ud-Din\.ivy2\cache\com.typesafe.akka\akka-actor_2.11\jars\akka-actor_2.11-2.3.4.jar, C:\Users\Shumail Mohy-ud-Din\.ivy2\cache\com.typesafe.akka\akka-slf4j_2.11\jars\akka-slf4j_2.11-2.3.4.jar, C:\Users\Shumail Mohy-ud-Din\.ivy2\cache\commons-codec\commons-codec\jars\commons-codec-1.9.jar, C:\Users\Shumail Mohy-ud-Din\.ivy2\cache\xerces\xercesImpl\jars\xercesImpl-2.11.0.jar, C:\Users\Shumail Mohy-ud-Din\.ivy2\cache\xml-apis\xml-apis\jars\xml-apis-1.4.01.jar, C:\Users\Shumail Mohy-ud-Din\.ivy2\cache\javax.transaction\jta\jars\jta-1.1.jar, C:\Users\Shumail Mohy-ud-Din\.ivy2\cache\com.typesafe.play\play-jdbc_2.11\jars\play-jdbc_2.11-2.3.8.jar, F:\LMU\GCA-Web-Setup\activator-dist-1.3.5\repository\com.jolbox\bonecp\0.8.0.RELEASE\bundles\bonecp.jar, F:\LMU\GCA-Web-Setup\activator-dist-1.3.5\repository\com.h2database\h2\1.3.175\jars\h2.jar, F:\LMU\GCA-Web-Setup\activator-dist-1.3.5\repository\tyrex\tyrex\1.0.1\jars\tyrex.jar, C:\Users\Shumail Mohy-ud-Din\.ivy2\cache\com.typesafe.play\anorm_2.11\jars\anorm_2.11-2.3.8.jar, F:\LMU\GCA-Web-Setup\activator-dist-1.3.5\repository\com.jsuereth\scala-arm_2.11\1.4\jars\scala-arm_2.11.jar, F:\LMU\GCA-Web-Setup\activator-dist-1.3.5\repository\org.scala-lang.plugins\scala-continuations-library_2.11\1.0.1\bundles\scala-continuations-library_2.11.jar, C:\Users\Shumail Mohy-ud-Din\.ivy2\cache\com.typesafe.play\play-cache_2.11\jars\play-cache_2.11-2.3.8.jar, C:\Users\Shumail Mohy-ud-Din\.ivy2\cache\net.sf.ehcache\ehcache-core\jars\ehcache-core-2.6.8.jar, C:\Users\Shumail Mohy-ud-Din\.ivy2\cache\com.typesafe.play\play-ws_2.11\jars\play-ws_2.11-2.3.8.jar, C:\Users\Shumail Mohy-ud-Din\.ivy2\cache\com.google.guava\guava\bundles\guava-16.0.1.jar, C:\Users\Shumail Mohy-ud-Din\.ivy2\cache\com.ning\async-http-client\jars\async-http-client-1.8.15.jar, C:\Users\Shumail Mohy-ud-Din\.ivy2\cache\oauth.signpost\signpost-core\jars\signpost-core-1.2.1.2.jar, C:\Users\Shumail Mohy-ud-Din\.ivy2\cache\oauth.signpost\signpost-commonshttp4\jars\signpost-commonshttp4-1.2.1.2.jar, F:\LMU\GCA-Web-Setup\activator-dist-1.3.5\repository\org.apache.httpcomponents\httpcore\4.0.1\jars\httpcore.jar, F:\LMU\GCA-Web-Setup\activator-dist-1.3.5\repository\org.apache.httpcomponents\httpclient\4.0.1\jars\httpclient.jar, C:\Users\Shumail Mohy-ud-Din\.ivy2\cache\commons-logging\commons-logging\jars\commons-logging-1.1.1.jar, C:\Users\Shumail Mohy-ud-Din\.ivy2\cache\org.scalatest\scalatest_2.11\bundles\scalatest_2.11-2.2.1.jar, F:\LMU\GCA-Web-Setup\activator-dist-1.3.5\repository\org.scala-lang\scala-library\2.11.2\jars\scala-library.jar, F:\LMU\GCA-Web-Setup\activator-dist-1.3.5\repository\org.scala-lang\scala-reflect\2.11.2\jars\scala-reflect.jar, F:\LMU\GCA-Web-Setup\activator-dist-1.3.5\repository\org.scala-lang.modules\scala-xml_2.11\1.0.2\bundles\scala-xml_2.11.jar, C:\Users\Shumail Mohy-ud-Din\.ivy2\cache\org.eclipse.persistence\org.eclipse.persistence.jpa\jars\org.eclipse.persistence.jpa-2.5.2.jar, C:\Users\Shumail Mohy-ud-Din\.ivy2\cache\org.eclipse.persistence\javax.persistence\jars\javax.persistence-2.1.0.jar, C:\Users\Shumail Mohy-ud-Din\.ivy2\cache\org.eclipse.persistence\org.eclipse.persistence.asm\jars\org.eclipse.persistence.asm-2.5.2.jar, C:\Users\Shumail Mohy-ud-Din\.ivy2\cache\org.eclipse.persistence\org.eclipse.persistence.antlr\jars\org.eclipse.persistence.antlr-2.5.2.jar, C:\Users\Shumail Mohy-ud-Din\.ivy2\cache\org.eclipse.persistence\org.eclipse.persistence.jpa.jpql\jars\org.eclipse.persistence.jpa.jpql-2.5.2.jar, C:\Users\Shumail Mohy-ud-Din\.ivy2\cache\org.eclipse.persistence\org.eclipse.persistence.core\jars\org.eclipse.persistence.core-2.5.2.jar, C:\Users\Shumail Mohy-ud-Din\.ivy2\cache\com.typesafe.play\play-mailer_2.11\jars\play-mailer_2.11-2.4.0.jar, C:\Users\Shumail Mohy-ud-Din\.ivy2\cache\org.apache.commons\commons-email\jars\commons-email-1.3.3.jar, C:\Users\Shumail Mohy-ud-Din\.ivy2\cache\javax.mail\mail\jars\mail-1.4.5.jar, C:\Users\Shumail Mohy-ud-Din\.ivy2\cache\javax.activation\activation\jars\activation-1.1.1.jar, C:\Users\Shumail Mohy-ud-Din\.ivy2\cache\com.mohiva\play-silhouette_2.11\jars\play-silhouette_2.11-1.0.jar, C:\Users\Shumail Mohy-ud-Din\.ivy2\cache\org.mindrot\jbcrypt\jars\jbcrypt-0.3m.jar, C:\Users\Shumail Mohy-ud-Din\.ivy2\cache\org.postgresql\postgresql\jars\postgresql-9.3-1100-jdbc4.jar, C:\Users\Shumail Mohy-ud-Din\.ivy2\cache\org.webjars\requirejs\jars\requirejs-2.1.15.jar, C:\Users\Shumail Mohy-ud-Din\.ivy2\cache\org.webjars\jquery\jars\jquery-1.11.2.jar, C:\Users\Shumail Mohy-ud-Din\.ivy2\cache\org.webjars\jquery-ui\jars\jquery-ui-1.11.2.jar, C:\Users\Shumail Mohy-ud-Din\.ivy2\cache\org.webjars\bootstrap\jars\bootstrap-3.1.1.jar, C:\Users\Shumail Mohy-ud-Din\.ivy2\cache\org.webjars\knockout\jars\knockout-3.0.0.jar, C:\Users\Shumail Mohy-ud-Din\.ivy2\cache\org.webjars\sammy\jars\sammy-0.7.4.jar, C:\Users\Shumail Mohy-ud-Din\.ivy2\cache\org.webjars\momentjs\jars\momentjs-2.9.0.jar),List((public/,F:\LMU\GCA-Web\target\web\public\main)),List(C:\Users\Shumail Mohy-ud-Din\.ivy2\cache\com.typesafe.play\play-docs_2.11\jars\play-docs_2.11-2.3.8.jar, C:\Users\Shumail Mohy-ud-Din\.ivy2\cache\org.scala-lang\scala-library\jars\scala-library-2.11.1.jar, C:\Users\Shumail Mohy-ud-Din\.ivy2\cache\com.typesafe.play\play_2.11\jars\play_2.11-2.3.8.jar, F:\LMU\GCA-Web-Setup\activator-dist-1.3.5\repository\com.typesafe.play\build-link\2.3.8\jars\build-link.jar, F:\LMU\GCA-Web-Setup\activator-dist-1.3.5\repository\com.typesafe.play\play-exceptions\2.3.8\jars\play-exceptions.jar, C:\Users\Shumail Mohy-ud-Din\.ivy2\cache\org.javassist\javassist\bundles\javassist-3.18.2-GA.jar, C:\Users\Shumail Mohy-ud-Din\.ivy2\cache\com.typesafe.play\play-iteratees_2.11\jars\play-iteratees_2.11-2.3.8.jar, C:\Users\Shumail Mohy-ud-Din\.ivy2\cache\org.scala-stm\scala-stm_2.11\jars\scala-stm_2.11-0.7.jar, C:\Users\Shumail Mohy-ud-Din\.ivy2\cache\com.typesafe\config\bundles\config-1.2.1.jar, C:\Users\Shumail Mohy-ud-Din\.ivy2\cache\com.typesafe.play\play-json_2.11\jars\play-json_2.11-2.3.8.jar, C:\Users\Shumail Mohy-ud-Din\.ivy2\cache\com.typesafe.play\play-functional_2.11\jars\play-functional_2.11-2.3.8.jar, C:\Users\Shumail Mohy-ud-Din\.ivy2\cache\com.typesafe.play\play-datacommons_2.11\jars\play-datacommons_2.11-2.3.8.jar, C:\Users\Shumail Mohy-ud-Din\.ivy2\cache\joda-time\joda-time\jars\joda-time-2.3.jar, C:\Users\Shumail Mohy-ud-Din\.ivy2\cache\org.joda\joda-convert\jars\joda-convert-1.6.jar, C:\Users\Shumail Mohy-ud-Din\.ivy2\cache\com.fasterxml.jackson.core\jackson-annotations\bundles\jackson-annotations-2.3.2.jar, C:\Users\Shumail Mohy-ud-Din\.ivy2\cache\com.fasterxml.jackson.core\jackson-core\bundles\jackson-core-2.3.2.jar, C:\Users\Shumail Mohy-ud-Din\.ivy2\cache\com.fasterxml.jackson.core\jackson-databind\bundles\jackson-databind-2.3.2.jar, C:\Users\Shumail Mohy-ud-Din\.ivy2\cache\org.scala-lang\scala-reflect\jars\scala-reflect-2.11.1.jar, C:\Users\Shumail Mohy-ud-Din\.ivy2\cache\com.typesafe.play\twirl-api_2.11\jars\twirl-api_2.11-1.0.2.jar, C:\Users\Shumail Mohy-ud-Din\.ivy2\cache\org.apache.commons\commons-lang3\jars\commons-lang3-3.1.jar, C:\Users\Shumail Mohy-ud-Din\.ivy2\cache\org.scala-lang.modules\scala-xml_2.11\bundles\scala-xml_2.11-1.0.1.jar, C:\Users\Shumail Mohy-ud-Din\.ivy2\cache\org.scala-lang.modules\scala-parser-combinators_2.11\bundles\scala-parser-combinators_2.11-1.0.1.jar, C:\Users\Shumail Mohy-ud-Din\.ivy2\cache\io.netty\netty\bundles\netty-3.9.3.Final.jar, C:\Users\Shumail Mohy-ud-Din\.ivy2\cache\com.typesafe.netty\netty-http-pipelining\jars\netty-http-pipelining-1.1.2.jar, C:\Users\Shumail Mohy-ud-Din\.ivy2\cache\org.slf4j\slf4j-api\jars\slf4j-api-1.7.6.jar, C:\Users\Shumail Mohy-ud-Din\.ivy2\cache\org.slf4j\jul-to-slf4j\jars\jul-to-slf4j-1.7.6.jar, C:\Users\Shumail Mohy-ud-Din\.ivy2\cache\org.slf4j\jcl-over-slf4j\jars\jcl-over-slf4j-1.7.6.jar, C:\Users\Shumail Mohy-ud-Din\.ivy2\cache\ch.qos.logback\logback-core\jars\logback-core-1.1.1.jar, C:\Users\Shumail Mohy-ud-Din\.ivy2\cache\ch.qos.logback\logback-classic\jars\logback-classic-1.1.1.jar, C:\Users\Shumail Mohy-ud-Din\.ivy2\cache\com.typesafe.akka\akka-actor_2.11\jars\akka-actor_2.11-2.3.4.jar, C:\Users\Shumail Mohy-ud-Din\.ivy2\cache\com.typesafe.akka\akka-slf4j_2.11\jars\akka-slf4j_2.11-2.3.4.jar, C:\Users\Shumail Mohy-ud-Din\.ivy2\cache\commons-codec\commons-codec\jars\commons-codec-1.9.jar, C:\Users\Shumail Mohy-ud-Din\.ivy2\cache\xerces\xercesImpl\jars\xercesImpl-2.11.0.jar, C:\Users\Shumail Mohy-ud-Din\.ivy2\cache\xml-apis\xml-apis\jars\xml-apis-1.4.01.jar, C:\Users\Shumail Mohy-ud-Din\.ivy2\cache\javax.transaction\jta\jars\jta-1.1.jar, C:\Users\Shumail Mohy-ud-Din\.ivy2\cache\com.typesafe.play\play-doc_2.11\jars\play-doc_2.11-1.1.0.jar, F:\LMU\GCA-Web-Setup\activator-dist-1.3.5\repository\org.pegdown\pegdown\1.4.0\jars\pegdown.jar, F:\LMU\GCA-Web-Setup\activator-dist-1.3.5\repository\org.parboiled\parboiled-java\1.1.5\bundles\parboiled-java.jar, F:\LMU\GCA-Web-Setup\activator-dist-1.3.5\repository\org.parboiled\parboiled-core\1.1.5\bundles\parboiled-core.jar, F:\LMU\GCA-Web-Setup\activator-dist-1.3.5\repository\org.ow2.asm\asm\4.1\jars\asm.jar, F:\LMU\GCA-Web-Setup\activator-dist-1.3.5\repository\org.ow2.asm\asm-tree\4.1\jars\asm-tree.jar, F:\LMU\GCA-Web-Setup\activator-dist-1.3.5\repository\org.ow2.asm\asm-analysis\4.1\jars\asm-analysis.jar, F:\LMU\GCA-Web-Setup\activator-dist-1.3.5\repository\org.ow2.asm\asm-util\4.1\jars\asm-util.jar, F:\LMU\GCA-Web-Setup\activator-dist-1.3.5\repository\commons-io\commons-io\2.4\jars\commons-io.jar),List(),9000,DefaultWatchService,List(F:\LMU\GCA-Web\app-2.11, F:\LMU\GCA-Web\app, F:\LMU\GCA-Web\conf, F:\LMU\GCA-Web\app\assets, F:\LMU\GCA-Web\public),F:\LMU\GCA-Web\target,500,GCA-Web/playForkNotifyStart,GCA-Web/playForkReload,300000))))
Sending msg to client play-fork-run-cca1b538-518d-4952-a0cd-483815ef0270: TaskStarted(245,19217,None)
Sending msg to client play-fork-run-cca1b538-518d-4952-a0cd-483815ef0270: TaskFinished(245,19217,None,true,None)
Sending msg to client play-fork-run-cca1b538-518d-4952-a0cd-483815ef0270: TaskStarted(245,19216,None)
Sending msg to client play-fork-run-cca1b538-518d-4952-a0cd-483815ef0270: TaskFinished(245,19216,None,true,None)
Sending msg to client play-fork-run-cca1b538-518d-4952-a0cd-483815ef0270: DetachedLogEvent(LogMessage(debug,cancel strategy finish enabled=false lastCommand=Some(LastCommand(CommandExecutionWork(ExecutionId(245),{file:/F:/LMU/GCA-Web/}GCA-Web/*:playForkConfig,Set(LiveClient(play-fork-run cca1b538-518d-4952-a0cd-483815ef0270)),sbt.server.WorkCancellationStatus$$anon$1@41365c83)))))
Sending msg to client play-fork-run-cca1b538-518d-4952-a0cd-483815ef0270: DetachedLogEvent(LogSuccess(Total time: 0 s, completed Jul 9, 2015 3:14:40 PM))
Sending msg to client play-fork-run-cca1b538-518d-4952-a0cd-483815ef0270: DetachedLogEvent(LogMessage(debug,> server-post-command-cleanup))
Sending msg to client play-fork-run-cca1b538-518d-4952-a0cd-483815ef0270: ExecutionSuccess(245)
Sending msg to client play-fork-run-cca1b538-518d-4952-a0cd-483815ef0270: DetachedLogEvent(LogMessage(debug,> server-handle-next-server-request))
Sending msg to client play-fork-run-cca1b538-518d-4952-a0cd-483815ef0270: BackgroundJobLogEvent(29,LogMessage(info,))
Sending msg to client play-fork-run-cca1b538-518d-4952-a0cd-483815ef0270: BackgroundJobLogEvent(29,LogMessage(info,--- (Running the application, auto-reloading is enabled) ---))
Sending msg to client play-fork-run-cca1b538-518d-4952-a0cd-483815ef0270: BackgroundJobLogEvent(29,LogMessage(info,))
Sending msg to client play-fork-run-cca1b538-518d-4952-a0cd-483815ef0270: BackgroundJobLogEvent(29,LogMessage(error,Play fork run has failed due to:))
Sending msg to client play-fork-run-cca1b538-518d-4952-a0cd-483815ef0270: BackgroundJobLogEvent(29,LogMessage(error,java.lang.reflect.InvocationTargetException))
Sending msg to client play-fork-run-cca1b538-518d-4952-a0cd-483815ef0270: BackgroundJobLogEvent(29,LogMessage(error,	at sun.reflect.NativeMethodAccessorImpl.invoke0(Native Method)))
Sending msg to client play-fork-run-cca1b538-518d-4952-a0cd-483815ef0270: BackgroundJobLogEvent(29,LogMessage(error,	at sun.reflect.NativeMethodAccessorImpl.invoke(Unknown Source)))
Sending msg to client play-fork-run-cca1b538-518d-4952-a0cd-483815ef0270: BackgroundJobLogEvent(29,LogMessage(error,	at sun.reflect.DelegatingMethodAccessorImpl.invoke(Unknown Source)))
Sending msg to client play-fork-run-cca1b538-518d-4952-a0cd-483815ef0270: BackgroundJobLogEvent(29,LogMessage(error,	at java.lang.reflect.Method.invoke(Unknown Source)))
Sending msg to client play-fork-run-cca1b538-518d-4952-a0cd-483815ef0270: BackgroundJobLogEvent(29,LogMessage(error,	at play.runsupport.Reloader$.startDevMode(Reloader.scala:197)))
Sending msg to client play-fork-run-cca1b538-518d-4952-a0cd-483815ef0270: BackgroundJobLogEvent(29,LogMessage(error,	at play.forkrun.ForkRun$.startServer(ForkRun.scala:82)))
Sending msg to client play-fork-run-cca1b538-518d-4952-a0cd-483815ef0270: BackgroundJobLogEvent(29,LogMessage(error,	at play.forkrun.ForkRun.run(ForkRun.scala:173)))
Sending msg to client play-fork-run-cca1b538-518d-4952-a0cd-483815ef0270: BackgroundJobLogEvent(29,LogMessage(error,	at play.forkrun.ForkRun$$anonfun$settingUp$1.applyOrElse(ForkRun.scala:162)))
Sending msg to client play-fork-run-cca1b538-518d-4952-a0cd-483815ef0270: BackgroundJobLogEvent(29,LogMessage(error,	at akka.actor.Actor$class.aroundReceive(Actor.scala:465)))
Sending msg to client play-fork-run-cca1b538-518d-4952-a0cd-483815ef0270: BackgroundJobLogEvent(29,LogMessage(error,	at play.forkrun.ForkRun.aroundReceive(ForkRun.scala:148)))
Sending msg to client play-fork-run-cca1b538-518d-4952-a0cd-483815ef0270: BackgroundJobLogEvent(29,LogMessage(error,	at akka.actor.ActorCell.receiveMessage(ActorCell.scala:516)))
Sending msg to client play-fork-run-cca1b538-518d-4952-a0cd-483815ef0270: BackgroundJobLogEvent(29,LogMessage(error,	at akka.actor.ActorCell.invoke(ActorCell.scala:487)))
Sending msg to client play-fork-run-cca1b538-518d-4952-a0cd-483815ef0270: BackgroundJobLogEvent(29,LogMessage(error,	at akka.dispatch.Mailbox.processMailbox(Mailbox.scala:254)))
Sending msg to client play-fork-run-cca1b538-518d-4952-a0cd-483815ef0270: BackgroundJobLogEvent(29,LogMessage(error,	at akka.dispatch.Mailbox.run(Mailbox.scala:221)))
Sending msg to client play-fork-run-cca1b538-518d-4952-a0cd-483815ef0270: BackgroundJobLogEvent(29,LogMessage(error,	at akka.dispatch.Mailbox.exec(Mailbox.scala:231)))
Sending msg to client play-fork-run-cca1b538-518d-4952-a0cd-483815ef0270: BackgroundJobLogEvent(29,LogMessage(error,	at scala.concurrent.forkjoin.ForkJoinTask.doExec(ForkJoinTask.java:260)))
Sending msg to client play-fork-run-cca1b538-518d-4952-a0cd-483815ef0270: BackgroundJobLogEvent(29,LogMessage(error,	at scala.concurrent.forkjoin.ForkJoinPool$WorkQueue.runTask(ForkJoinPool.java:1339)))
Sending msg to client play-fork-run-cca1b538-518d-4952-a0cd-483815ef0270: BackgroundJobLogEvent(29,LogMessage(error,	at scala.concurrent.forkjoin.ForkJoinPool.runWorker(ForkJoinPool.java:1979)))
Sending msg to client play-fork-run-cca1b538-518d-4952-a0cd-483815ef0270: BackgroundJobLogEvent(29,LogMessage(error,	at scala.concurrent.forkjoin.ForkJoinWorkerThread.run(ForkJoinWorkerThread.java:107)))
Sending msg to client play-fork-run-cca1b538-518d-4952-a0cd-483815ef0270: BackgroundJobLogEvent(29,LogMessage(error,Caused by: org.jboss.netty.channel.ChannelException: Failed to bind to: /0.0.0.0:9000))
Sending msg to client play-fork-run-cca1b538-518d-4952-a0cd-483815ef0270: BackgroundJobLogEvent(29,LogMessage(error,	at org.jboss.netty.bootstrap.ServerBootstrap.bind(ServerBootstrap.java:272)))
Sending msg to client play-fork-run-cca1b538-518d-4952-a0cd-483815ef0270: BackgroundJobLogEvent(29,LogMessage(error,	at play.core.server.NettyServer$$anonfun$8.apply(NettyServer.scala:138)))
Sending msg to client play-fork-run-cca1b538-518d-4952-a0cd-483815ef0270: BackgroundJobLogEvent(29,LogMessage(error,	at play.core.server.NettyServer$$anonfun$8.apply(NettyServer.scala:135)))
Sending msg to client play-fork-run-cca1b538-518d-4952-a0cd-483815ef0270: BackgroundJobLogEvent(29,LogMessage(error,	at scala.Option.map(Option.scala:145)))
Sending msg to client play-fork-run-cca1b538-518d-4952-a0cd-483815ef0270: BackgroundJobLogEvent(29,LogMessage(error,	at play.core.server.NettyServer.<init>(NettyServer.scala:135)))
Sending msg to client play-fork-run-cca1b538-518d-4952-a0cd-483815ef0270: BackgroundJobLogEvent(29,LogMessage(error,	at play.core.server.NettyServer$$anonfun$mainDev$1.apply(NettyServer.scala:320)))
Sending msg to client play-fork-run-cca1b538-518d-4952-a0cd-483815ef0270: BackgroundJobLogEvent(29,LogMessage(error,	at play.core.server.NettyServer$$anonfun$mainDev$1.apply(NettyServer.scala:318)))
Sending msg to client play-fork-run-cca1b538-518d-4952-a0cd-483815ef0270: BackgroundJobLogEvent(29,LogMessage(error,	at play.utils.Threads$.withContextClassLoader(Threads.scala:21)))
Sending msg to client play-fork-run-cca1b538-518d-4952-a0cd-483815ef0270: BackgroundJobLogEvent(29,LogMessage(error,	at play.core.server.NettyServer$.mainDev(NettyServer.scala:317)))
Sending msg to client play-fork-run-cca1b538-518d-4952-a0cd-483815ef0270: BackgroundJobLogEvent(29,LogMessage(error,	at play.core.server.NettyServer$.mainDevHttpMode(NettyServer.scala:313)))
Sending msg to client play-fork-run-cca1b538-518d-4952-a0cd-483815ef0270: BackgroundJobLogEvent(29,LogMessage(error,	at play.core.server.NettyServer.mainDevHttpMode(NettyServer.scala)))
Sending msg to client play-fork-run-cca1b538-518d-4952-a0cd-483815ef0270: BackgroundJobLogEvent(29,LogMessage(error,	... 19 more))
Sending msg to client play-fork-run-cca1b538-518d-4952-a0cd-483815ef0270: BackgroundJobLogEvent(29,LogMessage(error,Caused by: java.net.BindException: Address already in use: bind))
Sending msg to client play-fork-run-cca1b538-518d-4952-a0cd-483815ef0270: BackgroundJobLogEvent(29,LogMessage(error,	at sun.nio.ch.Net.bind0(Native Method)))
Sending msg to client play-fork-run-cca1b538-518d-4952-a0cd-483815ef0270: BackgroundJobLogEvent(29,LogMessage(error,	at sun.nio.ch.Net.bind(Unknown Source)))
Sending msg to client play-fork-run-cca1b538-518d-4952-a0cd-483815ef0270: BackgroundJobLogEvent(29,LogMessage(error,	at sun.nio.ch.Net.bind(Unknown Source)))
Sending msg to client play-fork-run-cca1b538-518d-4952-a0cd-483815ef0270: BackgroundJobLogEvent(29,LogMessage(error,	at sun.nio.ch.ServerSocketChannelImpl.bind(Unknown Source)))
Sending msg to client play-fork-run-cca1b538-518d-4952-a0cd-483815ef0270: BackgroundJobLogEvent(29,LogMessage(error,	at sun.nio.ch.ServerSocketAdaptor.bind(Unknown Source)))
Sending msg to client play-fork-run-cca1b538-518d-4952-a0cd-483815ef0270: BackgroundJobLogEvent(29,LogMessage(error,	at org.jboss.netty.channel.socket.nio.NioServerBoss$RegisterTask.run(NioServerBoss.java:193)))
Sending msg to client play-fork-run-cca1b538-518d-4952-a0cd-483815ef0270: BackgroundJobLogEvent(29,LogMessage(error,	at org.jboss.netty.channel.socket.nio.AbstractNioSelector.processTaskQueue(AbstractNioSelector.java:372)))
Sending msg to client play-fork-run-cca1b538-518d-4952-a0cd-483815ef0270: BackgroundJobLogEvent(29,LogMessage(error,	at org.jboss.netty.channel.socket.nio.AbstractNioSelector.run(AbstractNioSelector.java:296)))
Sending msg to client play-fork-run-cca1b538-518d-4952-a0cd-483815ef0270: BackgroundJobLogEvent(29,LogMessage(error,	at org.jboss.netty.channel.socket.nio.NioServerBoss.run(NioServerBoss.java:42)))
Sending msg to client play-fork-run-cca1b538-518d-4952-a0cd-483815ef0270: BackgroundJobLogEvent(29,LogMessage(error,	at org.jboss.netty.util.ThreadRenamingRunnable.run(ThreadRenamingRunnable.java:108)))
Sending msg to client play-fork-run-cca1b538-518d-4952-a0cd-483815ef0270: BackgroundJobLogEvent(29,LogMessage(error,	at org.jboss.netty.util.internal.DeadLockProofWorker$1.run(DeadLockProofWorker.java:42)))
Sending msg to client play-fork-run-cca1b538-518d-4952-a0cd-483815ef0270: BackgroundJobLogEvent(29,LogMessage(error,	at java.util.concurrent.ThreadPoolExecutor.runWorker(Unknown Source)))
Sending msg to client play-fork-run-cca1b538-518d-4952-a0cd-483815ef0270: BackgroundJobLogEvent(29,LogMessage(error,	at java.util.concurrent.ThreadPoolExecutor$Worker.run(Unknown Source)))
Sending msg to client play-fork-run-cca1b538-518d-4952-a0cd-483815ef0270: BackgroundJobLogEvent(29,LogMessage(error,	at java.lang.Thread.run(Unknown Source)))
Got request: UnlistenToEvents()
Reading next message from client.
Sending msg to client play-fork-run-cca1b538-518d-4952-a0cd-483815ef0270: (8,ReceivedResponse())
Got request: UnlistenToValue(AttributeKey[play.forkrun.protocol.ForkConfig]("playForkConfig") in Scope(Build: file:/F:/LMU/GCA-Web/, , Project: ProjectReference(file:/F:/LMU/GCA-Web/,GCA-Web)))
Reading next message from client.
Client play-fork-run-cca1b538-518d-4952-a0cd-483815ef0270 EOF, shutting down.
Stopping client.
Client play-fork-run-cca1b538-518d-4952-a0cd-483815ef0270 thread exiting.
Dropping message (9,ReceivedResponse()) to dead client play-fork-run-cca1b538-518d-4952-a0cd-483815ef0270
Dropping message (0,ReceivedResponse()) to dead client play-fork-run-cca1b538-518d-4952-a0cd-483815ef0270
