New log file opened at Thu Jul 09 14:57:45 CEST 2015 by 12140@Shumail-Laptop
Sending msg to client play-fork-run-d3d5e657-753a-451d-a54b-1ddbae33db38: DetachedLogEvent(LogMessage(debug,sbt server socket logs are in: F:\LMU\GCA-Web\.sbtserver\connections\master.log))
Sending msg to client play-fork-run-d3d5e657-753a-451d-a54b-1ddbae33db38: DetachedLogEvent(LogMessage(debug,sbt general server logs are in: F:\LMU\GCA-Web\.sbtserver\master.log))
Sending msg to client play-fork-run-d3d5e657-753a-451d-a54b-1ddbae33db38: DetachedLogEvent(LogMessage(debug,sbt client logs are in: F:\LMU\GCA-Web\.sbtserver\connections\play-fork-run-d3d5e657-753a-451d-a54b-1ddbae33db38.log))
Reading next message from client.
Got request: DaemonRequest(true)
Reading next message from client.
Sending msg to client play-fork-run-d3d5e657-753a-451d-a54b-1ddbae33db38: (3,ReceivedResponse())
Got request: ListenToEvents()
Reading next message from client.
Sending msg to client play-fork-run-d3d5e657-753a-451d-a54b-1ddbae33db38: ExecutionWaiting(228,compile,ClientInfo(308a4040-ddd5-4d64-805d-557b9bdb99f8,activator,Activator,3,Vector()))
Sending msg to client play-fork-run-d3d5e657-753a-451d-a54b-1ddbae33db38: ExecutionStarting(228)
Sending msg to client play-fork-run-d3d5e657-753a-451d-a54b-1ddbae33db38: TaskStarted(228,18343,Some(AttributeKey[sbt.compiler.IC$Result]("compileIncremental") in Scope(Build: file:/F:/LMU/GCA-Web/, , Project: ProjectReference(file:/F:/LMU/GCA-Web/,GCA-Web), Config: compile)))
Sending msg to client play-fork-run-d3d5e657-753a-451d-a54b-1ddbae33db38: ExecutionWaiting(229,compile,ClientInfo(308a4040-ddd5-4d64-805d-557b9bdb99f8,activator,Activator,3,Vector()))
Sending msg to client play-fork-run-d3d5e657-753a-451d-a54b-1ddbae33db38: BackgroundJobStarted(227,BackgroundJobInfo(26,backgroundRun,AttributeKey[sbt.BackgroundJobHandle]("backgroundRun") in Scope(Build: file:/F:/LMU/GCA-Web/, , Project: ProjectReference(file:/F:/LMU/GCA-Web/,GCA-Web), Config: compile)))
Sending msg to client play-fork-run-d3d5e657-753a-451d-a54b-1ddbae33db38: BackgroundJobStarted(221,BackgroundJobInfo(25,backgroundRun,AttributeKey[sbt.BackgroundJobHandle]("backgroundRun") in Scope(Build: file:/F:/LMU/GCA-Web/, , Project: ProjectReference(file:/F:/LMU/GCA-Web/,GCA-Web), Config: compile)))
Sending msg to client play-fork-run-d3d5e657-753a-451d-a54b-1ddbae33db38: (4,ReceivedResponse())
Got request: KeyLookupRequest(GCA-Web/playForkConfig)
Reading next message from client.
Sending msg to client play-fork-run-d3d5e657-753a-451d-a54b-1ddbae33db38: (5,KeyLookupResponse(GCA-Web/playForkConfig,Vector(AttributeKey[play.forkrun.protocol.ForkConfig]("playForkConfig") in Scope(Build: file:/F:/LMU/GCA-Web/, , Project: ProjectReference(file:/F:/LMU/GCA-Web/,GCA-Web)))))
Got request: ListenToValue(AttributeKey[play.forkrun.protocol.ForkConfig]("playForkConfig") in Scope(Build: file:/F:/LMU/GCA-Web/, , Project: ProjectReference(file:/F:/LMU/GCA-Web/,GCA-Web)))
Reading next message from client.
Sending msg to client play-fork-run-d3d5e657-753a-451d-a54b-1ddbae33db38: (6,ReceivedResponse())
Got request: KeyExecutionRequest(AttributeKey[play.forkrun.protocol.ForkConfig]("playForkConfig") in Scope(Build: file:/F:/LMU/GCA-Web/, , Project: ProjectReference(file:/F:/LMU/GCA-Web/,GCA-Web)))
Reading next message from client.
Sending msg to client play-fork-run-d3d5e657-753a-451d-a54b-1ddbae33db38: (7,ExecutionRequestReceived(230))
Sending msg to client play-fork-run-d3d5e657-753a-451d-a54b-1ddbae33db38: ExecutionWaiting(230,{file:/F:/LMU/GCA-Web/}GCA-Web/*:playForkConfig,ClientInfo(d3d5e657-753a-451d-a54b-1ddbae33db38,play-fork-run,Play Fork Run,1,Vector()))
Sending msg to client play-fork-run-d3d5e657-753a-451d-a54b-1ddbae33db38: TaskLogEvent(18343,LogMessage(debug,Scala compilation took 1.31726502 s))
Sending msg to client play-fork-run-d3d5e657-753a-451d-a54b-1ddbae33db38: TaskLogEvent(18343,LogMessage(debug,New invalidations:
	Set()))
Sending msg to client play-fork-run-d3d5e657-753a-451d-a54b-1ddbae33db38: TaskLogEvent(18343,LogMessage(debug,Initial set of included nodes: Set()))
Sending msg to client play-fork-run-d3d5e657-753a-451d-a54b-1ddbae33db38: TaskLogEvent(18343,LogMessage(debug,Previously invalidated, but (transitively) depend on new invalidations:
	Set()))
Sending msg to client play-fork-run-d3d5e657-753a-451d-a54b-1ddbae33db38: TaskLogEvent(18343,LogMessage(debug,All newly invalidated sources after taking into account (previously) recompiled sources:Set()))
Sending msg to client play-fork-run-d3d5e657-753a-451d-a54b-1ddbae33db38: TaskFinished(228,18343,Some(AttributeKey[sbt.compiler.IC$Result]("compileIncremental") in Scope(Build: file:/F:/LMU/GCA-Web/, , Project: ProjectReference(file:/F:/LMU/GCA-Web/,GCA-Web), Config: compile)),true,None)
Sending msg to client play-fork-run-d3d5e657-753a-451d-a54b-1ddbae33db38: TaskStarted(228,18342,Some(AttributeKey[sbt.compiler.IC$Result]("manipulateBytecode") in Scope(Build: file:/F:/LMU/GCA-Web/, , Project: ProjectReference(file:/F:/LMU/GCA-Web/,GCA-Web), Config: compile)))
Sending msg to client play-fork-run-d3d5e657-753a-451d-a54b-1ddbae33db38: TaskFinished(228,18342,Some(AttributeKey[sbt.compiler.IC$Result]("manipulateBytecode") in Scope(Build: file:/F:/LMU/GCA-Web/, , Project: ProjectReference(file:/F:/LMU/GCA-Web/,GCA-Web), Config: compile)),true,None)
Sending msg to client play-fork-run-d3d5e657-753a-451d-a54b-1ddbae33db38: TaskStarted(228,18341,Some(AttributeKey[sbt.inc.Analysis]("compile") in Scope(Build: file:/F:/LMU/GCA-Web/, , Project: ProjectReference(file:/F:/LMU/GCA-Web/,GCA-Web), Config: compile)))
Sending msg to client play-fork-run-d3d5e657-753a-451d-a54b-1ddbae33db38: TaskFinished(228,18341,Some(AttributeKey[sbt.inc.Analysis]("compile") in Scope(Build: file:/F:/LMU/GCA-Web/, , Project: ProjectReference(file:/F:/LMU/GCA-Web/,GCA-Web), Config: compile)),true,None)
Sending msg to client play-fork-run-d3d5e657-753a-451d-a54b-1ddbae33db38: TaskStarted(228,18253,Some(AttributeKey[sbt.inc.Analysis]("compile") in Scope(Build: file:/F:/LMU/GCA-Web/, , Project: ProjectReference(file:/F:/LMU/GCA-Web/,GCA-Web), Config: compile)))
Sending msg to client play-fork-run-d3d5e657-753a-451d-a54b-1ddbae33db38: TaskFinished(228,18253,Some(AttributeKey[sbt.inc.Analysis]("compile") in Scope(Build: file:/F:/LMU/GCA-Web/, , Project: ProjectReference(file:/F:/LMU/GCA-Web/,GCA-Web), Config: compile)),true,None)
Sending msg to client play-fork-run-d3d5e657-753a-451d-a54b-1ddbae33db38: TaskStarted(228,18252,None)
Sending msg to client play-fork-run-d3d5e657-753a-451d-a54b-1ddbae33db38: TaskStarted(228,18368,Some(AttributeKey[scala.collection.Seq[java.lang.String]]("discoveredMainClasses") in Scope(Build: file:/F:/LMU/GCA-Web/, , Project: ProjectReference(file:/F:/LMU/GCA-Web/,GCA-Web), Config: compile)))
Sending msg to client play-fork-run-d3d5e657-753a-451d-a54b-1ddbae33db38: TaskFinished(228,18252,None,true,None)
Sending msg to client play-fork-run-d3d5e657-753a-451d-a54b-1ddbae33db38: TaskStarted(228,18251,None)
Sending msg to client play-fork-run-d3d5e657-753a-451d-a54b-1ddbae33db38: TaskFinished(228,18251,None,true,None)
Sending msg to client play-fork-run-d3d5e657-753a-451d-a54b-1ddbae33db38: TaskFinished(228,18368,Some(AttributeKey[scala.collection.Seq[java.lang.String]]("discoveredMainClasses") in Scope(Build: file:/F:/LMU/GCA-Web/, , Project: ProjectReference(file:/F:/LMU/GCA-Web/,GCA-Web), Config: compile)),true,None)
Sending msg to client play-fork-run-d3d5e657-753a-451d-a54b-1ddbae33db38: DetachedLogEvent(LogMessage(debug,cancel strategy finish enabled=false lastCommand=Some(LastCommand(CommandExecutionWork(ExecutionId(228),compile,Set(LiveClient(activator 308a4040-ddd5-4d64-805d-557b9bdb99f8)),sbt.server.WorkCancellationStatus$$anon$1@1a2aaab5)))))
Sending msg to client play-fork-run-d3d5e657-753a-451d-a54b-1ddbae33db38: DetachedLogEvent(LogSuccess(Total time: 3 s, completed Jul 9, 2015 2:57:46 PM))
Sending msg to client play-fork-run-d3d5e657-753a-451d-a54b-1ddbae33db38: DetachedLogEvent(LogMessage(debug,> server-post-command-cleanup))
Sending msg to client play-fork-run-d3d5e657-753a-451d-a54b-1ddbae33db38: ExecutionSuccess(228)
Sending msg to client play-fork-run-d3d5e657-753a-451d-a54b-1ddbae33db38: DetachedLogEvent(LogMessage(debug,> server-handle-next-server-request))
Sending msg to client play-fork-run-d3d5e657-753a-451d-a54b-1ddbae33db38: ExecutionStarting(229)
Sending msg to client play-fork-run-d3d5e657-753a-451d-a54b-1ddbae33db38: DetachedLogEvent(LogMessage(debug,> compile))
Sending msg to client play-fork-run-d3d5e657-753a-451d-a54b-1ddbae33db38: DetachedLogEvent(LogMessage(debug,Evaluating tasks: compile:compile))
Sending msg to client play-fork-run-d3d5e657-753a-451d-a54b-1ddbae33db38: DetachedLogEvent(LogMessage(debug,Running task... Cancel: sbt.server.ServerTaskCancellation@67ee5f76, check cycles: false))
Sending msg to client play-fork-run-d3d5e657-753a-451d-a54b-1ddbae33db38: DetachedLogEvent(LogMessage(debug,cancel strategy start enabled=true lastCommand=Some(LastCommand(CommandExecutionWork(ExecutionId(229),compile,Set(LiveClient(activator 308a4040-ddd5-4d64-805d-557b9bdb99f8)),sbt.server.WorkCancellationStatus$$anon$1@3108cc6e)))))
Sending msg to client play-fork-run-d3d5e657-753a-451d-a54b-1ddbae33db38: TaskStarted(229,18383,None)
Sending msg to client play-fork-run-d3d5e657-753a-451d-a54b-1ddbae33db38: TaskStarted(229,18384,None)
Sending msg to client play-fork-run-d3d5e657-753a-451d-a54b-1ddbae33db38: TaskStarted(229,18387,None)
Sending msg to client play-fork-run-d3d5e657-753a-451d-a54b-1ddbae33db38: TaskStarted(229,18388,None)
Sending msg to client play-fork-run-d3d5e657-753a-451d-a54b-1ddbae33db38: TaskStarted(229,18392,None)
Sending msg to client play-fork-run-d3d5e657-753a-451d-a54b-1ddbae33db38: TaskStarted(229,18393,Some(AttributeKey[java.lang.String]("updateCacheName") in Scope(Build: file:/F:/LMU/GCA-Web/, , Project: ProjectReference(file:/F:/LMU/GCA-Web/,GCA-Web))))
Sending msg to client play-fork-run-d3d5e657-753a-451d-a54b-1ddbae33db38: TaskStarted(229,18402,Some(AttributeKey[scala.collection.Seq[sbt.Resolver]]("externalResolvers") in Scope(Build: file:/F:/LMU/GCA-Web/, , Project: ProjectReference(file:/F:/LMU/GCA-Web/,GCA-Web))))
Sending msg to client play-fork-run-d3d5e657-753a-451d-a54b-1ddbae33db38: TaskStarted(229,18403,Some(AttributeKey[scala.Option[scala.collection.Seq[sbt.Resolver]]]("bootResolvers") in Scope(Build: file:/F:/LMU/GCA-Web/, , Project: ProjectReference(file:/F:/LMU/GCA-Web/,GCA-Web))))
Sending msg to client play-fork-run-d3d5e657-753a-451d-a54b-1ddbae33db38: TaskStarted(229,18408,Some(AttributeKey[scala.collection.Seq[sbt.Credentials]]("credentials") in Scope(Global)))
Sending msg to client play-fork-run-d3d5e657-753a-451d-a54b-1ddbae33db38: TaskStarted(229,18409,Some(AttributeKey[boolean]("skip") in Scope(Global)))
Sending msg to client play-fork-run-d3d5e657-753a-451d-a54b-1ddbae33db38: TaskStarted(229,18411,None)
Sending msg to client play-fork-run-d3d5e657-753a-451d-a54b-1ddbae33db38: TaskStarted(229,18413,None)
Sending msg to client play-fork-run-d3d5e657-753a-451d-a54b-1ddbae33db38: TaskStarted(229,18425,Some(AttributeKey[scala.collection.Seq[java.lang.String]]("javacOptions") in Scope(Global)))
Sending msg to client play-fork-run-d3d5e657-753a-451d-a54b-1ddbae33db38: TaskStarted(229,18426,None)
Sending msg to client play-fork-run-d3d5e657-753a-451d-a54b-1ddbae33db38: TaskStarted(229,18430,None)
Sending msg to client play-fork-run-d3d5e657-753a-451d-a54b-1ddbae33db38: TaskStarted(229,18431,Some(AttributeKey[scala.collection.Seq[java.lang.String]]("scalacOptions") in Scope(Global)))
Sending msg to client play-fork-run-d3d5e657-753a-451d-a54b-1ddbae33db38: ExecutionWaiting(231,jobStop 25,ClientInfo(308a4040-ddd5-4d64-805d-557b9bdb99f8,activator,Activator,3,Vector()))
Sending msg to client play-fork-run-d3d5e657-753a-451d-a54b-1ddbae33db38: TaskStarted(229,18441,Some(AttributeKey[scala.collection.Seq[java.io.File]]("unmanagedSources") in Scope(Build: file:/F:/LMU/GCA-Web/, , Project: ProjectReference(file:/F:/LMU/GCA-Web/,GCA-Web), Config: compile)))
Sending msg to client play-fork-run-d3d5e657-753a-451d-a54b-1ddbae33db38: TaskStarted(229,18444,Some(AttributeKey[scala.collection.Seq[scala.Function1[xsbti.Position,scala.Option[xsbti.Position]]]]("sourcePositionMappers") in Scope(Global)))
Sending msg to client play-fork-run-d3d5e657-753a-451d-a54b-1ddbae33db38: TaskStarted(229,18446,None)
Sending msg to client play-fork-run-d3d5e657-753a-451d-a54b-1ddbae33db38: TaskStarted(229,18451,Some(AttributeKey[sbt.inc.IncOptions]("incOptions") in Scope(Global)))
Sending msg to client play-fork-run-d3d5e657-753a-451d-a54b-1ddbae33db38: TaskStarted(229,18452,Some(AttributeKey[java.lang.String]("compileAnalysisFilename") in Scope(Build: file:/F:/LMU/GCA-Web/, , Project: ProjectReference(file:/F:/LMU/GCA-Web/,GCA-Web), Config: compile)))
Sending msg to client play-fork-run-d3d5e657-753a-451d-a54b-1ddbae33db38: TaskStarted(229,18454,Some(AttributeKey[scala.Function1[java.io.File,scala.Function1[java.lang.String,boolean]]]("definesClass") in Scope(Global)))
Sending msg to client play-fork-run-d3d5e657-753a-451d-a54b-1ddbae33db38: ExecutionWaiting(232,jobStop 26,ClientInfo(308a4040-ddd5-4d64-805d-557b9bdb99f8,activator,Activator,3,Vector()))
Sending msg to client play-fork-run-d3d5e657-753a-451d-a54b-1ddbae33db38: TaskStarted(229,18458,None)
Sending msg to client play-fork-run-d3d5e657-753a-451d-a54b-1ddbae33db38: DetachedLogEvent(LogMessage(debug,cancel strategy cancel() with enabled=true lastCommand=Some(LastCommand(CommandExecutionWork(ExecutionId(229),compile,Set(LiveClient(activator 308a4040-ddd5-4d64-805d-557b9bdb99f8)),sbt.server.WorkCancellationStatus$$anon$1@3108cc6e)))))
Sending msg to client play-fork-run-d3d5e657-753a-451d-a54b-1ddbae33db38: TaskLogEvent(18441,LogStdOut())
Sending msg to client play-fork-run-d3d5e657-753a-451d-a54b-1ddbae33db38: TaskLogEvent(18441,LogMessage(warn,Canceling execution...))
Sending msg to client play-fork-run-d3d5e657-753a-451d-a54b-1ddbae33db38: TaskStarted(229,18463,Some(AttributeKey[sbt.SendEventService]("sendEventService") in Scope(Global)))
Sending msg to client play-fork-run-d3d5e657-753a-451d-a54b-1ddbae33db38: DetachedLogEvent(LogMessage(debug,cancel strategy finish enabled=false lastCommand=Some(LastCommand(CommandExecutionWork(ExecutionId(229),compile,Set(LiveClient(activator 308a4040-ddd5-4d64-805d-557b9bdb99f8)),sbt.server.WorkCancellationStatus$$anon$1@3108cc6e)))))
Sending msg to client play-fork-run-d3d5e657-753a-451d-a54b-1ddbae33db38: TaskLogEvent(18441,LogTrace(RejectedExecutionException,Task java.util.concurrent.ExecutorCompletionService$QueueingFuture@7084ecac rejected from java.util.concurrent.ThreadPoolExecutor@4d84b6e3[Shutting down, pool size = 1, active threads = 1, queued tasks = 0, completed tasks = 22]))
Sending msg to client play-fork-run-d3d5e657-753a-451d-a54b-1ddbae33db38: TaskLogEvent(18441,LogMessage(error,java.util.concurrent.RejectedExecutionException: Task java.util.concurrent.ExecutorCompletionService$QueueingFuture@7084ecac rejected from java.util.concurrent.ThreadPoolExecutor@4d84b6e3[Shutting down, pool size = 1, active threads = 1, queued tasks = 0, completed tasks = 22]))
Sending msg to client play-fork-run-d3d5e657-753a-451d-a54b-1ddbae33db38: TaskLogEvent(18441,LogMessage(error,Use 'last' for the full log.))
Sending msg to client play-fork-run-d3d5e657-753a-451d-a54b-1ddbae33db38: TaskLogEvent(18441,LogMessage(debug,> server-post-command-error-handler))
Sending msg to client play-fork-run-d3d5e657-753a-451d-a54b-1ddbae33db38: ExecutionFailure(229)
Sending msg to client play-fork-run-d3d5e657-753a-451d-a54b-1ddbae33db38: TaskLogEvent(18441,LogMessage(debug,> server-post-command-cleanup))
Sending msg to client play-fork-run-d3d5e657-753a-451d-a54b-1ddbae33db38: DetachedLogEvent(LogMessage(debug,> server-handle-next-server-request))
Sending msg to client play-fork-run-d3d5e657-753a-451d-a54b-1ddbae33db38: ExecutionStarting(230)
Sending msg to client play-fork-run-d3d5e657-753a-451d-a54b-1ddbae33db38: DetachedLogEvent(LogMessage(debug,> {file:/F:/LMU/GCA-Web/}GCA-Web/*:playForkConfig))
Sending msg to client play-fork-run-d3d5e657-753a-451d-a54b-1ddbae33db38: BackgroundJobLogEvent(26,LogMessage(warn,Canceling execution...))
Sending msg to client play-fork-run-d3d5e657-753a-451d-a54b-1ddbae33db38: DetachedLogEvent(LogMessage(debug,Evaluating tasks: *:playForkConfig))
Sending msg to client play-fork-run-d3d5e657-753a-451d-a54b-1ddbae33db38: DetachedLogEvent(LogMessage(debug,Running task... Cancel: sbt.server.ServerTaskCancellation@521cb3cd, check cycles: false))
Sending msg to client play-fork-run-d3d5e657-753a-451d-a54b-1ddbae33db38: DetachedLogEvent(LogMessage(debug,cancel strategy start enabled=true lastCommand=Some(LastCommand(CommandExecutionWork(ExecutionId(230),{file:/F:/LMU/GCA-Web/}GCA-Web/*:playForkConfig,Set(LiveClient(play-fork-run d3d5e657-753a-451d-a54b-1ddbae33db38)),sbt.server.WorkCancellationStatus$$anon$1@71b8f95c)))))
Sending msg to client play-fork-run-d3d5e657-753a-451d-a54b-1ddbae33db38: DetachedLogEvent(LogMessage(debug,cancel strategy cancel() with enabled=true lastCommand=Some(LastCommand(CommandExecutionWork(ExecutionId(230),{file:/F:/LMU/GCA-Web/}GCA-Web/*:playForkConfig,Set(LiveClient(play-fork-run d3d5e657-753a-451d-a54b-1ddbae33db38)),sbt.server.WorkCancellationStatus$$anon$1@71b8f95c)))))
Sending msg to client play-fork-run-d3d5e657-753a-451d-a54b-1ddbae33db38: DetachedLogEvent(LogStdOut())
Sending msg to client play-fork-run-d3d5e657-753a-451d-a54b-1ddbae33db38: DetachedLogEvent(LogMessage(warn,Canceling execution...))
Sending msg to client play-fork-run-d3d5e657-753a-451d-a54b-1ddbae33db38: DetachedLogEvent(LogMessage(debug,cancel strategy finish enabled=false lastCommand=Some(LastCommand(CommandExecutionWork(ExecutionId(230),{file:/F:/LMU/GCA-Web/}GCA-Web/*:playForkConfig,Set(LiveClient(play-fork-run d3d5e657-753a-451d-a54b-1ddbae33db38)),sbt.server.WorkCancellationStatus$$anon$1@71b8f95c)))))
Sending msg to client play-fork-run-d3d5e657-753a-451d-a54b-1ddbae33db38: DetachedLogEvent(LogTrace(RuntimeException,registered more than once? state))
Sending msg to client play-fork-run-d3d5e657-753a-451d-a54b-1ddbae33db38: DetachedLogEvent(LogMessage(error,registered more than once? state))
Sending msg to client play-fork-run-d3d5e657-753a-451d-a54b-1ddbae33db38: DetachedLogEvent(LogMessage(error,Use 'last' for the full log.))
Sending msg to client play-fork-run-d3d5e657-753a-451d-a54b-1ddbae33db38: BackgroundJobLogEvent(26,LogMessage(error,java.util.concurrent.RejectedExecutionException: Task java.util.concurrent.ExecutorCompletionService$QueueingFuture@7084ecac rejected from java.util.concurrent.ThreadPoolExecutor@4d84b6e3[Shutting down, pool size = 1, active threads = 1, queued tasks = 0, completed tasks = 22]))
Sending msg to client play-fork-run-d3d5e657-753a-451d-a54b-1ddbae33db38: DetachedLogEvent(LogMessage(debug,> server-post-command-error-handler))
Sending msg to client play-fork-run-d3d5e657-753a-451d-a54b-1ddbae33db38: BackgroundJobLogEvent(26,LogMessage(error,Use 'last' for the full log.))
Sending msg to client play-fork-run-d3d5e657-753a-451d-a54b-1ddbae33db38: ExecutionFailure(230)
Sending msg to client play-fork-run-d3d5e657-753a-451d-a54b-1ddbae33db38: DetachedLogEvent(LogMessage(debug,> server-post-command-cleanup))
Sending msg to client play-fork-run-d3d5e657-753a-451d-a54b-1ddbae33db38: DetachedLogEvent(LogMessage(debug,> server-handle-next-server-request))
Sending msg to client play-fork-run-d3d5e657-753a-451d-a54b-1ddbae33db38: ExecutionStarting(231)
Sending msg to client play-fork-run-d3d5e657-753a-451d-a54b-1ddbae33db38: DetachedLogEvent(LogMessage(debug,> jobStop 25))
Sending msg to client play-fork-run-d3d5e657-753a-451d-a54b-1ddbae33db38: DetachedLogEvent(LogMessage(debug,Evaluating tasks: *:jobStop))
Sending msg to client play-fork-run-d3d5e657-753a-451d-a54b-1ddbae33db38: DetachedLogEvent(LogMessage(debug,Running task... Cancel: sbt.server.ServerTaskCancellation@1daab01f, check cycles: false))
Sending msg to client play-fork-run-d3d5e657-753a-451d-a54b-1ddbae33db38: DetachedLogEvent(LogMessage(debug,cancel strategy start enabled=true lastCommand=Some(LastCommand(CommandExecutionWork(ExecutionId(231),jobStop 25,Set(LiveClient(activator 308a4040-ddd5-4d64-805d-557b9bdb99f8)),sbt.server.WorkCancellationStatus$$anon$1@7b875356)))))
Sending msg to client play-fork-run-d3d5e657-753a-451d-a54b-1ddbae33db38: TaskStarted(231,18470,Some(AttributeKey[void]("jobStop") in Scope(Global)))
Sending msg to client play-fork-run-d3d5e657-753a-451d-a54b-1ddbae33db38: TaskFinished(231,18470,Some(AttributeKey[void]("jobStop") in Scope(Global)),true,None)
Sending msg to client play-fork-run-d3d5e657-753a-451d-a54b-1ddbae33db38: BackgroundJobFinished(221,25)
Sending msg to client play-fork-run-d3d5e657-753a-451d-a54b-1ddbae33db38: TaskStarted(231,18469,None)
Sending msg to client play-fork-run-d3d5e657-753a-451d-a54b-1ddbae33db38: DetachedLogEvent(LogStdErr(Exception in thread "sbt-bg-threads-24" java.lang.Error: java.lang.InterruptedException: sleep interrupted))
Sending msg to client play-fork-run-d3d5e657-753a-451d-a54b-1ddbae33db38: DetachedLogEvent(LogStdErr(	at java.util.concurrent.ThreadPoolExecutor.runWorker(Unknown Source)))
Sending msg to client play-fork-run-d3d5e657-753a-451d-a54b-1ddbae33db38: DetachedLogEvent(LogStdErr(	at java.util.concurrent.ThreadPoolExecutor$Worker.run(Unknown Source)))
Sending msg to client play-fork-run-d3d5e657-753a-451d-a54b-1ddbae33db38: DetachedLogEvent(LogStdErr(	at java.lang.Thread.run(Unknown Source)))
Sending msg to client play-fork-run-d3d5e657-753a-451d-a54b-1ddbae33db38: DetachedLogEvent(LogStdErr(Caused by: java.lang.InterruptedException: sleep interrupted))
Sending msg to client play-fork-run-d3d5e657-753a-451d-a54b-1ddbae33db38: DetachedLogEvent(LogStdErr(	at java.lang.Thread.sleep(Native Method)))
Sending msg to client play-fork-run-d3d5e657-753a-451d-a54b-1ddbae33db38: DetachedLogEvent(LogStdErr(	at play.sbt.forkrun.PlayForkProcess$.timedWaitFor$1(PlayForkProcess.scala:57)))
Sending msg to client play-fork-run-d3d5e657-753a-451d-a54b-1ddbae33db38: DetachedLogEvent(LogStdErr(	at play.sbt.forkrun.PlayForkProcess$.play$sbt$forkrun$PlayForkProcess$$stop$1(PlayForkProcess.scala:64)))
Sending msg to client play-fork-run-d3d5e657-753a-451d-a54b-1ddbae33db38: DetachedLogEvent(LogStdErr(	at play.sbt.forkrun.PlayForkProcess$.run(PlayForkProcess.scala:82)))
Sending msg to client play-fork-run-d3d5e657-753a-451d-a54b-1ddbae33db38: DetachedLogEvent(LogStdErr(	at play.sbt.forkrun.PlayForkProcess$.apply(PlayForkProcess.scala:34)))
Sending msg to client play-fork-run-d3d5e657-753a-451d-a54b-1ddbae33db38: DetachedLogEvent(LogStdErr(	at play.sbt.forkrun.PlayForkRun$$anonfun$backgroundForkRunTask$1$$anonfun$apply$7$$anonfun$apply$8$$anonfun$apply$9.apply(PlayForkRun.scala:108)))
Sending msg to client play-fork-run-d3d5e657-753a-451d-a54b-1ddbae33db38: DetachedLogEvent(LogStdErr(	at play.sbt.forkrun.PlayForkRun$$anonfun$backgroundForkRunTask$1$$anonfun$apply$7$$anonfun$apply$8$$anonfun$apply$9.apply(PlayForkRun.scala:107)))
Sending msg to client play-fork-run-d3d5e657-753a-451d-a54b-1ddbae33db38: DetachedLogEvent(LogStdErr(	at sbt.BackgroundThreadPool$$anonfun$1.apply$mcV$sp(AbstractBackgroundJobService.scala:134)))
Sending msg to client play-fork-run-d3d5e657-753a-451d-a54b-1ddbae33db38: DetachedLogEvent(LogStdErr(	at sbt.BackgroundThreadPool$BackgroundRunnable.run(AbstractBackgroundJobService.scala:68)))
Sending msg to client play-fork-run-d3d5e657-753a-451d-a54b-1ddbae33db38: DetachedLogEvent(LogStdErr(	... 3 more))
Sending msg to client play-fork-run-d3d5e657-753a-451d-a54b-1ddbae33db38: TaskFinished(231,18469,None,true,None)
Sending msg to client play-fork-run-d3d5e657-753a-451d-a54b-1ddbae33db38: TaskStarted(231,18468,None)
Sending msg to client play-fork-run-d3d5e657-753a-451d-a54b-1ddbae33db38: TaskFinished(231,18468,None,true,None)
Sending msg to client play-fork-run-d3d5e657-753a-451d-a54b-1ddbae33db38: DetachedLogEvent(LogMessage(debug,cancel strategy finish enabled=false lastCommand=Some(LastCommand(CommandExecutionWork(ExecutionId(231),jobStop 25,Set(LiveClient(activator 308a4040-ddd5-4d64-805d-557b9bdb99f8)),sbt.server.WorkCancellationStatus$$anon$1@7b875356)))))
Sending msg to client play-fork-run-d3d5e657-753a-451d-a54b-1ddbae33db38: DetachedLogEvent(LogSuccess(Total time: 0 s, completed Jul 9, 2015 2:57:46 PM))
Sending msg to client play-fork-run-d3d5e657-753a-451d-a54b-1ddbae33db38: DetachedLogEvent(LogMessage(debug,> server-post-command-cleanup))
Sending msg to client play-fork-run-d3d5e657-753a-451d-a54b-1ddbae33db38: ExecutionSuccess(231)
Sending msg to client play-fork-run-d3d5e657-753a-451d-a54b-1ddbae33db38: DetachedLogEvent(LogMessage(debug,> server-handle-next-server-request))
Sending msg to client play-fork-run-d3d5e657-753a-451d-a54b-1ddbae33db38: ExecutionStarting(232)
Sending msg to client play-fork-run-d3d5e657-753a-451d-a54b-1ddbae33db38: DetachedLogEvent(LogMessage(debug,> jobStop 26))
Sending msg to client play-fork-run-d3d5e657-753a-451d-a54b-1ddbae33db38: DetachedLogEvent(LogMessage(debug,Evaluating tasks: *:jobStop))
Sending msg to client play-fork-run-d3d5e657-753a-451d-a54b-1ddbae33db38: DetachedLogEvent(LogMessage(debug,Running task... Cancel: sbt.server.ServerTaskCancellation@7b1e0ef0, check cycles: false))
Sending msg to client play-fork-run-d3d5e657-753a-451d-a54b-1ddbae33db38: DetachedLogEvent(LogMessage(debug,cancel strategy start enabled=true lastCommand=Some(LastCommand(CommandExecutionWork(ExecutionId(232),jobStop 26,Set(LiveClient(activator 308a4040-ddd5-4d64-805d-557b9bdb99f8)),sbt.server.WorkCancellationStatus$$anon$1@26f7085d)))))
Sending msg to client play-fork-run-d3d5e657-753a-451d-a54b-1ddbae33db38: TaskStarted(232,18473,Some(AttributeKey[void]("jobStop") in Scope(Global)))
Sending msg to client play-fork-run-d3d5e657-753a-451d-a54b-1ddbae33db38: TaskFinished(232,18473,Some(AttributeKey[void]("jobStop") in Scope(Global)),true,None)
Sending msg to client play-fork-run-d3d5e657-753a-451d-a54b-1ddbae33db38: TaskStarted(232,18472,None)
Sending msg to client play-fork-run-d3d5e657-753a-451d-a54b-1ddbae33db38: TaskFinished(232,18472,None,true,None)
Sending msg to client play-fork-run-d3d5e657-753a-451d-a54b-1ddbae33db38: TaskStarted(232,18471,None)
Sending msg to client play-fork-run-d3d5e657-753a-451d-a54b-1ddbae33db38: BackgroundJobLogEvent(26,LogMessage(info,Stopping Play fork run ...))
Sending msg to client play-fork-run-d3d5e657-753a-451d-a54b-1ddbae33db38: TaskFinished(232,18471,None,true,None)
Sending msg to client play-fork-run-d3d5e657-753a-451d-a54b-1ddbae33db38: DetachedLogEvent(LogMessage(debug,cancel strategy finish enabled=false lastCommand=Some(LastCommand(CommandExecutionWork(ExecutionId(232),jobStop 26,Set(LiveClient(activator 308a4040-ddd5-4d64-805d-557b9bdb99f8)),sbt.server.WorkCancellationStatus$$anon$1@26f7085d)))))
Sending msg to client play-fork-run-d3d5e657-753a-451d-a54b-1ddbae33db38: DetachedLogEvent(LogSuccess(Total time: 0 s, completed Jul 9, 2015 2:57:46 PM))
Sending msg to client play-fork-run-d3d5e657-753a-451d-a54b-1ddbae33db38: DetachedLogEvent(LogMessage(debug,> server-post-command-cleanup))
Sending msg to client play-fork-run-d3d5e657-753a-451d-a54b-1ddbae33db38: ExecutionSuccess(232)
Sending msg to client play-fork-run-d3d5e657-753a-451d-a54b-1ddbae33db38: DetachedLogEvent(LogMessage(debug,> server-handle-next-server-request))
Got request: UnlistenToEvents()
Reading next message from client.
Sending msg to client play-fork-run-d3d5e657-753a-451d-a54b-1ddbae33db38: (8,ReceivedResponse())
Got request: UnlistenToValue(AttributeKey[play.forkrun.protocol.ForkConfig]("playForkConfig") in Scope(Build: file:/F:/LMU/GCA-Web/, , Project: ProjectReference(file:/F:/LMU/GCA-Web/,GCA-Web)))
Reading next message from client.
Client play-fork-run-d3d5e657-753a-451d-a54b-1ddbae33db38 EOF, shutting down.
Stopping client.
Client play-fork-run-d3d5e657-753a-451d-a54b-1ddbae33db38 thread exiting.
Dropping message (9,ReceivedResponse()) to dead client play-fork-run-d3d5e657-753a-451d-a54b-1ddbae33db38
Dropping message (0,ReceivedResponse()) to dead client play-fork-run-d3d5e657-753a-451d-a54b-1ddbae33db38
